<?xml version="1.0" encoding="UTF-8"?>
<robot generator="Robot 6.1.1 (Python 3.10.0 on win32)" generated="20240517 02:48:08.698" rpa="false" schemaversion="4">
<suite id="s1" name="Test Social Url" source="D:\CURRENT_SEMESTER\Auto Testing\Auto test - CK\AutomationTestStore\tests\test_social_url.robot">
<test id="s1-t1" name="TC - Verify header link - Facebook" line="19">
<kw name="Opening my browser" library="common" type="SETUP">
<kw name="Open Browser" library="SeleniumLibrary">
<arg>${URL_HOME}</arg>
<arg>${BROWSER}</arg>
<doc>Opens a new browser instance to the optional ``url``.</doc>
<msg timestamp="20240517 02:48:09.126" level="INFO">Opening browser 'Chrome' to base url 'https://automationteststore.com/'.</msg>
<status status="PASS" starttime="20240517 02:48:09.125" endtime="20240517 02:48:16.628"/>
</kw>
<kw name="Location Should Be" library="SeleniumLibrary">
<arg>${URL_HOME}</arg>
<doc>Verifies that the current URL is exactly ``url``.</doc>
<msg timestamp="20240517 02:48:16.643" level="INFO">Current location is 'https://automationteststore.com/'.</msg>
<status status="PASS" starttime="20240517 02:48:16.629" endtime="20240517 02:48:16.643"/>
</kw>
<kw name="Maximize Browser Window" library="SeleniumLibrary">
<doc>Maximizes current browser window.</doc>
<status status="PASS" starttime="20240517 02:48:16.644" endtime="20240517 02:48:16.698"/>
</kw>
<status status="PASS" starttime="20240517 02:48:09.125" endtime="20240517 02:48:16.698"/>
</kw>
<kw name="Scroll Element Into View" library="SeleniumLibrary">
<arg>locator=${head_fb}</arg>
<doc>Scrolls the element identified by ``locator`` into view.</doc>
<status status="PASS" starttime="20240517 02:48:16.698" endtime="20240517 02:48:17.008"/>
</kw>
<kw name="Get Element Attribute" library="SeleniumLibrary">
<var>${fb_link}</var>
<arg>${head_fb}</arg>
<arg>href</arg>
<doc>Returns the value of ``attribute`` from the element ``locator``.</doc>
<msg timestamp="20240517 02:48:17.078" level="INFO">${fb_link} = http://www.facebook.com/</msg>
<status status="PASS" starttime="20240517 02:48:17.009" endtime="20240517 02:48:17.078"/>
</kw>
<kw name="Log To Console" library="BuiltIn">
<arg>fb link: ${fb_link}</arg>
<doc>Logs the given message to the console.</doc>
<status status="PASS" starttime="20240517 02:48:17.079" endtime="20240517 02:48:17.080"/>
</kw>
<kw name="Click on social link and verify" library="social_url">
<arg>${head_fb}</arg>
<arg>${fb_link}</arg>
<kw name="Click Element" library="SeleniumLibrary">
<arg>${locator}</arg>
<doc>Click the element identified by ``locator``.</doc>
<msg timestamp="20240517 02:48:17.084" level="INFO">Clicking element '//div[@class='container-fixed']/header/div[@class='container-fluid']/div[@class='col-md-12 headerdetails']/div[@class='block_8']/div[@class='header_block']/div[@class='social_icons']/a[@class='facebook']'.</msg>
<status status="PASS" starttime="20240517 02:48:17.083" endtime="20240517 02:48:17.257"/>
</kw>
<kw name="Replace String" library="String">
<var>${expected_url}</var>
<arg>${expected_url}</arg>
<arg>http://</arg>
<arg>${EMPTY}</arg>
<doc>Replaces ``search_for`` in the given ``string`` with ``replace_with``.</doc>
<msg timestamp="20240517 02:48:17.258" level="INFO">${expected_url} = www.facebook.com/</msg>
<status status="PASS" starttime="20240517 02:48:17.257" endtime="20240517 02:48:17.259"/>
</kw>
<kw name="Replace String" library="String">
<var>${expected_url}</var>
<arg>${expected_url}</arg>
<arg>https://</arg>
<arg>${EMPTY}</arg>
<doc>Replaces ``search_for`` in the given ``string`` with ``replace_with``.</doc>
<msg timestamp="20240517 02:48:17.260" level="INFO">${expected_url} = www.facebook.com/</msg>
<status status="PASS" starttime="20240517 02:48:17.259" endtime="20240517 02:48:17.260"/>
</kw>
<kw name="Get Window Handles" library="SeleniumLibrary">
<var>${win_handles}</var>
<doc>Returns all child window handles of the selected browser as a list.</doc>
<msg timestamp="20240517 02:48:17.288" level="INFO">${win_handles} = ['8D3B2DA5E1E0F5C8572E5029F95D3E4E', 'CB913682AE9D2738205B6C7CA5AB0B41']</msg>
<status status="PASS" starttime="20240517 02:48:17.260" endtime="20240517 02:48:17.288"/>
</kw>
<kw name="Get Length" library="BuiltIn">
<var>${win_count}</var>
<arg>${win_handles}</arg>
<doc>Returns and logs the length of the given item as an integer.</doc>
<msg timestamp="20240517 02:48:17.288" level="INFO">Length is 2</msg>
<msg timestamp="20240517 02:48:17.288" level="INFO">${win_count} = 2</msg>
<status status="PASS" starttime="20240517 02:48:17.288" endtime="20240517 02:48:17.288"/>
</kw>
<if>
<branch type="IF" condition="${win_count} == 2">
<kw name="Run Keyword If" library="BuiltIn">
<arg>${win_count} == 2</arg>
<arg>Switch Window</arg>
<arg>${win_handles}[1]</arg>
<doc>Runs the given keyword with the given arguments, if ``condition`` is true.</doc>
<kw name="Switch Window" library="SeleniumLibrary">
<arg>${win_handles}[1]</arg>
<doc>Switches to browser window matching ``locator``.</doc>
<status status="PASS" starttime="20240517 02:48:17.289" endtime="20240517 02:48:17.398"/>
</kw>
<status status="PASS" starttime="20240517 02:48:17.289" endtime="20240517 02:48:17.398"/>
</kw>
<kw name="Switch Window" library="SeleniumLibrary">
<arg>${win_handles}[1]</arg>
<doc>Switches to browser window matching ``locator``.</doc>
<status status="PASS" starttime="20240517 02:48:17.398" endtime="20240517 02:48:17.489"/>
</kw>
<kw name="Location Should Contain" library="SeleniumLibrary">
<arg>${expected_url}</arg>
<doc>Verifies that the current URL contains ``expected``.</doc>
<msg timestamp="20240517 02:48:18.168" level="INFO">Current location contains 'www.facebook.com/'.</msg>
<status status="PASS" starttime="20240517 02:48:17.490" endtime="20240517 02:48:18.168"/>
</kw>
<status status="PASS" starttime="20240517 02:48:17.288" endtime="20240517 02:48:18.169"/>
</branch>
<branch type="ELSE">
<kw name="Location Should Contain" library="SeleniumLibrary">
<arg>${expected_url}</arg>
<doc>Verifies that the current URL contains ``expected``.</doc>
<status status="NOT RUN" starttime="20240517 02:48:18.169" endtime="20240517 02:48:18.169"/>
</kw>
<status status="NOT RUN" starttime="20240517 02:48:18.169" endtime="20240517 02:48:18.169"/>
</branch>
<status status="PASS" starttime="20240517 02:48:17.288" endtime="20240517 02:48:18.169"/>
</if>
<status status="PASS" starttime="20240517 02:48:17.081" endtime="20240517 02:48:18.169"/>
</kw>
<kw name="Closing my browser" library="common" type="TEARDOWN">
<kw name="Close Browser" library="SeleniumLibrary">
<doc>Closes the current browser.</doc>
<status status="PASS" starttime="20240517 02:48:18.171" endtime="20240517 02:48:20.363"/>
</kw>
<status status="PASS" starttime="20240517 02:48:18.171" endtime="20240517 02:48:20.363"/>
</kw>
<status status="PASS" starttime="20240517 02:48:09.123" endtime="20240517 02:48:20.363"/>
</test>
<test id="s1-t2" name="TC - Verify header link - Twitter" line="27">
<kw name="Opening my browser" library="common" type="SETUP">
<kw name="Open Browser" library="SeleniumLibrary">
<arg>${URL_HOME}</arg>
<arg>${BROWSER}</arg>
<doc>Opens a new browser instance to the optional ``url``.</doc>
<msg timestamp="20240517 02:48:20.371" level="INFO">Opening browser 'Chrome' to base url 'https://automationteststore.com/'.</msg>
<status status="PASS" starttime="20240517 02:48:20.369" endtime="20240517 02:48:27.899"/>
</kw>
<kw name="Location Should Be" library="SeleniumLibrary">
<arg>${URL_HOME}</arg>
<doc>Verifies that the current URL is exactly ``url``.</doc>
<msg timestamp="20240517 02:48:27.906" level="INFO">Current location is 'https://automationteststore.com/'.</msg>
<status status="PASS" starttime="20240517 02:48:27.899" endtime="20240517 02:48:27.906"/>
</kw>
<kw name="Maximize Browser Window" library="SeleniumLibrary">
<doc>Maximizes current browser window.</doc>
<status status="PASS" starttime="20240517 02:48:27.906" endtime="20240517 02:48:27.942"/>
</kw>
<status status="PASS" starttime="20240517 02:48:20.368" endtime="20240517 02:48:27.942"/>
</kw>
<kw name="Scroll Element Into View" library="SeleniumLibrary">
<arg>locator=${head_tw}</arg>
<doc>Scrolls the element identified by ``locator`` into view.</doc>
<status status="PASS" starttime="20240517 02:48:27.943" endtime="20240517 02:48:28.233"/>
</kw>
<kw name="Get Element Attribute" library="SeleniumLibrary">
<var>${tw_link}</var>
<arg>${head_tw}</arg>
<arg>href</arg>
<doc>Returns the value of ``attribute`` from the element ``locator``.</doc>
<msg timestamp="20240517 02:48:28.280" level="INFO">${tw_link} = https://twitter.com/</msg>
<status status="PASS" starttime="20240517 02:48:28.235" endtime="20240517 02:48:28.281"/>
</kw>
<kw name="Log To Console" library="BuiltIn">
<arg>tw link: ${tw_link}</arg>
<doc>Logs the given message to the console.</doc>
<status status="PASS" starttime="20240517 02:48:28.281" endtime="20240517 02:48:28.282"/>
</kw>
<kw name="Click on social link and verify" library="social_url">
<arg>${head_tw}</arg>
<arg>${tw_link}</arg>
<kw name="Click Element" library="SeleniumLibrary">
<arg>${locator}</arg>
<doc>Click the element identified by ``locator``.</doc>
<msg timestamp="20240517 02:48:28.286" level="INFO">Clicking element '//div[@class='container-fixed']/header/div[@class='container-fluid']/div[@class='col-md-12 headerdetails']/div[@class='block_8']/div[@class='header_block']/div[@class='social_icons']/a[@class='twitter']'.</msg>
<status status="PASS" starttime="20240517 02:48:28.285" endtime="20240517 02:48:28.428"/>
</kw>
<kw name="Replace String" library="String">
<var>${expected_url}</var>
<arg>${expected_url}</arg>
<arg>http://</arg>
<arg>${EMPTY}</arg>
<doc>Replaces ``search_for`` in the given ``string`` with ``replace_with``.</doc>
<msg timestamp="20240517 02:48:28.431" level="INFO">${expected_url} = https://twitter.com/</msg>
<status status="PASS" starttime="20240517 02:48:28.429" endtime="20240517 02:48:28.431"/>
</kw>
<kw name="Replace String" library="String">
<var>${expected_url}</var>
<arg>${expected_url}</arg>
<arg>https://</arg>
<arg>${EMPTY}</arg>
<doc>Replaces ``search_for`` in the given ``string`` with ``replace_with``.</doc>
<msg timestamp="20240517 02:48:28.433" level="INFO">${expected_url} = twitter.com/</msg>
<status status="PASS" starttime="20240517 02:48:28.431" endtime="20240517 02:48:28.433"/>
</kw>
<kw name="Get Window Handles" library="SeleniumLibrary">
<var>${win_handles}</var>
<doc>Returns all child window handles of the selected browser as a list.</doc>
<msg timestamp="20240517 02:48:28.444" level="INFO">${win_handles} = ['9C06197BEA5C7EB29AD4B3E07750C492', '4286A5FE0D10A1CD7AE1CC0F42FE2D31']</msg>
<status status="PASS" starttime="20240517 02:48:28.433" endtime="20240517 02:48:28.444"/>
</kw>
<kw name="Get Length" library="BuiltIn">
<var>${win_count}</var>
<arg>${win_handles}</arg>
<doc>Returns and logs the length of the given item as an integer.</doc>
<msg timestamp="20240517 02:48:28.444" level="INFO">Length is 2</msg>
<msg timestamp="20240517 02:48:28.444" level="INFO">${win_count} = 2</msg>
<status status="PASS" starttime="20240517 02:48:28.444" endtime="20240517 02:48:28.444"/>
</kw>
<if>
<branch type="IF" condition="${win_count} == 2">
<kw name="Run Keyword If" library="BuiltIn">
<arg>${win_count} == 2</arg>
<arg>Switch Window</arg>
<arg>${win_handles}[1]</arg>
<doc>Runs the given keyword with the given arguments, if ``condition`` is true.</doc>
<kw name="Switch Window" library="SeleniumLibrary">
<arg>${win_handles}[1]</arg>
<doc>Switches to browser window matching ``locator``.</doc>
<status status="PASS" starttime="20240517 02:48:28.445" endtime="20240517 02:48:28.543"/>
</kw>
<status status="PASS" starttime="20240517 02:48:28.445" endtime="20240517 02:48:28.543"/>
</kw>
<kw name="Switch Window" library="SeleniumLibrary">
<arg>${win_handles}[1]</arg>
<doc>Switches to browser window matching ``locator``.</doc>
<status status="PASS" starttime="20240517 02:48:28.543" endtime="20240517 02:48:28.603"/>
</kw>
<kw name="Location Should Contain" library="SeleniumLibrary">
<arg>${expected_url}</arg>
<doc>Verifies that the current URL contains ``expected``.</doc>
<msg timestamp="20240517 02:48:35.387" level="INFO">Current location contains 'twitter.com/'.</msg>
<status status="PASS" starttime="20240517 02:48:28.604" endtime="20240517 02:48:35.387"/>
</kw>
<status status="PASS" starttime="20240517 02:48:28.445" endtime="20240517 02:48:35.388"/>
</branch>
<branch type="ELSE">
<kw name="Location Should Contain" library="SeleniumLibrary">
<arg>${expected_url}</arg>
<doc>Verifies that the current URL contains ``expected``.</doc>
<status status="NOT RUN" starttime="20240517 02:48:35.388" endtime="20240517 02:48:35.388"/>
</kw>
<status status="NOT RUN" starttime="20240517 02:48:35.388" endtime="20240517 02:48:35.388"/>
</branch>
<status status="PASS" starttime="20240517 02:48:28.444" endtime="20240517 02:48:35.389"/>
</if>
<status status="PASS" starttime="20240517 02:48:28.283" endtime="20240517 02:48:35.389"/>
</kw>
<kw name="Closing my browser" library="common" type="TEARDOWN">
<kw name="Close Browser" library="SeleniumLibrary">
<doc>Closes the current browser.</doc>
<status status="PASS" starttime="20240517 02:48:35.390" endtime="20240517 02:48:38.114"/>
</kw>
<status status="PASS" starttime="20240517 02:48:35.389" endtime="20240517 02:48:38.115"/>
</kw>
<status status="PASS" starttime="20240517 02:48:20.367" endtime="20240517 02:48:38.115"/>
</test>
<test id="s1-t3" name="TC - Verify header link - LinkedIn" line="35">
<kw name="Opening my browser" library="common" type="SETUP">
<kw name="Open Browser" library="SeleniumLibrary">
<arg>${URL_HOME}</arg>
<arg>${BROWSER}</arg>
<doc>Opens a new browser instance to the optional ``url``.</doc>
<msg timestamp="20240517 02:48:38.120" level="INFO">Opening browser 'Chrome' to base url 'https://automationteststore.com/'.</msg>
<status status="PASS" starttime="20240517 02:48:38.119" endtime="20240517 02:48:45.644"/>
</kw>
<kw name="Location Should Be" library="SeleniumLibrary">
<arg>${URL_HOME}</arg>
<doc>Verifies that the current URL is exactly ``url``.</doc>
<msg timestamp="20240517 02:48:45.651" level="INFO">Current location is 'https://automationteststore.com/'.</msg>
<status status="PASS" starttime="20240517 02:48:45.645" endtime="20240517 02:48:45.651"/>
</kw>
<kw name="Maximize Browser Window" library="SeleniumLibrary">
<doc>Maximizes current browser window.</doc>
<status status="PASS" starttime="20240517 02:48:45.651" endtime="20240517 02:48:45.677"/>
</kw>
<status status="PASS" starttime="20240517 02:48:38.118" endtime="20240517 02:48:45.677"/>
</kw>
<kw name="Scroll Element Into View" library="SeleniumLibrary">
<arg>locator=${head_in}</arg>
<doc>Scrolls the element identified by ``locator`` into view.</doc>
<status status="PASS" starttime="20240517 02:48:45.678" endtime="20240517 02:48:45.973"/>
</kw>
<kw name="Get Element Attribute" library="SeleniumLibrary">
<var>${in_link}</var>
<arg>${head_in}</arg>
<arg>href</arg>
<doc>Returns the value of ``attribute`` from the element ``locator``.</doc>
<msg timestamp="20240517 02:48:46.018" level="INFO">${in_link} = https://uk.linkedin.com/</msg>
<status status="PASS" starttime="20240517 02:48:45.974" endtime="20240517 02:48:46.018"/>
</kw>
<kw name="Log To Console" library="BuiltIn">
<arg>in link: ${in_link}</arg>
<doc>Logs the given message to the console.</doc>
<status status="PASS" starttime="20240517 02:48:46.019" endtime="20240517 02:48:46.021"/>
</kw>
<kw name="Click on social link and verify" library="social_url">
<arg>${head_in}</arg>
<arg>${in_link}</arg>
<kw name="Click Element" library="SeleniumLibrary">
<arg>${locator}</arg>
<doc>Click the element identified by ``locator``.</doc>
<msg timestamp="20240517 02:48:46.025" level="INFO">Clicking element '//div[@class='container-fixed']/header/div[@class='container-fluid']/div[@class='col-md-12 headerdetails']/div[@class='block_8']/div[@class='header_block']/div[@class='social_icons']/a[@class='linkedin']'.</msg>
<status status="PASS" starttime="20240517 02:48:46.024" endtime="20240517 02:48:49.323"/>
</kw>
<kw name="Replace String" library="String">
<var>${expected_url}</var>
<arg>${expected_url}</arg>
<arg>http://</arg>
<arg>${EMPTY}</arg>
<doc>Replaces ``search_for`` in the given ``string`` with ``replace_with``.</doc>
<msg timestamp="20240517 02:48:49.324" level="INFO">${expected_url} = https://uk.linkedin.com/</msg>
<status status="PASS" starttime="20240517 02:48:49.323" endtime="20240517 02:48:49.324"/>
</kw>
<kw name="Replace String" library="String">
<var>${expected_url}</var>
<arg>${expected_url}</arg>
<arg>https://</arg>
<arg>${EMPTY}</arg>
<doc>Replaces ``search_for`` in the given ``string`` with ``replace_with``.</doc>
<msg timestamp="20240517 02:48:49.326" level="INFO">${expected_url} = uk.linkedin.com/</msg>
<status status="PASS" starttime="20240517 02:48:49.325" endtime="20240517 02:48:49.326"/>
</kw>
<kw name="Get Window Handles" library="SeleniumLibrary">
<var>${win_handles}</var>
<doc>Returns all child window handles of the selected browser as a list.</doc>
<msg timestamp="20240517 02:48:49.328" level="INFO">${win_handles} = ['673FC144C64AA0E3C53DA4D2200948D2']</msg>
<status status="PASS" starttime="20240517 02:48:49.326" endtime="20240517 02:48:49.328"/>
</kw>
<kw name="Get Length" library="BuiltIn">
<var>${win_count}</var>
<arg>${win_handles}</arg>
<doc>Returns and logs the length of the given item as an integer.</doc>
<msg timestamp="20240517 02:48:49.329" level="INFO">Length is 1</msg>
<msg timestamp="20240517 02:48:49.329" level="INFO">${win_count} = 1</msg>
<status status="PASS" starttime="20240517 02:48:49.328" endtime="20240517 02:48:49.329"/>
</kw>
<if>
<branch type="IF" condition="${win_count} == 2">
<kw name="Run Keyword If" library="BuiltIn">
<arg>${win_count} == 2</arg>
<arg>Switch Window</arg>
<arg>${win_handles}[1]</arg>
<doc>Runs the given keyword with the given arguments, if ``condition`` is true.</doc>
<status status="NOT RUN" starttime="20240517 02:48:49.330" endtime="20240517 02:48:49.330"/>
</kw>
<kw name="Switch Window" library="SeleniumLibrary">
<arg>${win_handles}[1]</arg>
<doc>Switches to browser window matching ``locator``.</doc>
<status status="NOT RUN" starttime="20240517 02:48:49.330" endtime="20240517 02:48:49.330"/>
</kw>
<kw name="Location Should Contain" library="SeleniumLibrary">
<arg>${expected_url}</arg>
<doc>Verifies that the current URL contains ``expected``.</doc>
<status status="NOT RUN" starttime="20240517 02:48:49.330" endtime="20240517 02:48:49.330"/>
</kw>
<status status="NOT RUN" starttime="20240517 02:48:49.329" endtime="20240517 02:48:49.330"/>
</branch>
<branch type="ELSE">
<kw name="Location Should Contain" library="SeleniumLibrary">
<arg>${expected_url}</arg>
<doc>Verifies that the current URL contains ``expected``.</doc>
<msg timestamp="20240517 02:48:49.507" level="INFO">Current location contains 'uk.linkedin.com/'.</msg>
<status status="PASS" starttime="20240517 02:48:49.330" endtime="20240517 02:48:49.507"/>
</kw>
<status status="PASS" starttime="20240517 02:48:49.330" endtime="20240517 02:48:49.508"/>
</branch>
<status status="PASS" starttime="20240517 02:48:49.329" endtime="20240517 02:48:49.508"/>
</if>
<status status="PASS" starttime="20240517 02:48:46.022" endtime="20240517 02:48:49.508"/>
</kw>
<kw name="Closing my browser" library="common" type="TEARDOWN">
<kw name="Close Browser" library="SeleniumLibrary">
<doc>Closes the current browser.</doc>
<status status="PASS" starttime="20240517 02:48:49.510" endtime="20240517 02:48:52.244"/>
</kw>
<status status="PASS" starttime="20240517 02:48:49.509" endtime="20240517 02:48:52.245"/>
</kw>
<status status="PASS" starttime="20240517 02:48:38.117" endtime="20240517 02:48:52.245"/>
</test>
<test id="s1-t4" name="TC - Verify footer link - Facebook" line="43">
<kw name="Opening my browser" library="common" type="SETUP">
<kw name="Open Browser" library="SeleniumLibrary">
<arg>${URL_HOME}</arg>
<arg>${BROWSER}</arg>
<doc>Opens a new browser instance to the optional ``url``.</doc>
<msg timestamp="20240517 02:48:52.253" level="INFO">Opening browser 'Chrome' to base url 'https://automationteststore.com/'.</msg>
<status status="PASS" starttime="20240517 02:48:52.251" endtime="20240517 02:48:59.684"/>
</kw>
<kw name="Location Should Be" library="SeleniumLibrary">
<arg>${URL_HOME}</arg>
<doc>Verifies that the current URL is exactly ``url``.</doc>
<msg timestamp="20240517 02:48:59.691" level="INFO">Current location is 'https://automationteststore.com/'.</msg>
<status status="PASS" starttime="20240517 02:48:59.684" endtime="20240517 02:48:59.691"/>
</kw>
<kw name="Maximize Browser Window" library="SeleniumLibrary">
<doc>Maximizes current browser window.</doc>
<status status="PASS" starttime="20240517 02:48:59.691" endtime="20240517 02:48:59.724"/>
</kw>
<status status="PASS" starttime="20240517 02:48:52.250" endtime="20240517 02:48:59.724"/>
</kw>
<kw name="Execute Javascript" library="SeleniumLibrary">
<arg>window.scrollTo(0, document.body.scrollHeight);</arg>
<doc>Executes the given JavaScript code with possible arguments.</doc>
<msg timestamp="20240517 02:48:59.726" level="INFO">Executing JavaScript:
window.scrollTo(0, document.body.scrollHeight);
Without any arguments.</msg>
<status status="PASS" starttime="20240517 02:48:59.725" endtime="20240517 02:48:59.735"/>
</kw>
<kw name="Get Element Attribute" library="SeleniumLibrary">
<var>${fb_link}</var>
<arg>${footer_fb}</arg>
<arg>href</arg>
<doc>Returns the value of ``attribute`` from the element ``locator``.</doc>
<msg timestamp="20240517 02:48:59.769" level="INFO">${fb_link} = http://www.facebook.com/</msg>
<status status="PASS" starttime="20240517 02:48:59.737" endtime="20240517 02:48:59.769"/>
</kw>
<kw name="Log To Console" library="BuiltIn">
<arg>fb link: ${fb_link}</arg>
<doc>Logs the given message to the console.</doc>
<status status="PASS" starttime="20240517 02:48:59.769" endtime="20240517 02:48:59.770"/>
</kw>
<kw name="Click on social link and verify" library="social_url">
<arg>${footer_fb}</arg>
<arg>${fb_link}</arg>
<kw name="Click Element" library="SeleniumLibrary">
<arg>${locator}</arg>
<doc>Click the element identified by ``locator``.</doc>
<msg timestamp="20240517 02:48:59.772" level="INFO">Clicking element '//div[@class='container-fixed']/div[@id='footer']/footer/section[@class='footerlinks']/div[@class='container-fluid']/div[@class='pull-right']/div[@class='footer_block']/div[@class='social_icons']/a[@class='facebook']'.</msg>
<status status="PASS" starttime="20240517 02:48:59.772" endtime="20240517 02:48:59.881"/>
</kw>
<kw name="Replace String" library="String">
<var>${expected_url}</var>
<arg>${expected_url}</arg>
<arg>http://</arg>
<arg>${EMPTY}</arg>
<doc>Replaces ``search_for`` in the given ``string`` with ``replace_with``.</doc>
<msg timestamp="20240517 02:48:59.883" level="INFO">${expected_url} = www.facebook.com/</msg>
<status status="PASS" starttime="20240517 02:48:59.882" endtime="20240517 02:48:59.883"/>
</kw>
<kw name="Replace String" library="String">
<var>${expected_url}</var>
<arg>${expected_url}</arg>
<arg>https://</arg>
<arg>${EMPTY}</arg>
<doc>Replaces ``search_for`` in the given ``string`` with ``replace_with``.</doc>
<msg timestamp="20240517 02:48:59.885" level="INFO">${expected_url} = www.facebook.com/</msg>
<status status="PASS" starttime="20240517 02:48:59.884" endtime="20240517 02:48:59.885"/>
</kw>
<kw name="Get Window Handles" library="SeleniumLibrary">
<var>${win_handles}</var>
<doc>Returns all child window handles of the selected browser as a list.</doc>
<msg timestamp="20240517 02:48:59.893" level="INFO">${win_handles} = ['BE13FFA526A9A87288A3DE046CB8E147', '43627EB89F3B076403CA7901268474C7']</msg>
<status status="PASS" starttime="20240517 02:48:59.885" endtime="20240517 02:48:59.893"/>
</kw>
<kw name="Get Length" library="BuiltIn">
<var>${win_count}</var>
<arg>${win_handles}</arg>
<doc>Returns and logs the length of the given item as an integer.</doc>
<msg timestamp="20240517 02:48:59.894" level="INFO">Length is 2</msg>
<msg timestamp="20240517 02:48:59.894" level="INFO">${win_count} = 2</msg>
<status status="PASS" starttime="20240517 02:48:59.893" endtime="20240517 02:48:59.894"/>
</kw>
<if>
<branch type="IF" condition="${win_count} == 2">
<kw name="Run Keyword If" library="BuiltIn">
<arg>${win_count} == 2</arg>
<arg>Switch Window</arg>
<arg>${win_handles}[1]</arg>
<doc>Runs the given keyword with the given arguments, if ``condition`` is true.</doc>
<kw name="Switch Window" library="SeleniumLibrary">
<arg>${win_handles}[1]</arg>
<doc>Switches to browser window matching ``locator``.</doc>
<status status="PASS" starttime="20240517 02:48:59.897" endtime="20240517 02:48:59.985"/>
</kw>
<status status="PASS" starttime="20240517 02:48:59.894" endtime="20240517 02:48:59.985"/>
</kw>
<kw name="Switch Window" library="SeleniumLibrary">
<arg>${win_handles}[1]</arg>
<doc>Switches to browser window matching ``locator``.</doc>
<status status="PASS" starttime="20240517 02:48:59.985" endtime="20240517 02:49:00.049"/>
</kw>
<kw name="Location Should Contain" library="SeleniumLibrary">
<arg>${expected_url}</arg>
<doc>Verifies that the current URL contains ``expected``.</doc>
<msg timestamp="20240517 02:49:00.854" level="INFO">Current location contains 'www.facebook.com/'.</msg>
<status status="PASS" starttime="20240517 02:49:00.050" endtime="20240517 02:49:00.854"/>
</kw>
<status status="PASS" starttime="20240517 02:48:59.894" endtime="20240517 02:49:00.854"/>
</branch>
<branch type="ELSE">
<kw name="Location Should Contain" library="SeleniumLibrary">
<arg>${expected_url}</arg>
<doc>Verifies that the current URL contains ``expected``.</doc>
<status status="NOT RUN" starttime="20240517 02:49:00.854" endtime="20240517 02:49:00.855"/>
</kw>
<status status="NOT RUN" starttime="20240517 02:49:00.854" endtime="20240517 02:49:00.855"/>
</branch>
<status status="PASS" starttime="20240517 02:48:59.894" endtime="20240517 02:49:00.855"/>
</if>
<status status="PASS" starttime="20240517 02:48:59.771" endtime="20240517 02:49:00.855"/>
</kw>
<kw name="Closing my browser" library="common" type="TEARDOWN">
<kw name="Close Browser" library="SeleniumLibrary">
<doc>Closes the current browser.</doc>
<status status="PASS" starttime="20240517 02:49:00.857" endtime="20240517 02:49:03.092"/>
</kw>
<status status="PASS" starttime="20240517 02:49:00.856" endtime="20240517 02:49:03.092"/>
</kw>
<status status="PASS" starttime="20240517 02:48:52.249" endtime="20240517 02:49:03.092"/>
</test>
<test id="s1-t5" name="TC - Verify footer link - Twitter" line="51">
<kw name="Opening my browser" library="common" type="SETUP">
<kw name="Open Browser" library="SeleniumLibrary">
<arg>${URL_HOME}</arg>
<arg>${BROWSER}</arg>
<doc>Opens a new browser instance to the optional ``url``.</doc>
<msg timestamp="20240517 02:49:03.097" level="INFO">Opening browser 'Chrome' to base url 'https://automationteststore.com/'.</msg>
<status status="PASS" starttime="20240517 02:49:03.096" endtime="20240517 02:49:10.429"/>
</kw>
<kw name="Location Should Be" library="SeleniumLibrary">
<arg>${URL_HOME}</arg>
<doc>Verifies that the current URL is exactly ``url``.</doc>
<msg timestamp="20240517 02:49:10.436" level="INFO">Current location is 'https://automationteststore.com/'.</msg>
<status status="PASS" starttime="20240517 02:49:10.431" endtime="20240517 02:49:10.436"/>
</kw>
<kw name="Maximize Browser Window" library="SeleniumLibrary">
<doc>Maximizes current browser window.</doc>
<status status="PASS" starttime="20240517 02:49:10.436" endtime="20240517 02:49:10.466"/>
</kw>
<status status="PASS" starttime="20240517 02:49:03.096" endtime="20240517 02:49:10.466"/>
</kw>
<kw name="Execute Javascript" library="SeleniumLibrary">
<arg>window.scrollTo(0, document.body.scrollHeight);</arg>
<doc>Executes the given JavaScript code with possible arguments.</doc>
<msg timestamp="20240517 02:49:10.467" level="INFO">Executing JavaScript:
window.scrollTo(0, document.body.scrollHeight);
Without any arguments.</msg>
<status status="PASS" starttime="20240517 02:49:10.467" endtime="20240517 02:49:10.477"/>
</kw>
<kw name="Get Element Attribute" library="SeleniumLibrary">
<var>${tw_link}</var>
<arg>${footer_tw}</arg>
<arg>href</arg>
<doc>Returns the value of ``attribute`` from the element ``locator``.</doc>
<msg timestamp="20240517 02:49:10.503" level="INFO">${tw_link} = https://twitter.com/</msg>
<status status="PASS" starttime="20240517 02:49:10.477" endtime="20240517 02:49:10.503"/>
</kw>
<kw name="Log To Console" library="BuiltIn">
<arg>tw link: ${tw_link}</arg>
<doc>Logs the given message to the console.</doc>
<status status="PASS" starttime="20240517 02:49:10.504" endtime="20240517 02:49:10.505"/>
</kw>
<kw name="Click on social link and verify" library="social_url">
<arg>${footer_tw}</arg>
<arg>${tw_link}</arg>
<kw name="Click Element" library="SeleniumLibrary">
<arg>${locator}</arg>
<doc>Click the element identified by ``locator``.</doc>
<msg timestamp="20240517 02:49:10.507" level="INFO">Clicking element '//div[@class='container-fixed']/div[@id='footer']/footer/section[@class='footerlinks']/div[@class='container-fluid']/div[@class='pull-right']/div[@class='footer_block']/div[@class='social_icons']/a[@class='twitter']'.</msg>
<status status="PASS" starttime="20240517 02:49:10.506" endtime="20240517 02:49:10.604"/>
</kw>
<kw name="Replace String" library="String">
<var>${expected_url}</var>
<arg>${expected_url}</arg>
<arg>http://</arg>
<arg>${EMPTY}</arg>
<doc>Replaces ``search_for`` in the given ``string`` with ``replace_with``.</doc>
<msg timestamp="20240517 02:49:10.606" level="INFO">${expected_url} = https://twitter.com/</msg>
<status status="PASS" starttime="20240517 02:49:10.604" endtime="20240517 02:49:10.606"/>
</kw>
<kw name="Replace String" library="String">
<var>${expected_url}</var>
<arg>${expected_url}</arg>
<arg>https://</arg>
<arg>${EMPTY}</arg>
<doc>Replaces ``search_for`` in the given ``string`` with ``replace_with``.</doc>
<msg timestamp="20240517 02:49:10.607" level="INFO">${expected_url} = twitter.com/</msg>
<status status="PASS" starttime="20240517 02:49:10.606" endtime="20240517 02:49:10.607"/>
</kw>
<kw name="Get Window Handles" library="SeleniumLibrary">
<var>${win_handles}</var>
<doc>Returns all child window handles of the selected browser as a list.</doc>
<msg timestamp="20240517 02:49:10.619" level="INFO">${win_handles} = ['8ED541C6B8F83510237F10344E058BCC', 'E43CE7D9506DC457AC307529C9F259A1']</msg>
<status status="PASS" starttime="20240517 02:49:10.607" endtime="20240517 02:49:10.619"/>
</kw>
<kw name="Get Length" library="BuiltIn">
<var>${win_count}</var>
<arg>${win_handles}</arg>
<doc>Returns and logs the length of the given item as an integer.</doc>
<msg timestamp="20240517 02:49:10.619" level="INFO">Length is 2</msg>
<msg timestamp="20240517 02:49:10.619" level="INFO">${win_count} = 2</msg>
<status status="PASS" starttime="20240517 02:49:10.619" endtime="20240517 02:49:10.619"/>
</kw>
<if>
<branch type="IF" condition="${win_count} == 2">
<kw name="Run Keyword If" library="BuiltIn">
<arg>${win_count} == 2</arg>
<arg>Switch Window</arg>
<arg>${win_handles}[1]</arg>
<doc>Runs the given keyword with the given arguments, if ``condition`` is true.</doc>
<kw name="Switch Window" library="SeleniumLibrary">
<arg>${win_handles}[1]</arg>
<doc>Switches to browser window matching ``locator``.</doc>
<status status="PASS" starttime="20240517 02:49:10.621" endtime="20240517 02:49:10.681"/>
</kw>
<status status="PASS" starttime="20240517 02:49:10.620" endtime="20240517 02:49:10.682"/>
</kw>
<kw name="Switch Window" library="SeleniumLibrary">
<arg>${win_handles}[1]</arg>
<doc>Switches to browser window matching ``locator``.</doc>
<status status="PASS" starttime="20240517 02:49:10.682" endtime="20240517 02:49:10.740"/>
</kw>
<kw name="Location Should Contain" library="SeleniumLibrary">
<arg>${expected_url}</arg>
<doc>Verifies that the current URL contains ``expected``.</doc>
<msg timestamp="20240517 02:49:18.258" level="INFO">Current location contains 'twitter.com/'.</msg>
<status status="PASS" starttime="20240517 02:49:10.740" endtime="20240517 02:49:18.258"/>
</kw>
<status status="PASS" starttime="20240517 02:49:10.619" endtime="20240517 02:49:18.258"/>
</branch>
<branch type="ELSE">
<kw name="Location Should Contain" library="SeleniumLibrary">
<arg>${expected_url}</arg>
<doc>Verifies that the current URL contains ``expected``.</doc>
<status status="NOT RUN" starttime="20240517 02:49:18.259" endtime="20240517 02:49:18.259"/>
</kw>
<status status="NOT RUN" starttime="20240517 02:49:18.259" endtime="20240517 02:49:18.259"/>
</branch>
<status status="PASS" starttime="20240517 02:49:10.619" endtime="20240517 02:49:18.259"/>
</if>
<status status="PASS" starttime="20240517 02:49:10.506" endtime="20240517 02:49:18.259"/>
</kw>
<kw name="Closing my browser" library="common" type="TEARDOWN">
<kw name="Close Browser" library="SeleniumLibrary">
<doc>Closes the current browser.</doc>
<status status="PASS" starttime="20240517 02:49:18.262" endtime="20240517 02:49:21.006"/>
</kw>
<status status="PASS" starttime="20240517 02:49:18.260" endtime="20240517 02:49:21.007"/>
</kw>
<status status="PASS" starttime="20240517 02:49:03.095" endtime="20240517 02:49:21.007"/>
</test>
<test id="s1-t6" name="TC - Verify footer link - LinkedIn" line="59">
<kw name="Opening my browser" library="common" type="SETUP">
<kw name="Open Browser" library="SeleniumLibrary">
<arg>${URL_HOME}</arg>
<arg>${BROWSER}</arg>
<doc>Opens a new browser instance to the optional ``url``.</doc>
<msg timestamp="20240517 02:49:21.013" level="INFO">Opening browser 'Chrome' to base url 'https://automationteststore.com/'.</msg>
<status status="PASS" starttime="20240517 02:49:21.012" endtime="20240517 02:49:28.636"/>
</kw>
<kw name="Location Should Be" library="SeleniumLibrary">
<arg>${URL_HOME}</arg>
<doc>Verifies that the current URL is exactly ``url``.</doc>
<msg timestamp="20240517 02:49:28.644" level="INFO">Current location is 'https://automationteststore.com/'.</msg>
<status status="PASS" starttime="20240517 02:49:28.636" endtime="20240517 02:49:28.644"/>
</kw>
<kw name="Maximize Browser Window" library="SeleniumLibrary">
<doc>Maximizes current browser window.</doc>
<status status="PASS" starttime="20240517 02:49:28.644" endtime="20240517 02:49:28.701"/>
</kw>
<status status="PASS" starttime="20240517 02:49:21.010" endtime="20240517 02:49:28.701"/>
</kw>
<kw name="Execute Javascript" library="SeleniumLibrary">
<arg>window.scrollTo(0, document.body.scrollHeight);</arg>
<doc>Executes the given JavaScript code with possible arguments.</doc>
<msg timestamp="20240517 02:49:28.702" level="INFO">Executing JavaScript:
window.scrollTo(0, document.body.scrollHeight);
Without any arguments.</msg>
<status status="PASS" starttime="20240517 02:49:28.702" endtime="20240517 02:49:28.709"/>
</kw>
<kw name="Get Element Attribute" library="SeleniumLibrary">
<var>${in_link}</var>
<arg>${footer_in}</arg>
<arg>href</arg>
<doc>Returns the value of ``attribute`` from the element ``locator``.</doc>
<msg timestamp="20240517 02:49:28.747" level="INFO">${in_link} = https://uk.linkedin.com/</msg>
<status status="PASS" starttime="20240517 02:49:28.710" endtime="20240517 02:49:28.747"/>
</kw>
<kw name="Log To Console" library="BuiltIn">
<arg>in link: ${in_link}</arg>
<doc>Logs the given message to the console.</doc>
<status status="PASS" starttime="20240517 02:49:28.748" endtime="20240517 02:49:28.749"/>
</kw>
<kw name="Click on social link and verify" library="social_url">
<arg>${footer_in}</arg>
<arg>${in_link}</arg>
<kw name="Click Element" library="SeleniumLibrary">
<arg>${locator}</arg>
<doc>Click the element identified by ``locator``.</doc>
<msg timestamp="20240517 02:49:28.751" level="INFO">Clicking element '//div[@class='container-fixed']/div[@id='footer']/footer/section[@class='footerlinks']/div[@class='container-fluid']/div[@class='pull-right']/div[@class='footer_block']/div[@class='social_icons']/a[@class='linkedin']'.</msg>
<status status="PASS" starttime="20240517 02:49:28.750" endtime="20240517 02:49:32.126"/>
</kw>
<kw name="Replace String" library="String">
<var>${expected_url}</var>
<arg>${expected_url}</arg>
<arg>http://</arg>
<arg>${EMPTY}</arg>
<doc>Replaces ``search_for`` in the given ``string`` with ``replace_with``.</doc>
<msg timestamp="20240517 02:49:32.129" level="INFO">${expected_url} = https://uk.linkedin.com/</msg>
<status status="PASS" starttime="20240517 02:49:32.126" endtime="20240517 02:49:32.129"/>
</kw>
<kw name="Replace String" library="String">
<var>${expected_url}</var>
<arg>${expected_url}</arg>
<arg>https://</arg>
<arg>${EMPTY}</arg>
<doc>Replaces ``search_for`` in the given ``string`` with ``replace_with``.</doc>
<msg timestamp="20240517 02:49:32.132" level="INFO">${expected_url} = uk.linkedin.com/</msg>
<status status="PASS" starttime="20240517 02:49:32.129" endtime="20240517 02:49:32.132"/>
</kw>
<kw name="Get Window Handles" library="SeleniumLibrary">
<var>${win_handles}</var>
<doc>Returns all child window handles of the selected browser as a list.</doc>
<msg timestamp="20240517 02:49:32.136" level="INFO">${win_handles} = ['848FBA79A17253556B60D5300BC3835B']</msg>
<status status="PASS" starttime="20240517 02:49:32.132" endtime="20240517 02:49:32.136"/>
</kw>
<kw name="Get Length" library="BuiltIn">
<var>${win_count}</var>
<arg>${win_handles}</arg>
<doc>Returns and logs the length of the given item as an integer.</doc>
<msg timestamp="20240517 02:49:32.137" level="INFO">Length is 1</msg>
<msg timestamp="20240517 02:49:32.137" level="INFO">${win_count} = 1</msg>
<status status="PASS" starttime="20240517 02:49:32.137" endtime="20240517 02:49:32.137"/>
</kw>
<if>
<branch type="IF" condition="${win_count} == 2">
<kw name="Run Keyword If" library="BuiltIn">
<arg>${win_count} == 2</arg>
<arg>Switch Window</arg>
<arg>${win_handles}[1]</arg>
<doc>Runs the given keyword with the given arguments, if ``condition`` is true.</doc>
<status status="NOT RUN" starttime="20240517 02:49:32.138" endtime="20240517 02:49:32.138"/>
</kw>
<kw name="Switch Window" library="SeleniumLibrary">
<arg>${win_handles}[1]</arg>
<doc>Switches to browser window matching ``locator``.</doc>
<status status="NOT RUN" starttime="20240517 02:49:32.139" endtime="20240517 02:49:32.139"/>
</kw>
<kw name="Location Should Contain" library="SeleniumLibrary">
<arg>${expected_url}</arg>
<doc>Verifies that the current URL contains ``expected``.</doc>
<status status="NOT RUN" starttime="20240517 02:49:32.139" endtime="20240517 02:49:32.139"/>
</kw>
<status status="NOT RUN" starttime="20240517 02:49:32.138" endtime="20240517 02:49:32.139"/>
</branch>
<branch type="ELSE">
<kw name="Location Should Contain" library="SeleniumLibrary">
<arg>${expected_url}</arg>
<doc>Verifies that the current URL contains ``expected``.</doc>
<msg timestamp="20240517 02:49:32.323" level="INFO">Current location contains 'uk.linkedin.com/'.</msg>
<status status="PASS" starttime="20240517 02:49:32.140" endtime="20240517 02:49:32.323"/>
</kw>
<status status="PASS" starttime="20240517 02:49:32.139" endtime="20240517 02:49:32.323"/>
</branch>
<status status="PASS" starttime="20240517 02:49:32.138" endtime="20240517 02:49:32.323"/>
</if>
<status status="PASS" starttime="20240517 02:49:28.749" endtime="20240517 02:49:32.323"/>
</kw>
<kw name="Closing my browser" library="common" type="TEARDOWN">
<kw name="Close Browser" library="SeleniumLibrary">
<doc>Closes the current browser.</doc>
<status status="PASS" starttime="20240517 02:49:32.325" endtime="20240517 02:49:35.016"/>
</kw>
<status status="PASS" starttime="20240517 02:49:32.324" endtime="20240517 02:49:35.016"/>
</kw>
<status status="PASS" starttime="20240517 02:49:21.010" endtime="20240517 02:49:35.017"/>
</test>
<doc>This test suite is to verify search functionality</doc>
<status status="PASS" starttime="20240517 02:48:08.700" endtime="20240517 02:49:35.021"/>
</suite>
<statistics>
<total>
<stat pass="6" fail="0" skip="0">All Tests</stat>
</total>
<tag>
</tag>
<suite>
<stat pass="6" fail="0" skip="0" id="s1" name="Test Social Url">Test Social Url</stat>
</suite>
</statistics>
<errors>
</errors>
</robot>
