<?xml version="1.0" encoding="UTF-8"?>
<robot generator="Robot 6.1.1 (Python 3.10.0 on win32)" generated="20240422 16:53:54.806" rpa="false" schemaversion="4">
<suite id="s1" name="Ex3" source="D:\CURRENT_SEMESTER\Auto Testing\lab8\tests\Ex3.robot">
<test id="s1-t1" name="Verify Open New Tab" line="17">
<kw name="Open The Browser">
<kw name="Open Browser" library="SeleniumLibrary">
<arg>${URL}</arg>
<arg>${BROWSER}</arg>
<doc>Opens a new browser instance to the optional ``url``.</doc>
<msg timestamp="20240422 16:53:55.098" level="INFO">Opening browser 'Chrome' to base url 'https://practice-automation.com/'.</msg>
<status status="PASS" starttime="20240422 16:53:55.098" endtime="20240422 16:54:00.341"/>
</kw>
<kw name="Location Should Be" library="SeleniumLibrary">
<arg>${URL}</arg>
<doc>Verifies that the current URL is exactly ``url``.</doc>
<msg timestamp="20240422 16:54:00.348" level="INFO">Current location is 'https://practice-automation.com/'.</msg>
<status status="PASS" starttime="20240422 16:54:00.341" endtime="20240422 16:54:00.348"/>
</kw>
<kw name="Maximize Browser Window" library="SeleniumLibrary">
<doc>Maximizes current browser window.</doc>
<status status="PASS" starttime="20240422 16:54:00.348" endtime="20240422 16:54:00.389"/>
</kw>
<status status="PASS" starttime="20240422 16:53:55.097" endtime="20240422 16:54:00.389"/>
</kw>
<kw name="Enter page">
<arg>${WO_BTN}</arg>
<arg>${WO_URL}</arg>
<kw name="Get WebElement" library="SeleniumLibrary">
<var>${btn}</var>
<arg>xpath=${xpath}</arg>
<doc>Returns the first WebElement matching the given ``locator``.</doc>
<msg timestamp="20240422 16:54:00.405" level="INFO">${btn} = &lt;selenium.webdriver.remote.webelement.WebElement (session="04728562e0ffac399052c68dd601669a", element="f.6A99342016026D17C65A4C2A8D44320A.d.ED4C17B600393737D461D3AD49E166B8.e.43")&gt;</msg>
<status status="PASS" starttime="20240422 16:54:00.390" endtime="20240422 16:54:00.405"/>
</kw>
<kw name="Page Should Contain Element" library="SeleniumLibrary">
<arg>${btn}</arg>
<doc>Verifies that element ``locator`` is found on the current page.</doc>
<msg timestamp="20240422 16:54:00.406" level="INFO">Current page contains element '&lt;selenium.webdriver.remote.webelement.WebElement (session="04728562e0ffac399052c68dd601669a", element="f.6A99342016026D17C65A4C2A8D44320A.d.ED4C17B600393737D461D3AD49E166B8.e.43")&gt;'.</msg>
<status status="PASS" starttime="20240422 16:54:00.405" endtime="20240422 16:54:00.406"/>
</kw>
<kw name="Scroll Element Into View" library="SeleniumLibrary">
<arg>${btn}</arg>
<doc>Scrolls the element identified by ``locator`` into view.</doc>
<status status="PASS" starttime="20240422 16:54:00.406" endtime="20240422 16:54:00.693"/>
</kw>
<kw name="Click Element" library="SeleniumLibrary">
<arg>${btn}</arg>
<doc>Click the element identified by ``locator``.</doc>
<msg timestamp="20240422 16:54:00.695" level="INFO">Clicking element '&lt;selenium.webdriver.remote.webelement.WebElement (session="04728562e0ffac399052c68dd601669a", element="f.6A99342016026D17C65A4C2A8D44320A.d.ED4C17B600393737D461D3AD49E166B8.e.43")&gt;'.</msg>
<status status="PASS" starttime="20240422 16:54:00.693" endtime="20240422 16:54:01.941"/>
</kw>
<kw name="Wait Until Keyword Succeeds" library="BuiltIn">
<arg>10s</arg>
<arg>2s</arg>
<arg>Location Should Be</arg>
<arg>url=${url}</arg>
<doc>Runs the specified keyword and retries if it fails.</doc>
<kw name="Location Should Be" library="SeleniumLibrary">
<arg>url=${url}</arg>
<doc>Verifies that the current URL is exactly ``url``.</doc>
<msg timestamp="20240422 16:54:01.948" level="INFO">Current location is 'https://practice-automation.com/window-operations/'.</msg>
<status status="PASS" starttime="20240422 16:54:01.941" endtime="20240422 16:54:01.948"/>
</kw>
<status status="PASS" starttime="20240422 16:54:01.941" endtime="20240422 16:54:01.948"/>
</kw>
<status status="PASS" starttime="20240422 16:54:00.390" endtime="20240422 16:54:01.948"/>
</kw>
<kw name="Get Window Handles" library="SeleniumLibrary">
<var>${original_window}</var>
<doc>Returns all child window handles of the selected browser as a list.</doc>
<msg timestamp="20240422 16:54:01.950" level="INFO">${original_window} = ['6A99342016026D17C65A4C2A8D44320A']</msg>
<status status="PASS" starttime="20240422 16:54:01.949" endtime="20240422 16:54:01.950"/>
</kw>
<kw name="Click Element" library="SeleniumLibrary">
<arg>//*[@id="post-1147"]/div/p[2]/button</arg>
<doc>Click the element identified by ``locator``.</doc>
<msg timestamp="20240422 16:54:01.952" level="INFO">Clicking element '//*[@id="post-1147"]/div/p[2]/button'.</msg>
<status status="PASS" starttime="20240422 16:54:01.950" endtime="20240422 16:54:02.089"/>
</kw>
<kw name="Get Window Handles" library="SeleniumLibrary">
<var>${current_windows}</var>
<doc>Returns all child window handles of the selected browser as a list.</doc>
<msg timestamp="20240422 16:54:02.097" level="INFO">${current_windows} = ['6A99342016026D17C65A4C2A8D44320A', 'B9583CD475827F4E61EA7091DF6F568E']</msg>
<status status="PASS" starttime="20240422 16:54:02.090" endtime="20240422 16:54:02.097"/>
</kw>
<kw name="Run Keyword If" library="BuiltIn">
<arg>${current_windows} != ${original_window}</arg>
<arg>Log To Console</arg>
<arg>A new tab is opened</arg>
<arg>ELSE</arg>
<arg>Fail</arg>
<arg>No new tab is opened</arg>
<doc>Runs the given keyword with the given arguments, if ``condition`` is true.</doc>
<kw name="Log To Console" library="BuiltIn">
<arg>A new tab is opened</arg>
<doc>Logs the given message to the console.</doc>
<status status="PASS" starttime="20240422 16:54:02.097" endtime="20240422 16:54:02.098"/>
</kw>
<status status="PASS" starttime="20240422 16:54:02.097" endtime="20240422 16:54:02.098"/>
</kw>
<status status="PASS" starttime="20240422 16:53:55.097" endtime="20240422 16:54:02.099"/>
</test>
<test id="s1-t2" name="Verify Replace Current Location" line="31">
<kw name="Open The Browser">
<kw name="Open Browser" library="SeleniumLibrary">
<arg>${URL}</arg>
<arg>${BROWSER}</arg>
<doc>Opens a new browser instance to the optional ``url``.</doc>
<msg timestamp="20240422 16:54:02.101" level="INFO">Opening browser 'Chrome' to base url 'https://practice-automation.com/'.</msg>
<status status="PASS" starttime="20240422 16:54:02.100" endtime="20240422 16:54:07.226"/>
</kw>
<kw name="Location Should Be" library="SeleniumLibrary">
<arg>${URL}</arg>
<doc>Verifies that the current URL is exactly ``url``.</doc>
<msg timestamp="20240422 16:54:07.237" level="INFO">Current location is 'https://practice-automation.com/'.</msg>
<status status="PASS" starttime="20240422 16:54:07.227" endtime="20240422 16:54:07.237"/>
</kw>
<kw name="Maximize Browser Window" library="SeleniumLibrary">
<doc>Maximizes current browser window.</doc>
<status status="PASS" starttime="20240422 16:54:07.237" endtime="20240422 16:54:07.282"/>
</kw>
<status status="PASS" starttime="20240422 16:54:02.100" endtime="20240422 16:54:07.283"/>
</kw>
<kw name="Enter page">
<arg>${WO_BTN}</arg>
<arg>${WO_URL}</arg>
<kw name="Get WebElement" library="SeleniumLibrary">
<var>${btn}</var>
<arg>xpath=${xpath}</arg>
<doc>Returns the first WebElement matching the given ``locator``.</doc>
<msg timestamp="20240422 16:54:07.298" level="INFO">${btn} = &lt;selenium.webdriver.remote.webelement.WebElement (session="8f6382a008ea979c6079a5dfbc453636", element="f.D737442D6C37E898D2D07C7CB76BBBCB.d.E7CFC56BC3BE0304D71A9F21EBA135E3.e.43")&gt;</msg>
<status status="PASS" starttime="20240422 16:54:07.284" endtime="20240422 16:54:07.298"/>
</kw>
<kw name="Page Should Contain Element" library="SeleniumLibrary">
<arg>${btn}</arg>
<doc>Verifies that element ``locator`` is found on the current page.</doc>
<msg timestamp="20240422 16:54:07.299" level="INFO">Current page contains element '&lt;selenium.webdriver.remote.webelement.WebElement (session="8f6382a008ea979c6079a5dfbc453636", element="f.D737442D6C37E898D2D07C7CB76BBBCB.d.E7CFC56BC3BE0304D71A9F21EBA135E3.e.43")&gt;'.</msg>
<status status="PASS" starttime="20240422 16:54:07.298" endtime="20240422 16:54:07.299"/>
</kw>
<kw name="Scroll Element Into View" library="SeleniumLibrary">
<arg>${btn}</arg>
<doc>Scrolls the element identified by ``locator`` into view.</doc>
<status status="PASS" starttime="20240422 16:54:07.299" endtime="20240422 16:54:07.582"/>
</kw>
<kw name="Click Element" library="SeleniumLibrary">
<arg>${btn}</arg>
<doc>Click the element identified by ``locator``.</doc>
<msg timestamp="20240422 16:54:07.583" level="INFO">Clicking element '&lt;selenium.webdriver.remote.webelement.WebElement (session="8f6382a008ea979c6079a5dfbc453636", element="f.D737442D6C37E898D2D07C7CB76BBBCB.d.E7CFC56BC3BE0304D71A9F21EBA135E3.e.43")&gt;'.</msg>
<status status="PASS" starttime="20240422 16:54:07.583" endtime="20240422 16:54:08.872"/>
</kw>
<kw name="Wait Until Keyword Succeeds" library="BuiltIn">
<arg>10s</arg>
<arg>2s</arg>
<arg>Location Should Be</arg>
<arg>url=${url}</arg>
<doc>Runs the specified keyword and retries if it fails.</doc>
<kw name="Location Should Be" library="SeleniumLibrary">
<arg>url=${url}</arg>
<doc>Verifies that the current URL is exactly ``url``.</doc>
<msg timestamp="20240422 16:54:08.879" level="INFO">Current location is 'https://practice-automation.com/window-operations/'.</msg>
<status status="PASS" starttime="20240422 16:54:08.873" endtime="20240422 16:54:08.879"/>
</kw>
<status status="PASS" starttime="20240422 16:54:08.873" endtime="20240422 16:54:08.879"/>
</kw>
<status status="PASS" starttime="20240422 16:54:07.283" endtime="20240422 16:54:08.879"/>
</kw>
<kw name="Get Location" library="SeleniumLibrary">
<var>${current_url_before}</var>
<doc>Returns the current browser window URL.</doc>
<msg timestamp="20240422 16:54:08.884" level="INFO">${current_url_before} = https://practice-automation.com/window-operations/</msg>
<status status="PASS" starttime="20240422 16:54:08.880" endtime="20240422 16:54:08.884"/>
</kw>
<kw name="Click Element" library="SeleniumLibrary">
<arg>//*[@id="post-1147"]/div/p[4]/button</arg>
<doc>Click the element identified by ``locator``.</doc>
<msg timestamp="20240422 16:54:08.886" level="INFO">Clicking element '//*[@id="post-1147"]/div/p[4]/button'.</msg>
<status status="PASS" starttime="20240422 16:54:08.885" endtime="20240422 16:54:11.080"/>
</kw>
<kw name="Get Location" library="SeleniumLibrary">
<var>${current_url_after}</var>
<doc>Returns the current browser window URL.</doc>
<msg timestamp="20240422 16:54:11.089" level="INFO">${current_url_after} = https://automatenow.io/</msg>
<status status="PASS" starttime="20240422 16:54:11.081" endtime="20240422 16:54:11.089"/>
</kw>
<kw name="Should Not Be Equal" library="BuiltIn">
<arg>${current_url_before}</arg>
<arg>${current_url_after}</arg>
<arg>Message=URL is not replaced</arg>
<doc>Fails if the given objects are equal.</doc>
<status status="PASS" starttime="20240422 16:54:11.089" endtime="20240422 16:54:11.090"/>
</kw>
<status status="PASS" starttime="20240422 16:54:02.100" endtime="20240422 16:54:11.091"/>
</test>
<test id="s1-t3" name="Test Click to Open New Browser Window" line="48">
<kw name="Open The Browser">
<kw name="Open Browser" library="SeleniumLibrary">
<arg>${URL}</arg>
<arg>${BROWSER}</arg>
<doc>Opens a new browser instance to the optional ``url``.</doc>
<msg timestamp="20240422 16:54:11.096" level="INFO">Opening browser 'Chrome' to base url 'https://practice-automation.com/'.</msg>
<status status="PASS" starttime="20240422 16:54:11.095" endtime="20240422 16:54:16.192"/>
</kw>
<kw name="Location Should Be" library="SeleniumLibrary">
<arg>${URL}</arg>
<doc>Verifies that the current URL is exactly ``url``.</doc>
<msg timestamp="20240422 16:54:16.198" level="INFO">Current location is 'https://practice-automation.com/'.</msg>
<status status="PASS" starttime="20240422 16:54:16.193" endtime="20240422 16:54:16.198"/>
</kw>
<kw name="Maximize Browser Window" library="SeleniumLibrary">
<doc>Maximizes current browser window.</doc>
<status status="PASS" starttime="20240422 16:54:16.198" endtime="20240422 16:54:16.227"/>
</kw>
<status status="PASS" starttime="20240422 16:54:11.094" endtime="20240422 16:54:16.228"/>
</kw>
<kw name="Enter page">
<arg>${WO_BTN}</arg>
<arg>${WO_URL}</arg>
<kw name="Get WebElement" library="SeleniumLibrary">
<var>${btn}</var>
<arg>xpath=${xpath}</arg>
<doc>Returns the first WebElement matching the given ``locator``.</doc>
<msg timestamp="20240422 16:54:16.246" level="INFO">${btn} = &lt;selenium.webdriver.remote.webelement.WebElement (session="0d08ca2834a03f6aad9e18bfa0092b9b", element="f.2272149631B8FB3774C30435EE5CCDF9.d.1F34695689D1C44EFCDF2AFDB5BE43B8.e.43")&gt;</msg>
<status status="PASS" starttime="20240422 16:54:16.229" endtime="20240422 16:54:16.246"/>
</kw>
<kw name="Page Should Contain Element" library="SeleniumLibrary">
<arg>${btn}</arg>
<doc>Verifies that element ``locator`` is found on the current page.</doc>
<msg timestamp="20240422 16:54:16.247" level="INFO">Current page contains element '&lt;selenium.webdriver.remote.webelement.WebElement (session="0d08ca2834a03f6aad9e18bfa0092b9b", element="f.2272149631B8FB3774C30435EE5CCDF9.d.1F34695689D1C44EFCDF2AFDB5BE43B8.e.43")&gt;'.</msg>
<status status="PASS" starttime="20240422 16:54:16.246" endtime="20240422 16:54:16.247"/>
</kw>
<kw name="Scroll Element Into View" library="SeleniumLibrary">
<arg>${btn}</arg>
<doc>Scrolls the element identified by ``locator`` into view.</doc>
<status status="PASS" starttime="20240422 16:54:16.247" endtime="20240422 16:54:16.515"/>
</kw>
<kw name="Click Element" library="SeleniumLibrary">
<arg>${btn}</arg>
<doc>Click the element identified by ``locator``.</doc>
<msg timestamp="20240422 16:54:16.516" level="INFO">Clicking element '&lt;selenium.webdriver.remote.webelement.WebElement (session="0d08ca2834a03f6aad9e18bfa0092b9b", element="f.2272149631B8FB3774C30435EE5CCDF9.d.1F34695689D1C44EFCDF2AFDB5BE43B8.e.43")&gt;'.</msg>
<status status="PASS" starttime="20240422 16:54:16.515" endtime="20240422 16:54:17.248"/>
</kw>
<kw name="Wait Until Keyword Succeeds" library="BuiltIn">
<arg>10s</arg>
<arg>2s</arg>
<arg>Location Should Be</arg>
<arg>url=${url}</arg>
<doc>Runs the specified keyword and retries if it fails.</doc>
<kw name="Location Should Be" library="SeleniumLibrary">
<arg>url=${url}</arg>
<doc>Verifies that the current URL is exactly ``url``.</doc>
<msg timestamp="20240422 16:54:17.254" level="INFO">Current location is 'https://practice-automation.com/window-operations/'.</msg>
<status status="PASS" starttime="20240422 16:54:17.248" endtime="20240422 16:54:17.254"/>
</kw>
<status status="PASS" starttime="20240422 16:54:17.248" endtime="20240422 16:54:17.254"/>
</kw>
<status status="PASS" starttime="20240422 16:54:16.228" endtime="20240422 16:54:17.254"/>
</kw>
<kw name="Get Window Handles" library="SeleniumLibrary">
<var>@{original_windows}</var>
<doc>Returns all child window handles of the selected browser as a list.</doc>
<msg timestamp="20240422 16:54:17.258" level="INFO">@{original_windows} = [ 2272149631B8FB3774C30435EE5CCDF9 ]</msg>
<status status="PASS" starttime="20240422 16:54:17.255" endtime="20240422 16:54:17.258"/>
</kw>
<kw name="Click Element" library="SeleniumLibrary">
<arg>//*[@id="post-1147"]/div/p[6]/button</arg>
<doc>Click the element identified by ``locator``.</doc>
<msg timestamp="20240422 16:54:17.260" level="INFO">Clicking element '//*[@id="post-1147"]/div/p[6]/button'.</msg>
<status status="PASS" starttime="20240422 16:54:17.259" endtime="20240422 16:54:17.491"/>
</kw>
<kw name="Get Window Handles" library="SeleniumLibrary">
<var>@{current_windows}</var>
<doc>Returns all child window handles of the selected browser as a list.</doc>
<msg timestamp="20240422 16:54:17.501" level="INFO">@{current_windows} = [ 2272149631B8FB3774C30435EE5CCDF9 | BC9BA31D382C562D75587A156AC804EA ]</msg>
<status status="PASS" starttime="20240422 16:54:17.492" endtime="20240422 16:54:17.501"/>
</kw>
<kw name="Run Keyword And Return Status" library="BuiltIn">
<var>${is_new_window_opened}</var>
<arg>Evaluate</arg>
<arg>len(set(${original_windows}) &amp; set(${current_windows})) == 1</arg>
<doc>Runs the given keyword with given arguments and returns the status as a Boolean value.</doc>
<kw name="Evaluate" library="BuiltIn">
<arg>len(set(${original_windows}) &amp; set(${current_windows})) == 1</arg>
<doc>Evaluates the given expression in Python and returns the result.</doc>
<status status="PASS" starttime="20240422 16:54:17.502" endtime="20240422 16:54:17.503"/>
</kw>
<msg timestamp="20240422 16:54:17.503" level="INFO">${is_new_window_opened} = True</msg>
<status status="PASS" starttime="20240422 16:54:17.502" endtime="20240422 16:54:17.503"/>
</kw>
<kw name="Log To Console" library="BuiltIn">
<arg>original: ${original_windows}</arg>
<doc>Logs the given message to the console.</doc>
<status status="PASS" starttime="20240422 16:54:17.504" endtime="20240422 16:54:17.504"/>
</kw>
<kw name="Log To Console" library="BuiltIn">
<arg>current: ${current_windows}</arg>
<doc>Logs the given message to the console.</doc>
<status status="PASS" starttime="20240422 16:54:17.505" endtime="20240422 16:54:17.506"/>
</kw>
<kw name="Log To Console" library="BuiltIn">
<arg>set(${original_windows}) &amp; set(${current_windows})</arg>
<doc>Logs the given message to the console.</doc>
<status status="PASS" starttime="20240422 16:54:17.506" endtime="20240422 16:54:17.507"/>
</kw>
<kw name="Run Keyword If" library="BuiltIn">
<arg>${is_new_window_opened}</arg>
<arg>Log To Console</arg>
<arg>New browser window is opened</arg>
<arg>ELSE</arg>
<arg>Fail</arg>
<arg>No new browser window is opened</arg>
<doc>Runs the given keyword with the given arguments, if ``condition`` is true.</doc>
<kw name="Log To Console" library="BuiltIn">
<arg>New browser window is opened</arg>
<doc>Logs the given message to the console.</doc>
<status status="PASS" starttime="20240422 16:54:17.508" endtime="20240422 16:54:17.509"/>
</kw>
<status status="PASS" starttime="20240422 16:54:17.508" endtime="20240422 16:54:17.509"/>
</kw>
<status status="PASS" starttime="20240422 16:54:11.093" endtime="20240422 16:54:17.509"/>
</test>
<kw name="Close All Browsers" library="SeleniumLibrary" type="TEARDOWN">
<doc>Closes all open browsers and resets the browser cache.</doc>
<status status="PASS" starttime="20240422 16:54:17.511" endtime="20240422 16:54:36.470"/>
</kw>
<doc>Lab 08 - Ex1</doc>
<status status="PASS" starttime="20240422 16:53:54.810" endtime="20240422 16:54:36.471"/>
</suite>
<statistics>
<total>
<stat pass="3" fail="0" skip="0">All Tests</stat>
</total>
<tag>
</tag>
<suite>
<stat pass="3" fail="0" skip="0" id="s1" name="Ex3">Ex3</stat>
</suite>
</statistics>
<errors>
</errors>
</robot>
