<?xml version="1.0" encoding="UTF-8"?>
<robot generator="Robot 7.0 (Python 3.10.0 on win32)" generated="2024-04-03T11:19:45.939128" rpa="false" schemaversion="5">
<suite id="s1" name="Ex2 2" source="D:\CURRENT_SEMESTER\Auto Testing\lab05\tests\Ex2_2.robot">
<test id="s1-t1" name="TC: Test Table 1" line="18">
<kw name="Open Browser 800x600">
<kw name="Open Browser" owner="SeleniumLibrary">
<msg time="2024-04-03T11:19:46.358988" level="INFO">Opening browser 'Chrome' to base url 'https://practice-automation.com/tables/'.</msg>
<arg>${URL}</arg>
<arg>${BROWSER}</arg>
<doc>Opens a new browser instance to the optional ``url``.</doc>
<status status="PASS" start="2024-04-03T11:19:46.357981" elapsed="8.376209"/>
</kw>
<kw name="Set Window Size" owner="SeleniumLibrary">
<arg>800</arg>
<arg>600</arg>
<doc>Sets current windows size to given ``width`` and ``height``.</doc>
<status status="PASS" start="2024-04-03T11:19:54.735637" elapsed="0.134422"/>
</kw>
<status status="PASS" start="2024-04-03T11:19:46.356983" elapsed="8.514174"/>
</kw>
<kw name="Get Element Count" owner="SeleniumLibrary">
<msg time="2024-04-03T11:19:54.899995" level="INFO">${CountRow1} = 4</msg>
<var>${CountRow1}</var>
<arg>xpath=//figure[@class='wp-block-table']/table/tbody/tr/td[1]</arg>
<doc>Returns the number of elements matching ``locator``.</doc>
<status status="PASS" start="2024-04-03T11:19:54.872060" elapsed="0.027935"/>
</kw>
<kw name="Get Element Count" owner="SeleniumLibrary">
<msg time="2024-04-03T11:19:54.930590" level="INFO">${CountRow2} = 4</msg>
<var>${CountRow2}</var>
<arg>xpath=//figure[@class='wp-block-table']/table/tbody/tr/td[2]</arg>
<doc>Returns the number of elements matching ``locator``.</doc>
<status status="PASS" start="2024-04-03T11:19:54.901001" elapsed="0.031004"/>
</kw>
<kw name="Should Be Equal As Numbers" owner="BuiltIn">
<msg time="2024-04-03T11:19:54.933023" level="INFO">Argument types are:
&lt;class 'int'&gt;
&lt;class 'str'&gt;</msg>
<arg>${CountRow1}</arg>
<arg>4</arg>
<doc>Fails if objects are unequal after converting them to real numbers.</doc>
<status status="PASS" start="2024-04-03T11:19:54.933023" elapsed="0.000996"/>
</kw>
<kw name="Should Be Equal As Numbers" owner="BuiltIn">
<msg time="2024-04-03T11:19:54.936022" level="INFO">Argument types are:
&lt;class 'int'&gt;
&lt;class 'str'&gt;</msg>
<arg>${CountRow2}</arg>
<arg>4</arg>
<doc>Fails if objects are unequal after converting them to real numbers.</doc>
<status status="PASS" start="2024-04-03T11:19:54.935018" elapsed="0.001004"/>
</kw>
<kw name="Scroll Element Into View" owner="SeleniumLibrary">
<arg>xpath=//figure[@class='wp-block-table']/table/tbody/tr[1]</arg>
<doc>Scrolls the element identified by ``locator`` into view.</doc>
<status status="PASS" start="2024-04-03T11:19:54.936022" elapsed="0.306379"/>
</kw>
<kw name="Get Element Count" owner="SeleniumLibrary">
<msg time="2024-04-03T11:19:55.264677" level="INFO">${table_row} = 4</msg>
<var>${table_row}</var>
<arg>xpath=//figure[@class='wp-block-table']/table/tbody/tr</arg>
<doc>Returns the number of elements matching ``locator``.</doc>
<status status="PASS" start="2024-04-03T11:19:55.244400" elapsed="0.020277"/>
</kw>
<for flavor="IN RANGE">
<iter>
<kw name="Get Element Count" owner="SeleniumLibrary">
<msg time="2024-04-03T11:19:55.293746" level="INFO">${count_col} = 2</msg>
<var>${count_col}</var>
<arg>xpath=//figure[@class='wp-block-table']/table/tbody/tr[${i}]/td</arg>
<doc>Returns the number of elements matching ``locator``.</doc>
<status status="PASS" start="2024-04-03T11:19:55.266767" elapsed="0.027998"/>
</kw>
<kw name="Should Be Equal As Numbers" owner="BuiltIn">
<msg time="2024-04-03T11:19:55.294765" level="INFO">Argument types are:
&lt;class 'int'&gt;
&lt;class 'str'&gt;</msg>
<arg>${count_col}</arg>
<arg>2</arg>
<doc>Fails if objects are unequal after converting them to real numbers.</doc>
<status status="PASS" start="2024-04-03T11:19:55.294765" elapsed="0.000998"/>
</kw>
<var name="${i}">1</var>
<status status="PASS" start="2024-04-03T11:19:55.266767" elapsed="0.028996"/>
</iter>
<iter>
<kw name="Get Element Count" owner="SeleniumLibrary">
<msg time="2024-04-03T11:19:55.316865" level="INFO">${count_col} = 2</msg>
<var>${count_col}</var>
<arg>xpath=//figure[@class='wp-block-table']/table/tbody/tr[${i}]/td</arg>
<doc>Returns the number of elements matching ``locator``.</doc>
<status status="PASS" start="2024-04-03T11:19:55.296762" elapsed="0.020103"/>
</kw>
<kw name="Should Be Equal As Numbers" owner="BuiltIn">
<msg time="2024-04-03T11:19:55.317770" level="INFO">Argument types are:
&lt;class 'int'&gt;
&lt;class 'str'&gt;</msg>
<arg>${count_col}</arg>
<arg>2</arg>
<doc>Fails if objects are unequal after converting them to real numbers.</doc>
<status status="PASS" start="2024-04-03T11:19:55.317770" elapsed="0.001255"/>
</kw>
<var name="${i}">2</var>
<status status="PASS" start="2024-04-03T11:19:55.295763" elapsed="0.023262"/>
</iter>
<iter>
<kw name="Get Element Count" owner="SeleniumLibrary">
<msg time="2024-04-03T11:19:55.337559" level="INFO">${count_col} = 2</msg>
<var>${count_col}</var>
<arg>xpath=//figure[@class='wp-block-table']/table/tbody/tr[${i}]/td</arg>
<doc>Returns the number of elements matching ``locator``.</doc>
<status status="PASS" start="2024-04-03T11:19:55.319025" elapsed="0.018534"/>
</kw>
<kw name="Should Be Equal As Numbers" owner="BuiltIn">
<msg time="2024-04-03T11:19:55.338573" level="INFO">Argument types are:
&lt;class 'int'&gt;
&lt;class 'str'&gt;</msg>
<arg>${count_col}</arg>
<arg>2</arg>
<doc>Fails if objects are unequal after converting them to real numbers.</doc>
<status status="PASS" start="2024-04-03T11:19:55.338573" elapsed="0.000000"/>
</kw>
<var name="${i}">3</var>
<status status="PASS" start="2024-04-03T11:19:55.319025" elapsed="0.019548"/>
</iter>
<iter>
<kw name="Get Element Count" owner="SeleniumLibrary">
<msg time="2024-04-03T11:19:55.360100" level="INFO">${count_col} = 2</msg>
<var>${count_col}</var>
<arg>xpath=//figure[@class='wp-block-table']/table/tbody/tr[${i}]/td</arg>
<doc>Returns the number of elements matching ``locator``.</doc>
<status status="PASS" start="2024-04-03T11:19:55.339574" elapsed="0.020526"/>
</kw>
<kw name="Should Be Equal As Numbers" owner="BuiltIn">
<msg time="2024-04-03T11:19:55.360100" level="INFO">Argument types are:
&lt;class 'int'&gt;
&lt;class 'str'&gt;</msg>
<arg>${count_col}</arg>
<arg>2</arg>
<doc>Fails if objects are unequal after converting them to real numbers.</doc>
<status status="PASS" start="2024-04-03T11:19:55.360100" elapsed="0.001003"/>
</kw>
<var name="${i}">4</var>
<status status="PASS" start="2024-04-03T11:19:55.339574" elapsed="0.021529"/>
</iter>
<var>${i}</var>
<value>1</value>
<value>${table_row}+1</value>
<status status="PASS" start="2024-04-03T11:19:55.265674" elapsed="0.095429"/>
</for>
<kw name="Table Cell Should Contain" owner="SeleniumLibrary">
<msg time="2024-04-03T11:19:55.483689" level="INFO">Table cell contains 'Item'.</msg>
<arg>xpath=//figure[@class='wp-block-table']/table</arg>
<arg>1</arg>
<arg>1</arg>
<arg>Item</arg>
<doc>Verifies table cell contains text ``expected``.</doc>
<status status="PASS" start="2024-04-03T11:19:55.361749" elapsed="0.121940"/>
</kw>
<kw name="Table Cell Should Contain" owner="SeleniumLibrary">
<msg time="2024-04-03T11:19:55.546263" level="INFO">Table cell contains 'Price'.</msg>
<arg>xpath=//figure[@class='wp-block-table']/table</arg>
<arg>1</arg>
<arg>2</arg>
<arg>Price</arg>
<doc>Verifies table cell contains text ``expected``.</doc>
<status status="PASS" start="2024-04-03T11:19:55.484718" elapsed="0.061545"/>
</kw>
<kw name="Table Cell Should Contain" owner="SeleniumLibrary">
<msg time="2024-04-03T11:19:55.618209" level="INFO">Table cell contains 'Oranges'.</msg>
<arg>xpath=//figure[@class='wp-block-table']/table</arg>
<arg>2</arg>
<arg>1</arg>
<arg>Oranges</arg>
<doc>Verifies table cell contains text ``expected``.</doc>
<status status="PASS" start="2024-04-03T11:19:55.547280" elapsed="0.071926"/>
</kw>
<kw name="Table Cell Should Contain" owner="SeleniumLibrary">
<msg time="2024-04-03T11:19:55.682430" level="INFO">Table cell contains '$3.99'.</msg>
<arg>xpath=//figure[@class='wp-block-table']/table</arg>
<arg>2</arg>
<arg>2</arg>
<arg>$3.99</arg>
<doc>Verifies table cell contains text ``expected``.</doc>
<status status="PASS" start="2024-04-03T11:19:55.619206" elapsed="0.063224"/>
</kw>
<kw name="Table Cell Should Contain" owner="SeleniumLibrary">
<msg time="2024-04-03T11:19:55.767146" level="INFO">Table cell contains 'Laptop'.</msg>
<arg>xpath=//figure[@class='wp-block-table']/table</arg>
<arg>3</arg>
<arg>1</arg>
<arg>Laptop</arg>
<doc>Verifies table cell contains text ``expected``.</doc>
<status status="PASS" start="2024-04-03T11:19:55.683426" elapsed="0.084732"/>
</kw>
<kw name="Table Cell Should Contain" owner="SeleniumLibrary">
<msg time="2024-04-03T11:19:55.851646" level="INFO">Table cell contains '$1200.00'.</msg>
<arg>xpath=//figure[@class='wp-block-table']/table</arg>
<arg>3</arg>
<arg>2</arg>
<arg>$1200.00</arg>
<doc>Verifies table cell contains text ``expected``.</doc>
<status status="PASS" start="2024-04-03T11:19:55.769158" elapsed="0.083500"/>
</kw>
<kw name="Table Cell Should Contain" owner="SeleniumLibrary">
<msg time="2024-04-03T11:19:55.919075" level="INFO">Table cell contains 'Marbles'.</msg>
<arg>xpath=//figure[@class='wp-block-table']/table</arg>
<arg>4</arg>
<arg>1</arg>
<arg>Marbles</arg>
<doc>Verifies table cell contains text ``expected``.</doc>
<status status="PASS" start="2024-04-03T11:19:55.853659" elapsed="0.065416"/>
</kw>
<kw name="Table Cell Should Contain" owner="SeleniumLibrary">
<msg time="2024-04-03T11:19:55.978721" level="INFO">Table cell contains '$1.25'.</msg>
<arg>xpath=//figure[@class='wp-block-table']/table</arg>
<arg>4</arg>
<arg>2</arg>
<arg>$1.25</arg>
<doc>Verifies table cell contains text ``expected``.</doc>
<status status="PASS" start="2024-04-03T11:19:55.920078" elapsed="0.058643"/>
</kw>
<kw name="Close All Browsers" owner="SeleniumLibrary">
<doc>Closes all open browsers and resets the browser cache.</doc>
<status status="PASS" start="2024-04-03T11:19:55.979735" elapsed="6.424140"/>
</kw>
<status status="PASS" start="2024-04-03T11:19:46.355880" elapsed="16.050961"/>
</test>
<test id="s1-t2" name="TC1: Display 10 entries as default" line="49">
<kw name="Open Browser 800x600">
<kw name="Open Browser" owner="SeleniumLibrary">
<msg time="2024-04-03T11:20:02.411737" level="INFO">Opening browser 'Chrome' to base url 'https://practice-automation.com/tables/'.</msg>
<arg>${URL}</arg>
<arg>${BROWSER}</arg>
<doc>Opens a new browser instance to the optional ``url``.</doc>
<status status="PASS" start="2024-04-03T11:20:02.410739" elapsed="3.354050"/>
</kw>
<kw name="Set Window Size" owner="SeleniumLibrary">
<arg>800</arg>
<arg>600</arg>
<doc>Sets current windows size to given ``width`` and ``height``.</doc>
<status status="PASS" start="2024-04-03T11:20:05.765788" elapsed="6.206378"/>
</kw>
<status status="PASS" start="2024-04-03T11:20:02.410739" elapsed="9.562431"/>
</kw>
<kw name="Wait Until Element Is Visible" owner="SeleniumLibrary">
<arg>xpath=//div[@id='tablepress-1_length']/label/select</arg>
<arg>10</arg>
<doc>Waits until the element ``locator`` is visible.</doc>
<status status="PASS" start="2024-04-03T11:20:11.974167" elapsed="0.058672"/>
</kw>
<kw name="Page Should Contain Element" owner="SeleniumLibrary">
<msg time="2024-04-03T11:20:12.053367" level="INFO">Current page contains element 'xpath=//div[@id='tablepress-1_length']/label/select'.</msg>
<arg>xpath=//div[@id='tablepress-1_length']/label/select</arg>
<doc>Verifies that element ``locator`` is found on the current page.</doc>
<status status="PASS" start="2024-04-03T11:20:12.034237" elapsed="0.019130"/>
</kw>
<kw name="Get Selected List Value" owner="SeleniumLibrary">
<msg time="2024-04-03T11:20:12.186044" level="INFO">${Select} = 10</msg>
<var>${Select}</var>
<arg>xpath=//div[@id='tablepress-1_length']/label/select</arg>
<doc>Returns the value of selected option from selection list ``locator``.</doc>
<status status="PASS" start="2024-04-03T11:20:12.055386" elapsed="0.130658"/>
</kw>
<kw name="Should Be Equal As Strings" owner="BuiltIn">
<arg>${Select}</arg>
<arg>${DEFAULT_ENTRIES}</arg>
<doc>Fails if objects are unequal after converting them to strings.</doc>
<status status="PASS" start="2024-04-03T11:20:12.188031" elapsed="0.000919"/>
</kw>
<kw name="Get Element Count" owner="SeleniumLibrary">
<msg time="2024-04-03T11:20:12.212902" level="INFO">${Rows} = 10</msg>
<var>${Rows}</var>
<arg>xpath=//table[@id='tablepress-1']/tbody/tr</arg>
<doc>Returns the number of elements matching ``locator``.</doc>
<status status="PASS" start="2024-04-03T11:20:12.188950" elapsed="0.023952"/>
</kw>
<kw name="Should Be Equal As Numbers" owner="BuiltIn">
<msg time="2024-04-03T11:20:12.214900" level="INFO">Argument types are:
&lt;class 'int'&gt;
&lt;class 'str'&gt;</msg>
<arg>${Rows}</arg>
<arg>${DEFAULT_ENTRIES}</arg>
<doc>Fails if objects are unequal after converting them to real numbers.</doc>
<status status="PASS" start="2024-04-03T11:20:12.214900" elapsed="0.001003"/>
</kw>
<kw name="Scroll Element Into View" owner="SeleniumLibrary">
<arg>${NEXT_BTN}</arg>
<doc>Scrolls the element identified by ``locator`` into view.</doc>
<status status="PASS" start="2024-04-03T11:20:12.216904" elapsed="0.312061"/>
</kw>
<kw name="Get Element Attribute" owner="SeleniumLibrary">
<msg time="2024-04-03T11:20:12.554128" level="INFO">${class_next} = paginate_button next</msg>
<var>${class_next}</var>
<arg>${NEXT_BTN}</arg>
<arg>class</arg>
<doc>Returns the value of ``attribute`` from the element ``locator``.</doc>
<status status="PASS" start="2024-04-03T11:20:12.529972" elapsed="0.024156"/>
</kw>
<kw name="Should Not Contain" owner="BuiltIn">
<arg>${class_next}</arg>
<arg>disabled</arg>
<doc>Fails if ``container`` contains ``item`` one or more times.</doc>
<status status="PASS" start="2024-04-03T11:20:12.556087" elapsed="0.000000"/>
</kw>
<kw name="Get Element Attribute" owner="SeleniumLibrary">
<msg time="2024-04-03T11:20:12.582386" level="INFO">${class_prev} = paginate_button previous disabled</msg>
<var>${class_prev}</var>
<arg>${PREV_BTN}</arg>
<arg>class</arg>
<doc>Returns the value of ``attribute`` from the element ``locator``.</doc>
<status status="PASS" start="2024-04-03T11:20:12.557090" elapsed="0.026428"/>
</kw>
<kw name="Should Contain" owner="BuiltIn">
<arg>${class_prev}</arg>
<arg>disabled</arg>
<doc>Fails if ``container`` does not contain ``item`` one or more times.</doc>
<status status="PASS" start="2024-04-03T11:20:12.584543" elapsed="0.000000"/>
</kw>
<kw name="Click Link" owner="SeleniumLibrary">
<msg time="2024-04-03T11:20:12.586540" level="INFO">Clicking link 'xpath=//a[@id='tablepress-1_next']'.</msg>
<arg>${NEXT_BTN}</arg>
<doc>Clicks a link identified by ``locator``.</doc>
<status status="PASS" start="2024-04-03T11:20:12.585541" elapsed="0.077264"/>
</kw>
<kw name="Get Element Attribute" owner="SeleniumLibrary">
<msg time="2024-04-03T11:20:12.685235" level="INFO">${class_next} = paginate_button next</msg>
<var>${class_next}</var>
<arg>${NEXT_BTN}</arg>
<arg>class</arg>
<doc>Returns the value of ``attribute`` from the element ``locator``.</doc>
<status status="PASS" start="2024-04-03T11:20:12.664195" elapsed="0.021040"/>
</kw>
<kw name="Should Not Contain" owner="BuiltIn">
<arg>${class_next}</arg>
<arg>disabled</arg>
<doc>Fails if ``container`` contains ``item`` one or more times.</doc>
<status status="PASS" start="2024-04-03T11:20:12.686235" elapsed="0.000000"/>
</kw>
<kw name="Get Element Attribute" owner="SeleniumLibrary">
<msg time="2024-04-03T11:20:12.709724" level="INFO">${class_prev} = paginate_button previous</msg>
<var>${class_prev}</var>
<arg>${PREV_BTN}</arg>
<arg>class</arg>
<doc>Returns the value of ``attribute`` from the element ``locator``.</doc>
<status status="PASS" start="2024-04-03T11:20:12.687232" elapsed="0.022492"/>
</kw>
<kw name="Should Not Contain" owner="BuiltIn">
<arg>${class_prev}</arg>
<arg>disabled</arg>
<doc>Fails if ``container`` contains ``item`` one or more times.</doc>
<status status="PASS" start="2024-04-03T11:20:12.710740" elapsed="0.002005"/>
</kw>
<kw name="Click Link" owner="SeleniumLibrary">
<msg time="2024-04-03T11:20:12.713739" level="INFO">Clicking link 'xpath=//a[@id='tablepress-1_next']'.</msg>
<arg>${NEXT_BTN}</arg>
<doc>Clicks a link identified by ``locator``.</doc>
<status status="PASS" start="2024-04-03T11:20:12.713739" elapsed="0.178835"/>
</kw>
<kw name="Get Element Attribute" owner="SeleniumLibrary">
<msg time="2024-04-03T11:20:12.923599" level="INFO">${class_next} = paginate_button next disabled</msg>
<var>${class_next}</var>
<arg>${NEXT_BTN}</arg>
<arg>class</arg>
<doc>Returns the value of ``attribute`` from the element ``locator``.</doc>
<status status="PASS" start="2024-04-03T11:20:12.892574" elapsed="0.031025"/>
</kw>
<kw name="Should Contain" owner="BuiltIn">
<arg>${class_next}</arg>
<arg>disabled</arg>
<doc>Fails if ``container`` does not contain ``item`` one or more times.</doc>
<status status="PASS" start="2024-04-03T11:20:12.924595" elapsed="0.000000"/>
</kw>
<kw name="Get Element Attribute" owner="SeleniumLibrary">
<msg time="2024-04-03T11:20:12.952977" level="INFO">${class_prev} = paginate_button previous</msg>
<var>${class_prev}</var>
<arg>${PREV_BTN}</arg>
<arg>class</arg>
<doc>Returns the value of ``attribute`` from the element ``locator``.</doc>
<status status="PASS" start="2024-04-03T11:20:12.925598" elapsed="0.027379"/>
</kw>
<kw name="Should Not Contain" owner="BuiltIn">
<arg>${class_prev}</arg>
<arg>disabled</arg>
<doc>Fails if ``container`` contains ``item`` one or more times.</doc>
<status status="PASS" start="2024-04-03T11:20:12.953976" elapsed="0.001006"/>
</kw>
<kw name="Get Element Count" owner="SeleniumLibrary">
<msg time="2024-04-03T11:20:12.974911" level="INFO">${Rows} = 5</msg>
<var>${Rows}</var>
<arg>xpath=//table[@id='tablepress-1']/tbody/tr</arg>
<doc>Returns the number of elements matching ``locator``.</doc>
<status status="PASS" start="2024-04-03T11:20:12.955981" elapsed="0.018930"/>
</kw>
<kw name="Should Be Equal As Numbers" owner="BuiltIn">
<msg time="2024-04-03T11:20:12.976930" level="INFO">Argument types are:
&lt;class 'int'&gt;
&lt;class 'str'&gt;</msg>
<arg>${Rows}</arg>
<arg>5</arg>
<doc>Fails if objects are unequal after converting them to real numbers.</doc>
<status status="PASS" start="2024-04-03T11:20:12.975928" elapsed="0.001002"/>
</kw>
<kw name="Close All Browsers" owner="SeleniumLibrary">
<doc>Closes all open browsers and resets the browser cache.</doc>
<status status="PASS" start="2024-04-03T11:20:12.976930" elapsed="6.317351"/>
</kw>
<status status="PASS" start="2024-04-03T11:20:02.409740" elapsed="16.887485"/>
</test>
<test id="s1-t3" name="TC2: Display 25 entries" line="90">
<kw name="Open Browser 800x600">
<kw name="Open Browser" owner="SeleniumLibrary">
<msg time="2024-04-03T11:20:19.301221" level="INFO">Opening browser 'Chrome' to base url 'https://practice-automation.com/tables/'.</msg>
<arg>${URL}</arg>
<arg>${BROWSER}</arg>
<doc>Opens a new browser instance to the optional ``url``.</doc>
<status status="PASS" start="2024-04-03T11:20:19.301221" elapsed="8.342876"/>
</kw>
<kw name="Set Window Size" owner="SeleniumLibrary">
<arg>800</arg>
<arg>600</arg>
<doc>Sets current windows size to given ``width`` and ``height``.</doc>
<status status="PASS" start="2024-04-03T11:20:27.645228" elapsed="0.114817"/>
</kw>
<status status="PASS" start="2024-04-03T11:20:19.300222" elapsed="8.459823"/>
</kw>
<kw name="Wait Until Element Is Visible" owner="SeleniumLibrary">
<arg>xpath=//div[@id='tablepress-1_length']/label/select</arg>
<arg>10</arg>
<doc>Waits until the element ``locator`` is visible.</doc>
<status status="PASS" start="2024-04-03T11:20:27.762065" elapsed="0.052531"/>
</kw>
<kw name="Page Should Contain Element" owner="SeleniumLibrary">
<msg time="2024-04-03T11:20:27.830691" level="INFO">Current page contains element 'xpath=//div[@id='tablepress-1_length']/label/select'.</msg>
<arg>xpath=//div[@id='tablepress-1_length']/label/select</arg>
<doc>Verifies that element ``locator`` is found on the current page.</doc>
<status status="PASS" start="2024-04-03T11:20:27.816616" elapsed="0.014075"/>
</kw>
<kw name="Select From List By Value" owner="SeleniumLibrary">
<msg time="2024-04-03T11:20:27.832691" level="INFO">Selecting options from selection list 'xpath=//*[@id="tablepress-1_length"]/label/select' by value 25.</msg>
<arg>xpath=//*[@id="tablepress-1_length"]/label/select</arg>
<arg>25</arg>
<doc>Selects options from selection list ``locator`` by ``values``.</doc>
<status status="PASS" start="2024-04-03T11:20:27.831691" elapsed="0.136610"/>
</kw>
<kw name="Get Selected List Value" owner="SeleniumLibrary">
<msg time="2024-04-03T11:20:28.053576" level="INFO">${Select} = 25</msg>
<var>${Select}</var>
<arg>xpath=//div[@id='tablepress-1_length']/label/select</arg>
<doc>Returns the value of selected option from selection list ``locator``.</doc>
<status status="PASS" start="2024-04-03T11:20:27.968301" elapsed="0.085275"/>
</kw>
<kw name="Should Be Equal As Strings" owner="BuiltIn">
<arg>${Select}</arg>
<arg>25</arg>
<doc>Fails if objects are unequal after converting them to strings.</doc>
<status status="PASS" start="2024-04-03T11:20:28.054593" elapsed="0.000000"/>
</kw>
<kw name="Get Element Count" owner="SeleniumLibrary">
<msg time="2024-04-03T11:20:28.073653" level="INFO">${Rows} = 25</msg>
<var>${Rows}</var>
<arg>xpath=//table[@id='tablepress-1']/tbody/tr</arg>
<doc>Returns the number of elements matching ``locator``.</doc>
<status status="PASS" start="2024-04-03T11:20:28.055899" elapsed="0.017754"/>
</kw>
<kw name="Should Be Equal As Numbers" owner="BuiltIn">
<msg time="2024-04-03T11:20:28.075652" level="INFO">Argument types are:
&lt;class 'int'&gt;
&lt;class 'str'&gt;</msg>
<arg>${Rows}</arg>
<arg>25</arg>
<doc>Fails if objects are unequal after converting them to real numbers.</doc>
<status status="PASS" start="2024-04-03T11:20:28.074678" elapsed="0.000974"/>
</kw>
<kw name="Scroll Element Into View" owner="SeleniumLibrary">
<arg>${NEXT_BTN}</arg>
<doc>Scrolls the element identified by ``locator`` into view.</doc>
<status status="PASS" start="2024-04-03T11:20:28.076652" elapsed="0.290678"/>
</kw>
<kw name="Get Element Attribute" owner="SeleniumLibrary">
<msg time="2024-04-03T11:20:28.389474" level="INFO">${class_next} = paginate_button next disabled</msg>
<var>${class_next}</var>
<arg>${NEXT_BTN}</arg>
<arg>class</arg>
<doc>Returns the value of ``attribute`` from the element ``locator``.</doc>
<status status="PASS" start="2024-04-03T11:20:28.368328" elapsed="0.021146"/>
</kw>
<kw name="Should Contain" owner="BuiltIn">
<arg>${class_next}</arg>
<arg>disabled</arg>
<doc>Fails if ``container`` does not contain ``item`` one or more times.</doc>
<status status="PASS" start="2024-04-03T11:20:28.390483" elapsed="0.000000"/>
</kw>
<kw name="Get Element Attribute" owner="SeleniumLibrary">
<msg time="2024-04-03T11:20:28.419033" level="INFO">${class_prev} = paginate_button previous disabled</msg>
<var>${class_prev}</var>
<arg>${PREV_BTN}</arg>
<arg>class</arg>
<doc>Returns the value of ``attribute`` from the element ``locator``.</doc>
<status status="PASS" start="2024-04-03T11:20:28.391483" elapsed="0.027550"/>
</kw>
<kw name="Should Contain" owner="BuiltIn">
<arg>${class_prev}</arg>
<arg>disabled</arg>
<doc>Fails if ``container`` does not contain ``item`` one or more times.</doc>
<status status="PASS" start="2024-04-03T11:20:28.420033" elapsed="0.000998"/>
</kw>
<kw name="Close All Browsers" owner="SeleniumLibrary">
<doc>Closes all open browsers and resets the browser cache.</doc>
<status status="PASS" start="2024-04-03T11:20:28.421031" elapsed="6.319590"/>
</kw>
<status status="PASS" start="2024-04-03T11:20:19.299223" elapsed="15.442399"/>
</test>
<test id="s1-t4" name="TC3: Display 50 entries" line="113">
<kw name="Open Browser 800x600">
<kw name="Open Browser" owner="SeleniumLibrary">
<msg time="2024-04-03T11:20:34.746041" level="INFO">Opening browser 'Chrome' to base url 'https://practice-automation.com/tables/'.</msg>
<arg>${URL}</arg>
<arg>${BROWSER}</arg>
<doc>Opens a new browser instance to the optional ``url``.</doc>
<status status="PASS" start="2024-04-03T11:20:34.746041" elapsed="6.649387"/>
</kw>
<kw name="Set Window Size" owner="SeleniumLibrary">
<arg>800</arg>
<arg>600</arg>
<doc>Sets current windows size to given ``width`` and ``height``.</doc>
<status status="PASS" start="2024-04-03T11:20:41.395428" elapsed="0.132361"/>
</kw>
<status status="PASS" start="2024-04-03T11:20:34.745044" elapsed="6.782745"/>
</kw>
<kw name="Wait Until Element Is Visible" owner="SeleniumLibrary">
<arg>xpath=//div[@id='tablepress-1_length']/label/select</arg>
<arg>10</arg>
<doc>Waits until the element ``locator`` is visible.</doc>
<status status="PASS" start="2024-04-03T11:20:41.529876" elapsed="0.054911"/>
</kw>
<kw name="Page Should Contain Element" owner="SeleniumLibrary">
<msg time="2024-04-03T11:20:41.600683" level="INFO">Current page contains element 'xpath=//div[@id='tablepress-1_length']/label/select'.</msg>
<arg>xpath=//div[@id='tablepress-1_length']/label/select</arg>
<doc>Verifies that element ``locator`` is found on the current page.</doc>
<status status="PASS" start="2024-04-03T11:20:41.586683" elapsed="0.015177"/>
</kw>
<kw name="Select From List By Value" owner="SeleniumLibrary">
<msg time="2024-04-03T11:20:41.603791" level="INFO">Selecting options from selection list 'xpath=//*[@id="tablepress-1_length"]/label/select' by value 50.</msg>
<arg>xpath=//*[@id="tablepress-1_length"]/label/select</arg>
<arg>50</arg>
<doc>Selects options from selection list ``locator`` by ``values``.</doc>
<status status="PASS" start="2024-04-03T11:20:41.602758" elapsed="0.181185"/>
</kw>
<kw name="Get Selected List Value" owner="SeleniumLibrary">
<msg time="2024-04-03T11:20:41.928296" level="INFO">${Select} = 50</msg>
<var>${Select}</var>
<arg>xpath=//div[@id='tablepress-1_length']/label/select</arg>
<doc>Returns the value of selected option from selection list ``locator``.</doc>
<status status="PASS" start="2024-04-03T11:20:41.784947" elapsed="0.143349"/>
</kw>
<kw name="Should Be Equal As Strings" owner="BuiltIn">
<arg>${Select}</arg>
<arg>50</arg>
<doc>Fails if objects are unequal after converting them to strings.</doc>
<status status="PASS" start="2024-04-03T11:20:41.929309" elapsed="0.000000"/>
</kw>
<kw name="Get Element Count" owner="SeleniumLibrary">
<msg time="2024-04-03T11:20:41.945340" level="INFO">${Rows} = 25</msg>
<var>${Rows}</var>
<arg>xpath=//table[@id='tablepress-1']/tbody/tr</arg>
<doc>Returns the number of elements matching ``locator``.</doc>
<status status="PASS" start="2024-04-03T11:20:41.930309" elapsed="0.015031"/>
</kw>
<kw name="Should Be Equal As Numbers" owner="BuiltIn">
<msg time="2024-04-03T11:20:41.947338" level="INFO">Argument types are:
&lt;class 'int'&gt;
&lt;class 'str'&gt;</msg>
<arg>${Rows}</arg>
<arg>25</arg>
<doc>Fails if objects are unequal after converting them to real numbers.</doc>
<status status="PASS" start="2024-04-03T11:20:41.946338" elapsed="0.001000"/>
</kw>
<kw name="Scroll Element Into View" owner="SeleniumLibrary">
<arg>${NEXT_BTN}</arg>
<doc>Scrolls the element identified by ``locator`` into view.</doc>
<status status="PASS" start="2024-04-03T11:20:41.948340" elapsed="0.329764"/>
</kw>
<kw name="Get Element Attribute" owner="SeleniumLibrary">
<msg time="2024-04-03T11:20:42.313901" level="INFO">${class_next} = paginate_button next disabled</msg>
<var>${class_next}</var>
<arg>${NEXT_BTN}</arg>
<arg>class</arg>
<doc>Returns the value of ``attribute`` from the element ``locator``.</doc>
<status status="PASS" start="2024-04-03T11:20:42.280107" elapsed="0.034840"/>
</kw>
<kw name="Should Contain" owner="BuiltIn">
<arg>${class_next}</arg>
<arg>disabled</arg>
<doc>Fails if ``container`` does not contain ``item`` one or more times.</doc>
<status status="PASS" start="2024-04-03T11:20:42.316965" elapsed="0.000000"/>
</kw>
<kw name="Get Element Attribute" owner="SeleniumLibrary">
<msg time="2024-04-03T11:20:42.361422" level="INFO">${class_prev} = paginate_button previous disabled</msg>
<var>${class_prev}</var>
<arg>${PREV_BTN}</arg>
<arg>class</arg>
<doc>Returns the value of ``attribute`` from the element ``locator``.</doc>
<status status="PASS" start="2024-04-03T11:20:42.318592" elapsed="0.042830"/>
</kw>
<kw name="Should Contain" owner="BuiltIn">
<arg>${class_prev}</arg>
<arg>disabled</arg>
<doc>Fails if ``container`` does not contain ``item`` one or more times.</doc>
<status status="PASS" start="2024-04-03T11:20:42.362785" elapsed="0.001017"/>
</kw>
<kw name="Close All Browsers" owner="SeleniumLibrary">
<doc>Closes all open browsers and resets the browser cache.</doc>
<status status="PASS" start="2024-04-03T11:20:42.364798" elapsed="6.262608"/>
</kw>
<status status="PASS" start="2024-04-03T11:20:34.744042" elapsed="13.885364"/>
</test>
<test id="s1-t5" name="TC4: Display 100 entries" line="136">
<kw name="Open Browser 800x600">
<kw name="Open Browser" owner="SeleniumLibrary">
<msg time="2024-04-03T11:20:48.634644" level="INFO">Opening browser 'Chrome' to base url 'https://practice-automation.com/tables/'.</msg>
<arg>${URL}</arg>
<arg>${BROWSER}</arg>
<doc>Opens a new browser instance to the optional ``url``.</doc>
<status status="PASS" start="2024-04-03T11:20:48.634644" elapsed="5.971182"/>
</kw>
<kw name="Set Window Size" owner="SeleniumLibrary">
<arg>800</arg>
<arg>600</arg>
<doc>Sets current windows size to given ``width`` and ``height``.</doc>
<status status="PASS" start="2024-04-03T11:20:54.605826" elapsed="0.120918"/>
</kw>
<status status="PASS" start="2024-04-03T11:20:48.633624" elapsed="6.093120"/>
</kw>
<kw name="Wait Until Element Is Visible" owner="SeleniumLibrary">
<arg>xpath=//div[@id='tablepress-1_length']/label/select</arg>
<arg>10</arg>
<doc>Waits until the element ``locator`` is visible.</doc>
<status status="PASS" start="2024-04-03T11:20:54.728813" elapsed="0.044971"/>
</kw>
<kw name="Page Should Contain Element" owner="SeleniumLibrary">
<msg time="2024-04-03T11:20:54.787101" level="INFO">Current page contains element 'xpath=//div[@id='tablepress-1_length']/label/select'.</msg>
<arg>xpath=//div[@id='tablepress-1_length']/label/select</arg>
<doc>Verifies that element ``locator`` is found on the current page.</doc>
<status status="PASS" start="2024-04-03T11:20:54.774781" elapsed="0.012320"/>
</kw>
<kw name="Select From List By Value" owner="SeleniumLibrary">
<msg time="2024-04-03T11:20:54.788112" level="INFO">Selecting options from selection list 'xpath=//*[@id="tablepress-1_length"]/label/select' by value 100.</msg>
<arg>xpath=//*[@id="tablepress-1_length"]/label/select</arg>
<arg>100</arg>
<doc>Selects options from selection list ``locator`` by ``values``.</doc>
<status status="PASS" start="2024-04-03T11:20:54.788112" elapsed="0.121041"/>
</kw>
<kw name="Get Selected List Value" owner="SeleniumLibrary">
<msg time="2024-04-03T11:20:54.991600" level="INFO">${Select} = 100</msg>
<var>${Select}</var>
<arg>xpath=//div[@id='tablepress-1_length']/label/select</arg>
<doc>Returns the value of selected option from selection list ``locator``.</doc>
<status status="PASS" start="2024-04-03T11:20:54.910154" elapsed="0.081446"/>
</kw>
<kw name="Should Be Equal As Strings" owner="BuiltIn">
<arg>${Select}</arg>
<arg>100</arg>
<doc>Fails if objects are unequal after converting them to strings.</doc>
<status status="PASS" start="2024-04-03T11:20:54.991600" elapsed="0.001398"/>
</kw>
<kw name="Get Element Count" owner="SeleniumLibrary">
<msg time="2024-04-03T11:20:55.007887" level="INFO">${Rows} = 25</msg>
<var>${Rows}</var>
<arg>xpath=//table[@id='tablepress-1']/tbody/tr</arg>
<doc>Returns the number of elements matching ``locator``.</doc>
<status status="PASS" start="2024-04-03T11:20:54.994008" elapsed="0.013879"/>
</kw>
<kw name="Should Be Equal As Numbers" owner="BuiltIn">
<msg time="2024-04-03T11:20:55.008897" level="INFO">Argument types are:
&lt;class 'int'&gt;
&lt;class 'str'&gt;</msg>
<arg>${Rows}</arg>
<arg>25</arg>
<doc>Fails if objects are unequal after converting them to real numbers.</doc>
<status status="PASS" start="2024-04-03T11:20:55.007887" elapsed="0.001010"/>
</kw>
<kw name="Scroll Element Into View" owner="SeleniumLibrary">
<arg>${NEXT_BTN}</arg>
<doc>Scrolls the element identified by ``locator`` into view.</doc>
<status status="PASS" start="2024-04-03T11:20:55.008897" elapsed="0.293361"/>
</kw>
<kw name="Get Element Attribute" owner="SeleniumLibrary">
<msg time="2024-04-03T11:20:55.334357" level="INFO">${class_next} = paginate_button next disabled</msg>
<var>${class_next}</var>
<arg>${NEXT_BTN}</arg>
<arg>class</arg>
<doc>Returns the value of ``attribute`` from the element ``locator``.</doc>
<status status="PASS" start="2024-04-03T11:20:55.304364" elapsed="0.029993"/>
</kw>
<kw name="Should Contain" owner="BuiltIn">
<arg>${class_next}</arg>
<arg>disabled</arg>
<doc>Fails if ``container`` does not contain ``item`` one or more times.</doc>
<status status="PASS" start="2024-04-03T11:20:55.335355" elapsed="0.001002"/>
</kw>
<kw name="Get Element Attribute" owner="SeleniumLibrary">
<msg time="2024-04-03T11:20:55.392541" level="INFO">${class_prev} = paginate_button previous disabled</msg>
<var>${class_prev}</var>
<arg>${PREV_BTN}</arg>
<arg>class</arg>
<doc>Returns the value of ``attribute`` from the element ``locator``.</doc>
<status status="PASS" start="2024-04-03T11:20:55.336357" elapsed="0.057325"/>
</kw>
<kw name="Should Contain" owner="BuiltIn">
<arg>${class_prev}</arg>
<arg>disabled</arg>
<doc>Fails if ``container`` does not contain ``item`` one or more times.</doc>
<status status="PASS" start="2024-04-03T11:20:55.394696" elapsed="0.000000"/>
</kw>
<kw name="Close All Browsers" owner="SeleniumLibrary">
<doc>Closes all open browsers and resets the browser cache.</doc>
<status status="PASS" start="2024-04-03T11:20:55.396691" elapsed="6.350288"/>
</kw>
<status status="PASS" start="2024-04-03T11:20:48.632401" elapsed="13.115599"/>
</test>
<test id="s1-t6" name="TC5: String keyword = cell value" line="159">
<kw name="Open Browser 800x600">
<kw name="Open Browser" owner="SeleniumLibrary">
<msg time="2024-04-03T11:21:01.751998" level="INFO">Opening browser 'Chrome' to base url 'https://practice-automation.com/tables/'.</msg>
<arg>${URL}</arg>
<arg>${BROWSER}</arg>
<doc>Opens a new browser instance to the optional ``url``.</doc>
<status status="PASS" start="2024-04-03T11:21:01.751998" elapsed="6.172664"/>
</kw>
<kw name="Set Window Size" owner="SeleniumLibrary">
<arg>800</arg>
<arg>600</arg>
<doc>Sets current windows size to given ``width`` and ``height``.</doc>
<status status="PASS" start="2024-04-03T11:21:07.926025" elapsed="0.122087"/>
</kw>
<status status="PASS" start="2024-04-03T11:21:01.750999" elapsed="6.297113"/>
</kw>
<kw name="Page Should Contain Element" owner="SeleniumLibrary">
<msg time="2024-04-03T11:21:08.074569" level="INFO">Current page contains element '//div[@id='tablepress-1_filter']/label/input'.</msg>
<arg>//div[@id='tablepress-1_filter']/label/input</arg>
<doc>Verifies that element ``locator`` is found on the current page.</doc>
<status status="PASS" start="2024-04-03T11:21:08.049037" elapsed="0.025532"/>
</kw>
<kw name="Scroll Element Into View" owner="SeleniumLibrary">
<arg>//div[@id='tablepress-1_filter']/label/input</arg>
<doc>Scrolls the element identified by ``locator`` into view.</doc>
<status status="PASS" start="2024-04-03T11:21:08.076570" elapsed="0.298177"/>
</kw>
<kw name="Clear search input">
<kw name="Clear Element Text" owner="SeleniumLibrary">
<arg>locator=//div[@id='tablepress-1_filter']/label/Input</arg>
<doc>Clears the value of the text-input-element identified by ``locator``.</doc>
<status status="PASS" start="2024-04-03T11:21:08.377837" elapsed="0.096205"/>
</kw>
<kw name="Get Value" owner="SeleniumLibrary">
<msg time="2024-04-03T11:21:08.504088" level="INFO">${input} = </msg>
<var>${input}</var>
<arg>//div[@id='tablepress-1_filter']/label/input</arg>
<doc>Returns the value attribute of the element identified by ``locator``.</doc>
<status status="PASS" start="2024-04-03T11:21:08.474042" elapsed="0.030046"/>
</kw>
<kw name="Should Be Empty" owner="BuiltIn">
<msg time="2024-04-03T11:21:08.505089" level="INFO">Length is 0.</msg>
<arg>${input}</arg>
<doc>Verifies that the given item is empty.</doc>
<status status="PASS" start="2024-04-03T11:21:08.505089" elapsed="0.000998"/>
</kw>
<status status="PASS" start="2024-04-03T11:21:08.376789" elapsed="0.129298"/>
</kw>
<kw name="Scroll Element Into View" owner="SeleniumLibrary">
<arg>//div[@id='tablepress-1_filter']/label/input</arg>
<doc>Scrolls the element identified by ``locator`` into view.</doc>
<status status="PASS" start="2024-04-03T11:21:08.506633" elapsed="0.304262"/>
</kw>
<kw name="Input Text" owner="SeleniumLibrary">
<msg time="2024-04-03T11:21:08.812930" level="INFO">Typing text 'India' into text field '//div[@id='tablepress-1_filter']/label/input'.</msg>
<arg>//div[@id='tablepress-1_filter']/label/input</arg>
<arg>India</arg>
<doc>Types the given ``text`` into the text field identified by ``locator``.</doc>
<status status="PASS" start="2024-04-03T11:21:08.811829" elapsed="0.230646"/>
</kw>
<kw name="Textfield Value Should Be" owner="SeleniumLibrary">
<msg time="2024-04-03T11:21:09.078050" level="INFO">Content of text field '//div[@id='tablepress-1_filter']/label/input' is 'India'.</msg>
<arg>//div[@id='tablepress-1_filter']/label/input</arg>
<arg>India</arg>
<doc>Verifies text field ``locator`` has exactly text ``expected``.</doc>
<status status="PASS" start="2024-04-03T11:21:09.043474" elapsed="0.034576"/>
</kw>
<kw name="Verify Search Result">
<kw name="Get Element Count" owner="SeleniumLibrary">
<msg time="2024-04-03T11:21:09.097842" level="INFO">${row_count} = 1</msg>
<var>${row_count}</var>
<arg>${table}/tbody/tr</arg>
<doc>Returns the number of elements matching ``locator``.</doc>
<status status="PASS" start="2024-04-03T11:21:09.081061" elapsed="0.016781"/>
</kw>
<kw name="Get Text" owner="SeleniumLibrary">
<msg time="2024-04-03T11:21:09.129764" level="INFO">${first_cell_value} = 1</msg>
<var>${first_cell_value}</var>
<arg>${table}/tbody/tr[1]/td[1]</arg>
<doc>Returns the text value of the element identified by ``locator``.</doc>
<status status="PASS" start="2024-04-03T11:21:09.097842" elapsed="0.031922"/>
</kw>
<kw name="Set Variable" owner="BuiltIn">
<msg time="2024-04-03T11:21:09.131761" level="INFO">${res} = True</msg>
<var>${res}</var>
<arg>${True}</arg>
<doc>Returns the given values which can then be assigned to a variables.</doc>
<status status="PASS" start="2024-04-03T11:21:09.130757" elapsed="0.001004"/>
</kw>
<kw name="Log To Console" owner="BuiltIn">
<arg>row_count: ${row_count}</arg>
<doc>Logs the given message to the console.</doc>
<status status="PASS" start="2024-04-03T11:21:09.131761" elapsed="0.000999"/>
</kw>
<if>
<branch type="IF" condition="'${first_cell_value}' != 'No matching records found'">
<for flavor="IN RANGE">
<iter>
<kw name="Get Text" owner="SeleniumLibrary">
<msg time="2024-04-03T11:21:09.163107" level="INFO">${row_data} = 1 India 1,429</msg>
<var>${row_data}</var>
<arg>${table}/tbody/tr[${i}]</arg>
<doc>Returns the text value of the element identified by ``locator``.</doc>
<status status="PASS" start="2024-04-03T11:21:09.134761" elapsed="0.028346"/>
</kw>
<kw name="Check Keyword In Row">
<kw name="Convert To String" owner="BuiltIn">
<msg time="2024-04-03T11:21:09.166123" level="INFO">${row_text} = 1 India 1,429</msg>
<var>${row_text}</var>
<arg>${row_data}</arg>
<doc>Converts the given item to a Unicode string.</doc>
<status status="PASS" start="2024-04-03T11:21:09.165124" elapsed="0.000999"/>
</kw>
<kw name="Convert To Lower Case" owner="String">
<msg time="2024-04-03T11:21:09.166123" level="INFO">${lowercase_row} = 1 india 1,429</msg>
<var>${lowercase_row}</var>
<arg>${row_text}</arg>
<doc>Converts string to lower case.</doc>
<status status="PASS" start="2024-04-03T11:21:09.166123" elapsed="0.000000"/>
</kw>
<kw name="Convert To Lower Case" owner="String">
<msg time="2024-04-03T11:21:09.167489" level="INFO">${lowercase_keyword} = india</msg>
<var>${lowercase_keyword}</var>
<arg>${keyword}</arg>
<doc>Converts string to lower case.</doc>
<status status="PASS" start="2024-04-03T11:21:09.167489" elapsed="0.000000"/>
</kw>
<kw name="Run Keyword If" owner="BuiltIn">
<kw name="Return From Keyword" owner="BuiltIn">
<msg time="2024-04-03T11:21:09.168507" level="INFO">Returning from the enclosing user keyword.</msg>
<arg>${TRUE}</arg>
<doc>Returns from the enclosing user keyword.</doc>
<status status="PASS" start="2024-04-03T11:21:09.168507" elapsed="0.000000"/>
</kw>
<arg>'${lowercase_keyword}' in '${lowercase_row}'</arg>
<arg>Return From Keyword</arg>
<arg>${TRUE}</arg>
<doc>Runs the given keyword with the given arguments, if ``condition`` is true.</doc>
<status status="PASS" start="2024-04-03T11:21:09.168507" elapsed="0.000000"/>
</kw>
<return>
<value>${FALSE}</value>
<status status="NOT RUN" start="2024-04-03T11:21:09.168507" elapsed="0.001302"/>
</return>
<msg time="2024-04-03T11:21:09.169809" level="INFO">${res} = True</msg>
<var>${res}</var>
<arg>${row_data}</arg>
<arg>${keyword}</arg>
<status status="PASS" start="2024-04-03T11:21:09.164125" elapsed="0.005684"/>
</kw>
<if>
<branch type="IF" condition="'${res}' == ${FALSE}">
<return>
<value>${FALSE}</value>
<status status="NOT RUN" start="2024-04-03T11:21:09.170914" elapsed="0.000000"/>
</return>
<status status="NOT RUN" start="2024-04-03T11:21:09.169809" elapsed="0.001105"/>
</branch>
<status status="PASS" start="2024-04-03T11:21:09.169809" elapsed="0.001105"/>
</if>
<var name="${i}">1</var>
<status status="PASS" start="2024-04-03T11:21:09.134761" elapsed="0.036153"/>
</iter>
<var>${i}</var>
<value>1</value>
<value>${row_count}+1</value>
<status status="PASS" start="2024-04-03T11:21:09.133755" elapsed="0.037159"/>
</for>
<status status="PASS" start="2024-04-03T11:21:09.133755" elapsed="0.037159"/>
</branch>
<status status="PASS" start="2024-04-03T11:21:09.133755" elapsed="0.037159"/>
</if>
<return>
<value>${res}</value>
<status status="PASS" start="2024-04-03T11:21:09.170914" elapsed="0.000000"/>
</return>
<msg time="2024-04-03T11:21:09.171932" level="INFO">${res} = True</msg>
<var>${res}</var>
<arg>${TABLE}</arg>
<arg>India</arg>
<status status="PASS" start="2024-04-03T11:21:09.080050" elapsed="0.091882"/>
</kw>
<kw name="Should Be True" owner="BuiltIn">
<arg>${res}</arg>
<doc>Fails if the given condition is not true.</doc>
<status status="PASS" start="2024-04-03T11:21:09.172930" elapsed="0.000000"/>
</kw>
<kw name="Log To Console" owner="BuiltIn">
<arg>Search result = ${res}</arg>
<doc>Logs the given message to the console.</doc>
<status status="PASS" start="2024-04-03T11:21:09.174369" elapsed="0.001119"/>
</kw>
<kw name="Close All Browsers" owner="SeleniumLibrary">
<doc>Closes all open browsers and resets the browser cache.</doc>
<status status="PASS" start="2024-04-03T11:21:09.175998" elapsed="6.263956"/>
</kw>
<status status="PASS" start="2024-04-03T11:21:01.750001" elapsed="13.691272"/>
</test>
<test id="s1-t7" name="TC6: String keyword = part of cell value" line="177">
<kw name="Open Browser 800x600">
<kw name="Open Browser" owner="SeleniumLibrary">
<msg time="2024-04-03T11:21:15.445949" level="INFO">Opening browser 'Chrome' to base url 'https://practice-automation.com/tables/'.</msg>
<arg>${URL}</arg>
<arg>${BROWSER}</arg>
<doc>Opens a new browser instance to the optional ``url``.</doc>
<status status="PASS" start="2024-04-03T11:21:15.444427" elapsed="8.423695"/>
</kw>
<kw name="Set Window Size" owner="SeleniumLibrary">
<arg>800</arg>
<arg>600</arg>
<doc>Sets current windows size to given ``width`` and ``height``.</doc>
<status status="PASS" start="2024-04-03T11:21:23.868122" elapsed="0.123957"/>
</kw>
<status status="PASS" start="2024-04-03T11:21:15.444427" elapsed="8.547652"/>
</kw>
<kw name="Clear search input">
<kw name="Clear Element Text" owner="SeleniumLibrary">
<arg>locator=//div[@id='tablepress-1_filter']/label/Input</arg>
<doc>Clears the value of the text-input-element identified by ``locator``.</doc>
<status status="PASS" start="2024-04-03T11:21:23.994169" elapsed="0.106788"/>
</kw>
<kw name="Get Value" owner="SeleniumLibrary">
<msg time="2024-04-03T11:21:24.145308" level="INFO">${input} = </msg>
<var>${input}</var>
<arg>//div[@id='tablepress-1_filter']/label/input</arg>
<doc>Returns the value attribute of the element identified by ``locator``.</doc>
<status status="PASS" start="2024-04-03T11:21:24.100957" elapsed="0.044351"/>
</kw>
<kw name="Should Be Empty" owner="BuiltIn">
<msg time="2024-04-03T11:21:24.146254" level="INFO">Length is 0.</msg>
<arg>${input}</arg>
<doc>Verifies that the given item is empty.</doc>
<status status="PASS" start="2024-04-03T11:21:24.145308" elapsed="0.000946"/>
</kw>
<status status="PASS" start="2024-04-03T11:21:23.994169" elapsed="0.153081"/>
</kw>
<kw name="Scroll Element Into View" owner="SeleniumLibrary">
<arg>//div[@id='tablepress-1_filter']/label/input</arg>
<doc>Scrolls the element identified by ``locator`` into view.</doc>
<status status="PASS" start="2024-04-03T11:21:24.148250" elapsed="0.313116"/>
</kw>
<kw name="Input Text" owner="SeleniumLibrary">
<msg time="2024-04-03T11:21:24.463363" level="INFO">Typing text 'ind' into text field '//div[@id='tablepress-1_filter']/label/input'.</msg>
<arg>//div[@id='tablepress-1_filter']/label/input</arg>
<arg>ind</arg>
<doc>Types the given ``text`` into the text field identified by ``locator``.</doc>
<status status="PASS" start="2024-04-03T11:21:24.462454" elapsed="0.199214"/>
</kw>
<kw name="Textfield Value Should Be" owner="SeleniumLibrary">
<msg time="2024-04-03T11:21:24.699432" level="INFO">Content of text field '//div[@id='tablepress-1_filter']/label/input' is 'ind'.</msg>
<arg>//div[@id='tablepress-1_filter']/label/input</arg>
<arg>ind</arg>
<doc>Verifies text field ``locator`` has exactly text ``expected``.</doc>
<status status="PASS" start="2024-04-03T11:21:24.662699" elapsed="0.036733"/>
</kw>
<kw name="Verify Search Result">
<kw name="Get Element Count" owner="SeleniumLibrary">
<msg time="2024-04-03T11:21:24.720518" level="INFO">${row_count} = 2</msg>
<var>${row_count}</var>
<arg>${table}/tbody/tr</arg>
<doc>Returns the number of elements matching ``locator``.</doc>
<status status="PASS" start="2024-04-03T11:21:24.701439" elapsed="0.020095"/>
</kw>
<kw name="Get Text" owner="SeleniumLibrary">
<msg time="2024-04-03T11:21:24.752202" level="INFO">${first_cell_value} = 1</msg>
<var>${first_cell_value}</var>
<arg>${table}/tbody/tr[1]/td[1]</arg>
<doc>Returns the text value of the element identified by ``locator``.</doc>
<status status="PASS" start="2024-04-03T11:21:24.721534" elapsed="0.031686"/>
</kw>
<kw name="Set Variable" owner="BuiltIn">
<msg time="2024-04-03T11:21:24.754217" level="INFO">${res} = True</msg>
<var>${res}</var>
<arg>${True}</arg>
<doc>Returns the given values which can then be assigned to a variables.</doc>
<status status="PASS" start="2024-04-03T11:21:24.753220" elapsed="0.000997"/>
</kw>
<kw name="Log To Console" owner="BuiltIn">
<arg>row_count: ${row_count}</arg>
<doc>Logs the given message to the console.</doc>
<status status="PASS" start="2024-04-03T11:21:24.754217" elapsed="0.000988"/>
</kw>
<if>
<branch type="IF" condition="'${first_cell_value}' != 'No matching records found'">
<for flavor="IN RANGE">
<iter>
<kw name="Get Text" owner="SeleniumLibrary">
<msg time="2024-04-03T11:21:24.789348" level="INFO">${row_data} = 1 India 1,429</msg>
<var>${row_data}</var>
<arg>${table}/tbody/tr[${i}]</arg>
<doc>Returns the text value of the element identified by ``locator``.</doc>
<status status="PASS" start="2024-04-03T11:21:24.757221" elapsed="0.032127"/>
</kw>
<kw name="Check Keyword In Row">
<kw name="Convert To String" owner="BuiltIn">
<msg time="2024-04-03T11:21:24.791309" level="INFO">${row_text} = 1 India 1,429</msg>
<var>${row_text}</var>
<arg>${row_data}</arg>
<doc>Converts the given item to a Unicode string.</doc>
<status status="PASS" start="2024-04-03T11:21:24.791309" elapsed="0.000947"/>
</kw>
<kw name="Convert To Lower Case" owner="String">
<msg time="2024-04-03T11:21:24.792256" level="INFO">${lowercase_row} = 1 india 1,429</msg>
<var>${lowercase_row}</var>
<arg>${row_text}</arg>
<doc>Converts string to lower case.</doc>
<status status="PASS" start="2024-04-03T11:21:24.792256" elapsed="0.001102"/>
</kw>
<kw name="Convert To Lower Case" owner="String">
<msg time="2024-04-03T11:21:24.793358" level="INFO">${lowercase_keyword} = ind</msg>
<var>${lowercase_keyword}</var>
<arg>${keyword}</arg>
<doc>Converts string to lower case.</doc>
<status status="PASS" start="2024-04-03T11:21:24.793358" elapsed="0.000000"/>
</kw>
<kw name="Run Keyword If" owner="BuiltIn">
<kw name="Return From Keyword" owner="BuiltIn">
<msg time="2024-04-03T11:21:24.794359" level="INFO">Returning from the enclosing user keyword.</msg>
<arg>${TRUE}</arg>
<doc>Returns from the enclosing user keyword.</doc>
<status status="PASS" start="2024-04-03T11:21:24.794359" elapsed="0.000993"/>
</kw>
<arg>'${lowercase_keyword}' in '${lowercase_row}'</arg>
<arg>Return From Keyword</arg>
<arg>${TRUE}</arg>
<doc>Runs the given keyword with the given arguments, if ``condition`` is true.</doc>
<status status="PASS" start="2024-04-03T11:21:24.794359" elapsed="0.000993"/>
</kw>
<return>
<value>${FALSE}</value>
<status status="NOT RUN" start="2024-04-03T11:21:24.795352" elapsed="0.000000"/>
</return>
<msg time="2024-04-03T11:21:24.795352" level="INFO">${res} = True</msg>
<var>${res}</var>
<arg>${row_data}</arg>
<arg>${keyword}</arg>
<status status="PASS" start="2024-04-03T11:21:24.789348" elapsed="0.006004"/>
</kw>
<if>
<branch type="IF" condition="'${res}' == ${FALSE}">
<return>
<value>${FALSE}</value>
<status status="NOT RUN" start="2024-04-03T11:21:24.796346" elapsed="0.000000"/>
</return>
<status status="NOT RUN" start="2024-04-03T11:21:24.796346" elapsed="0.000000"/>
</branch>
<status status="PASS" start="2024-04-03T11:21:24.796346" elapsed="0.000000"/>
</if>
<var name="${i}">1</var>
<status status="PASS" start="2024-04-03T11:21:24.757221" elapsed="0.039125"/>
</iter>
<iter>
<kw name="Get Text" owner="SeleniumLibrary">
<msg time="2024-04-03T11:21:24.831494" level="INFO">${row_data} = 4 Indonesia 277.5</msg>
<var>${row_data}</var>
<arg>${table}/tbody/tr[${i}]</arg>
<doc>Returns the text value of the element identified by ``locator``.</doc>
<status status="PASS" start="2024-04-03T11:21:24.798255" elapsed="0.033239"/>
</kw>
<kw name="Check Keyword In Row">
<kw name="Convert To String" owner="BuiltIn">
<msg time="2024-04-03T11:21:24.833488" level="INFO">${row_text} = 4 Indonesia 277.5</msg>
<var>${row_text}</var>
<arg>${row_data}</arg>
<doc>Converts the given item to a Unicode string.</doc>
<status status="PASS" start="2024-04-03T11:21:24.832495" elapsed="0.000993"/>
</kw>
<kw name="Convert To Lower Case" owner="String">
<msg time="2024-04-03T11:21:24.834400" level="INFO">${lowercase_row} = 4 indonesia 277.5</msg>
<var>${lowercase_row}</var>
<arg>${row_text}</arg>
<doc>Converts string to lower case.</doc>
<status status="PASS" start="2024-04-03T11:21:24.833488" elapsed="0.000912"/>
</kw>
<kw name="Convert To Lower Case" owner="String">
<msg time="2024-04-03T11:21:24.835402" level="INFO">${lowercase_keyword} = ind</msg>
<var>${lowercase_keyword}</var>
<arg>${keyword}</arg>
<doc>Converts string to lower case.</doc>
<status status="PASS" start="2024-04-03T11:21:24.834400" elapsed="0.001002"/>
</kw>
<kw name="Run Keyword If" owner="BuiltIn">
<kw name="Return From Keyword" owner="BuiltIn">
<msg time="2024-04-03T11:21:24.836458" level="INFO">Returning from the enclosing user keyword.</msg>
<arg>${TRUE}</arg>
<doc>Returns from the enclosing user keyword.</doc>
<status status="PASS" start="2024-04-03T11:21:24.836458" elapsed="0.000000"/>
</kw>
<arg>'${lowercase_keyword}' in '${lowercase_row}'</arg>
<arg>Return From Keyword</arg>
<arg>${TRUE}</arg>
<doc>Runs the given keyword with the given arguments, if ``condition`` is true.</doc>
<status status="PASS" start="2024-04-03T11:21:24.835402" elapsed="0.001056"/>
</kw>
<return>
<value>${FALSE}</value>
<status status="NOT RUN" start="2024-04-03T11:21:24.836458" elapsed="0.000000"/>
</return>
<msg time="2024-04-03T11:21:24.837414" level="INFO">${res} = True</msg>
<var>${res}</var>
<arg>${row_data}</arg>
<arg>${keyword}</arg>
<status status="PASS" start="2024-04-03T11:21:24.831494" elapsed="0.005920"/>
</kw>
<if>
<branch type="IF" condition="'${res}' == ${FALSE}">
<return>
<value>${FALSE}</value>
<status status="NOT RUN" start="2024-04-03T11:21:24.837414" elapsed="0.000986"/>
</return>
<status status="NOT RUN" start="2024-04-03T11:21:24.837414" elapsed="0.000986"/>
</branch>
<status status="PASS" start="2024-04-03T11:21:24.837414" elapsed="0.000986"/>
</if>
<var name="${i}">2</var>
<status status="PASS" start="2024-04-03T11:21:24.797253" elapsed="0.041147"/>
</iter>
<var>${i}</var>
<value>1</value>
<value>${row_count}+1</value>
<status status="PASS" start="2024-04-03T11:21:24.756203" elapsed="0.082197"/>
</for>
<status status="PASS" start="2024-04-03T11:21:24.756203" elapsed="0.082197"/>
</branch>
<status status="PASS" start="2024-04-03T11:21:24.755205" elapsed="0.083195"/>
</if>
<return>
<value>${res}</value>
<status status="PASS" start="2024-04-03T11:21:24.839398" elapsed="0.000000"/>
</return>
<msg time="2024-04-03T11:21:24.839398" level="INFO">${res} = True</msg>
<var>${res}</var>
<arg>${TABLE}</arg>
<arg>ind</arg>
<status status="PASS" start="2024-04-03T11:21:24.701439" elapsed="0.137959"/>
</kw>
<kw name="Should Be True" owner="BuiltIn">
<arg>${res}</arg>
<doc>Fails if the given condition is not true.</doc>
<status status="PASS" start="2024-04-03T11:21:24.840865" elapsed="0.000000"/>
</kw>
<kw name="Log To Console" owner="BuiltIn">
<arg>Search result = ${res}</arg>
<doc>Logs the given message to the console.</doc>
<status status="PASS" start="2024-04-03T11:21:24.840865" elapsed="0.003523"/>
</kw>
<kw name="Close All Browsers" owner="SeleniumLibrary">
<doc>Closes all open browsers and resets the browser cache.</doc>
<status status="PASS" start="2024-04-03T11:21:24.844388" elapsed="6.279630"/>
</kw>
<status status="PASS" start="2024-04-03T11:21:15.443414" elapsed="15.681602"/>
</test>
<test id="s1-t8" name="TC7: Number keyword = cell value" line="191">
<kw name="Open Browser 800x600">
<kw name="Open Browser" owner="SeleniumLibrary">
<msg time="2024-04-03T11:21:31.130012" level="INFO">Opening browser 'Chrome' to base url 'https://practice-automation.com/tables/'.</msg>
<arg>${URL}</arg>
<arg>${BROWSER}</arg>
<doc>Opens a new browser instance to the optional ``url``.</doc>
<status status="PASS" start="2024-04-03T11:21:31.129012" elapsed="3.531207"/>
</kw>
<kw name="Set Window Size" owner="SeleniumLibrary">
<arg>800</arg>
<arg>600</arg>
<doc>Sets current windows size to given ``width`` and ``height``.</doc>
<status status="PASS" start="2024-04-03T11:21:34.661214" elapsed="3.482495"/>
</kw>
<status status="PASS" start="2024-04-03T11:21:31.128014" elapsed="7.015695"/>
</kw>
<kw name="Clear search input">
<kw name="Clear Element Text" owner="SeleniumLibrary">
<arg>locator=//div[@id='tablepress-1_filter']/label/Input</arg>
<doc>Clears the value of the text-input-element identified by ``locator``.</doc>
<status status="PASS" start="2024-04-03T11:21:38.145720" elapsed="0.102177"/>
</kw>
<kw name="Get Value" owner="SeleniumLibrary">
<msg time="2024-04-03T11:21:38.291310" level="INFO">${input} = </msg>
<var>${input}</var>
<arg>//div[@id='tablepress-1_filter']/label/input</arg>
<doc>Returns the value attribute of the element identified by ``locator``.</doc>
<status status="PASS" start="2024-04-03T11:21:38.247897" elapsed="0.043413"/>
</kw>
<kw name="Should Be Empty" owner="BuiltIn">
<msg time="2024-04-03T11:21:38.293323" level="INFO">Length is 0.</msg>
<arg>${input}</arg>
<doc>Verifies that the given item is empty.</doc>
<status status="PASS" start="2024-04-03T11:21:38.292409" elapsed="0.000914"/>
</kw>
<status status="PASS" start="2024-04-03T11:21:38.145720" elapsed="0.147603"/>
</kw>
<kw name="Scroll Element Into View" owner="SeleniumLibrary">
<arg>//div[@id='tablepress-1_filter']/label/input</arg>
<doc>Scrolls the element identified by ``locator`` into view.</doc>
<status status="PASS" start="2024-04-03T11:21:38.295315" elapsed="0.301041"/>
</kw>
<kw name="Input Text" owner="SeleniumLibrary">
<msg time="2024-04-03T11:21:38.597355" level="INFO">Typing text '340' into text field '//div[@id='tablepress-1_filter']/label/input'.</msg>
<arg>//div[@id='tablepress-1_filter']/label/input</arg>
<arg>340</arg>
<doc>Types the given ``text`` into the text field identified by ``locator``.</doc>
<status status="PASS" start="2024-04-03T11:21:38.597355" elapsed="0.123824"/>
</kw>
<kw name="Textfield Value Should Be" owner="SeleniumLibrary">
<msg time="2024-04-03T11:21:38.752597" level="INFO">Content of text field '//div[@id='tablepress-1_filter']/label/input' is '340'.</msg>
<arg>//div[@id='tablepress-1_filter']/label/input</arg>
<arg>340</arg>
<doc>Verifies text field ``locator`` has exactly text ``expected``.</doc>
<status status="PASS" start="2024-04-03T11:21:38.722177" elapsed="0.030420"/>
</kw>
<kw name="Verify Search Result">
<kw name="Get Element Count" owner="SeleniumLibrary">
<msg time="2024-04-03T11:21:38.768545" level="INFO">${row_count} = 1</msg>
<var>${row_count}</var>
<arg>${table}/tbody/tr</arg>
<doc>Returns the number of elements matching ``locator``.</doc>
<status status="PASS" start="2024-04-03T11:21:38.754596" elapsed="0.013949"/>
</kw>
<kw name="Get Text" owner="SeleniumLibrary">
<msg time="2024-04-03T11:21:38.799855" level="INFO">${first_cell_value} = 3</msg>
<var>${first_cell_value}</var>
<arg>${table}/tbody/tr[1]/td[1]</arg>
<doc>Returns the text value of the element identified by ``locator``.</doc>
<status status="PASS" start="2024-04-03T11:21:38.768545" elapsed="0.032324"/>
</kw>
<kw name="Set Variable" owner="BuiltIn">
<msg time="2024-04-03T11:21:38.800869" level="INFO">${res} = True</msg>
<var>${res}</var>
<arg>${True}</arg>
<doc>Returns the given values which can then be assigned to a variables.</doc>
<status status="PASS" start="2024-04-03T11:21:38.800869" elapsed="0.000000"/>
</kw>
<kw name="Log To Console" owner="BuiltIn">
<arg>row_count: ${row_count}</arg>
<doc>Logs the given message to the console.</doc>
<status status="PASS" start="2024-04-03T11:21:38.801867" elapsed="0.001004"/>
</kw>
<if>
<branch type="IF" condition="'${first_cell_value}' != 'No matching records found'">
<for flavor="IN RANGE">
<iter>
<kw name="Get Text" owner="SeleniumLibrary">
<msg time="2024-04-03T11:21:38.836227" level="INFO">${row_data} = 3 United States 340</msg>
<var>${row_data}</var>
<arg>${table}/tbody/tr[${i}]</arg>
<doc>Returns the text value of the element identified by ``locator``.</doc>
<status status="PASS" start="2024-04-03T11:21:38.804869" elapsed="0.032368"/>
</kw>
<kw name="Check Keyword In Row">
<kw name="Convert To String" owner="BuiltIn">
<msg time="2024-04-03T11:21:38.839244" level="INFO">${row_text} = 3 United States 340</msg>
<var>${row_text}</var>
<arg>${row_data}</arg>
<doc>Converts the given item to a Unicode string.</doc>
<status status="PASS" start="2024-04-03T11:21:38.838238" elapsed="0.001006"/>
</kw>
<kw name="Convert To Lower Case" owner="String">
<msg time="2024-04-03T11:21:38.840245" level="INFO">${lowercase_row} = 3 united states 340</msg>
<var>${lowercase_row}</var>
<arg>${row_text}</arg>
<doc>Converts string to lower case.</doc>
<status status="PASS" start="2024-04-03T11:21:38.839244" elapsed="0.001001"/>
</kw>
<kw name="Convert To Lower Case" owner="String">
<msg time="2024-04-03T11:21:38.841243" level="INFO">${lowercase_keyword} = 340</msg>
<var>${lowercase_keyword}</var>
<arg>${keyword}</arg>
<doc>Converts string to lower case.</doc>
<status status="PASS" start="2024-04-03T11:21:38.840245" elapsed="0.000998"/>
</kw>
<kw name="Run Keyword If" owner="BuiltIn">
<kw name="Return From Keyword" owner="BuiltIn">
<msg time="2024-04-03T11:21:38.842242" level="INFO">Returning from the enclosing user keyword.</msg>
<arg>${TRUE}</arg>
<doc>Returns from the enclosing user keyword.</doc>
<status status="PASS" start="2024-04-03T11:21:38.842242" elapsed="0.001002"/>
</kw>
<arg>'${lowercase_keyword}' in '${lowercase_row}'</arg>
<arg>Return From Keyword</arg>
<arg>${TRUE}</arg>
<doc>Runs the given keyword with the given arguments, if ``condition`` is true.</doc>
<status status="PASS" start="2024-04-03T11:21:38.841243" elapsed="0.002001"/>
</kw>
<return>
<value>${FALSE}</value>
<status status="NOT RUN" start="2024-04-03T11:21:38.843244" elapsed="0.000000"/>
</return>
<msg time="2024-04-03T11:21:38.844335" level="INFO">${res} = True</msg>
<var>${res}</var>
<arg>${row_data}</arg>
<arg>${keyword}</arg>
<status status="PASS" start="2024-04-03T11:21:38.837237" elapsed="0.007098"/>
</kw>
<if>
<branch type="IF" condition="'${res}' == ${FALSE}">
<return>
<value>${FALSE}</value>
<status status="NOT RUN" start="2024-04-03T11:21:38.846412" elapsed="0.000000"/>
</return>
<status status="NOT RUN" start="2024-04-03T11:21:38.846412" elapsed="0.000000"/>
</branch>
<status status="PASS" start="2024-04-03T11:21:38.846412" elapsed="0.000000"/>
</if>
<var name="${i}">1</var>
<status status="PASS" start="2024-04-03T11:21:38.803876" elapsed="0.042536"/>
</iter>
<var>${i}</var>
<value>1</value>
<value>${row_count}+1</value>
<status status="PASS" start="2024-04-03T11:21:38.803876" elapsed="0.043534"/>
</for>
<status status="PASS" start="2024-04-03T11:21:38.802871" elapsed="0.044539"/>
</branch>
<status status="PASS" start="2024-04-03T11:21:38.802871" elapsed="0.044539"/>
</if>
<return>
<value>${res}</value>
<status status="PASS" start="2024-04-03T11:21:38.847410" elapsed="0.000000"/>
</return>
<msg time="2024-04-03T11:21:38.848409" level="INFO">${res} = True</msg>
<var>${res}</var>
<arg>${TABLE}</arg>
<arg>340</arg>
<status status="PASS" start="2024-04-03T11:21:38.753596" elapsed="0.094813"/>
</kw>
<kw name="Should Be True" owner="BuiltIn">
<arg>${res}</arg>
<doc>Fails if the given condition is not true.</doc>
<status status="PASS" start="2024-04-03T11:21:38.849408" elapsed="0.004477"/>
</kw>
<kw name="Log To Console" owner="BuiltIn">
<arg>Search result = ${res}</arg>
<doc>Logs the given message to the console.</doc>
<status status="PASS" start="2024-04-03T11:21:38.853885" elapsed="0.000814"/>
</kw>
<kw name="Close All Browsers" owner="SeleniumLibrary">
<doc>Closes all open browsers and resets the browser cache.</doc>
<status status="PASS" start="2024-04-03T11:21:38.855709" elapsed="6.228368"/>
</kw>
<status status="PASS" start="2024-04-03T11:21:31.127020" elapsed="13.959285"/>
</test>
<test id="s1-t9" name="TC8: Number keyword = part of cell value" line="205">
<kw name="Open Browser 800x600">
<kw name="Open Browser" owner="SeleniumLibrary">
<msg time="2024-04-03T11:21:45.091815" level="INFO">Opening browser 'Chrome' to base url 'https://practice-automation.com/tables/'.</msg>
<arg>${URL}</arg>
<arg>${BROWSER}</arg>
<doc>Opens a new browser instance to the optional ``url``.</doc>
<status status="PASS" start="2024-04-03T11:21:45.091303" elapsed="6.179986"/>
</kw>
<kw name="Set Window Size" owner="SeleniumLibrary">
<arg>800</arg>
<arg>600</arg>
<doc>Sets current windows size to given ``width`` and ``height``.</doc>
<status status="PASS" start="2024-04-03T11:21:51.272289" elapsed="0.126978"/>
</kw>
<status status="PASS" start="2024-04-03T11:21:45.090304" elapsed="6.310056"/>
</kw>
<kw name="Clear search input">
<kw name="Clear Element Text" owner="SeleniumLibrary">
<arg>locator=//div[@id='tablepress-1_filter']/label/Input</arg>
<doc>Clears the value of the text-input-element identified by ``locator``.</doc>
<status status="PASS" start="2024-04-03T11:21:51.402266" elapsed="0.106989"/>
</kw>
<kw name="Get Value" owner="SeleniumLibrary">
<msg time="2024-04-03T11:21:51.549896" level="INFO">${input} = </msg>
<var>${input}</var>
<arg>//div[@id='tablepress-1_filter']/label/input</arg>
<doc>Returns the value attribute of the element identified by ``locator``.</doc>
<status status="PASS" start="2024-04-03T11:21:51.509255" elapsed="0.040641"/>
</kw>
<kw name="Should Be Empty" owner="BuiltIn">
<msg time="2024-04-03T11:21:51.550904" level="INFO">Length is 0.</msg>
<arg>${input}</arg>
<doc>Verifies that the given item is empty.</doc>
<status status="PASS" start="2024-04-03T11:21:51.549896" elapsed="0.001008"/>
</kw>
<status status="PASS" start="2024-04-03T11:21:51.401263" elapsed="0.149641"/>
</kw>
<kw name="Scroll Element Into View" owner="SeleniumLibrary">
<arg>//div[@id='tablepress-1_filter']/label/input</arg>
<doc>Scrolls the element identified by ``locator`` into view.</doc>
<status status="PASS" start="2024-04-03T11:21:51.551801" elapsed="0.298539"/>
</kw>
<kw name="Input Text" owner="SeleniumLibrary">
<msg time="2024-04-03T11:21:51.851422" level="INFO">Typing text '11' into text field '//div[@id='tablepress-1_filter']/label/input'.</msg>
<arg>//div[@id='tablepress-1_filter']/label/input</arg>
<arg>11</arg>
<doc>Types the given ``text`` into the text field identified by ``locator``.</doc>
<status status="PASS" start="2024-04-03T11:21:51.851422" elapsed="0.162120"/>
</kw>
<kw name="Textfield Value Should Be" owner="SeleniumLibrary">
<msg time="2024-04-03T11:21:52.049737" level="INFO">Content of text field '//div[@id='tablepress-1_filter']/label/input' is '11'.</msg>
<arg>//div[@id='tablepress-1_filter']/label/input</arg>
<arg>11</arg>
<doc>Verifies text field ``locator`` has exactly text ``expected``.</doc>
<status status="PASS" start="2024-04-03T11:21:52.015006" elapsed="0.034731"/>
</kw>
<kw name="Verify Search Result">
<kw name="Get Element Count" owner="SeleniumLibrary">
<msg time="2024-04-03T11:21:52.066225" level="INFO">${row_count} = 3</msg>
<var>${row_count}</var>
<arg>${table}/tbody/tr</arg>
<doc>Returns the number of elements matching ``locator``.</doc>
<status status="PASS" start="2024-04-03T11:21:52.051762" elapsed="0.015475"/>
</kw>
<kw name="Get Text" owner="SeleniumLibrary">
<msg time="2024-04-03T11:21:52.095634" level="INFO">${first_cell_value} = 11</msg>
<var>${first_cell_value}</var>
<arg>${table}/tbody/tr[1]/td[1]</arg>
<doc>Returns the text value of the element identified by ``locator``.</doc>
<status status="PASS" start="2024-04-03T11:21:52.067237" elapsed="0.028397"/>
</kw>
<kw name="Set Variable" owner="BuiltIn">
<msg time="2024-04-03T11:21:52.096613" level="INFO">${res} = True</msg>
<var>${res}</var>
<arg>${True}</arg>
<doc>Returns the given values which can then be assigned to a variables.</doc>
<status status="PASS" start="2024-04-03T11:21:52.095634" elapsed="0.000979"/>
</kw>
<kw name="Log To Console" owner="BuiltIn">
<arg>row_count: ${row_count}</arg>
<doc>Logs the given message to the console.</doc>
<status status="PASS" start="2024-04-03T11:21:52.096613" elapsed="0.001003"/>
</kw>
<if>
<branch type="IF" condition="'${first_cell_value}' != 'No matching records found'">
<for flavor="IN RANGE">
<iter>
<kw name="Get Text" owner="SeleniumLibrary">
<msg time="2024-04-03T11:21:52.125654" level="INFO">${row_data} = 11 Ethiopia 126.5</msg>
<var>${row_data}</var>
<arg>${table}/tbody/tr[${i}]</arg>
<doc>Returns the text value of the element identified by ``locator``.</doc>
<status status="PASS" start="2024-04-03T11:21:52.099612" elapsed="0.026042"/>
</kw>
<kw name="Check Keyword In Row">
<kw name="Convert To String" owner="BuiltIn">
<msg time="2024-04-03T11:21:52.127670" level="INFO">${row_text} = 11 Ethiopia 126.5</msg>
<var>${row_text}</var>
<arg>${row_data}</arg>
<doc>Converts the given item to a Unicode string.</doc>
<status status="PASS" start="2024-04-03T11:21:52.127670" elapsed="0.000987"/>
</kw>
<kw name="Convert To Lower Case" owner="String">
<msg time="2024-04-03T11:21:52.128657" level="INFO">${lowercase_row} = 11 ethiopia 126.5</msg>
<var>${lowercase_row}</var>
<arg>${row_text}</arg>
<doc>Converts string to lower case.</doc>
<status status="PASS" start="2024-04-03T11:21:52.128657" elapsed="0.001001"/>
</kw>
<kw name="Convert To Lower Case" owner="String">
<msg time="2024-04-03T11:21:52.129658" level="INFO">${lowercase_keyword} = 11</msg>
<var>${lowercase_keyword}</var>
<arg>${keyword}</arg>
<doc>Converts string to lower case.</doc>
<status status="PASS" start="2024-04-03T11:21:52.129658" elapsed="0.000000"/>
</kw>
<kw name="Run Keyword If" owner="BuiltIn">
<kw name="Return From Keyword" owner="BuiltIn">
<msg time="2024-04-03T11:21:52.130659" level="INFO">Returning from the enclosing user keyword.</msg>
<arg>${TRUE}</arg>
<doc>Returns from the enclosing user keyword.</doc>
<status status="PASS" start="2024-04-03T11:21:52.130659" elapsed="0.001003"/>
</kw>
<arg>'${lowercase_keyword}' in '${lowercase_row}'</arg>
<arg>Return From Keyword</arg>
<arg>${TRUE}</arg>
<doc>Runs the given keyword with the given arguments, if ``condition`` is true.</doc>
<status status="PASS" start="2024-04-03T11:21:52.130659" elapsed="0.001003"/>
</kw>
<return>
<value>${FALSE}</value>
<status status="NOT RUN" start="2024-04-03T11:21:52.131662" elapsed="0.000000"/>
</return>
<msg time="2024-04-03T11:21:52.131662" level="INFO">${res} = True</msg>
<var>${res}</var>
<arg>${row_data}</arg>
<arg>${keyword}</arg>
<status status="PASS" start="2024-04-03T11:21:52.126657" elapsed="0.005005"/>
</kw>
<if>
<branch type="IF" condition="'${res}' == ${FALSE}">
<return>
<value>${FALSE}</value>
<status status="NOT RUN" start="2024-04-03T11:21:52.132658" elapsed="0.000000"/>
</return>
<status status="NOT RUN" start="2024-04-03T11:21:52.131662" elapsed="0.000996"/>
</branch>
<status status="PASS" start="2024-04-03T11:21:52.131662" elapsed="0.000996"/>
</if>
<var name="${i}">1</var>
<status status="PASS" start="2024-04-03T11:21:52.098615" elapsed="0.034043"/>
</iter>
<iter>
<kw name="Get Text" owner="SeleniumLibrary">
<msg time="2024-04-03T11:21:52.157380" level="INFO">${row_data} = 13 Philippines 117.3</msg>
<var>${row_data}</var>
<arg>${table}/tbody/tr[${i}]</arg>
<doc>Returns the text value of the element identified by ``locator``.</doc>
<status status="PASS" start="2024-04-03T11:21:52.133654" elapsed="0.023726"/>
</kw>
<kw name="Check Keyword In Row">
<kw name="Convert To String" owner="BuiltIn">
<msg time="2024-04-03T11:21:52.159337" level="INFO">${row_text} = 13 Philippines 117.3</msg>
<var>${row_text}</var>
<arg>${row_data}</arg>
<doc>Converts the given item to a Unicode string.</doc>
<status status="PASS" start="2024-04-03T11:21:52.159337" elapsed="0.001101"/>
</kw>
<kw name="Convert To Lower Case" owner="String">
<msg time="2024-04-03T11:21:52.160438" level="INFO">${lowercase_row} = 13 philippines 117.3</msg>
<var>${lowercase_row}</var>
<arg>${row_text}</arg>
<doc>Converts string to lower case.</doc>
<status status="PASS" start="2024-04-03T11:21:52.160438" elapsed="0.000000"/>
</kw>
<kw name="Convert To Lower Case" owner="String">
<msg time="2024-04-03T11:21:52.161436" level="INFO">${lowercase_keyword} = 11</msg>
<var>${lowercase_keyword}</var>
<arg>${keyword}</arg>
<doc>Converts string to lower case.</doc>
<status status="PASS" start="2024-04-03T11:21:52.161436" elapsed="0.000000"/>
</kw>
<kw name="Run Keyword If" owner="BuiltIn">
<kw name="Return From Keyword" owner="BuiltIn">
<msg time="2024-04-03T11:21:52.163438" level="INFO">Returning from the enclosing user keyword.</msg>
<arg>${TRUE}</arg>
<doc>Returns from the enclosing user keyword.</doc>
<status status="PASS" start="2024-04-03T11:21:52.162429" elapsed="0.001009"/>
</kw>
<arg>'${lowercase_keyword}' in '${lowercase_row}'</arg>
<arg>Return From Keyword</arg>
<arg>${TRUE}</arg>
<doc>Runs the given keyword with the given arguments, if ``condition`` is true.</doc>
<status status="PASS" start="2024-04-03T11:21:52.162429" elapsed="0.001009"/>
</kw>
<return>
<value>${FALSE}</value>
<status status="NOT RUN" start="2024-04-03T11:21:52.163438" elapsed="0.000000"/>
</return>
<msg time="2024-04-03T11:21:52.164436" level="INFO">${res} = True</msg>
<var>${res}</var>
<arg>${row_data}</arg>
<arg>${keyword}</arg>
<status status="PASS" start="2024-04-03T11:21:52.158431" elapsed="0.006005"/>
</kw>
<if>
<branch type="IF" condition="'${res}' == ${FALSE}">
<return>
<value>${FALSE}</value>
<status status="NOT RUN" start="2024-04-03T11:21:52.164436" elapsed="0.000000"/>
</return>
<status status="NOT RUN" start="2024-04-03T11:21:52.164436" elapsed="0.000899"/>
</branch>
<status status="PASS" start="2024-04-03T11:21:52.164436" elapsed="0.000899"/>
</if>
<var name="${i}">2</var>
<status status="PASS" start="2024-04-03T11:21:52.132658" elapsed="0.032677"/>
</iter>
<iter>
<kw name="Get Text" owner="SeleniumLibrary">
<msg time="2024-04-03T11:21:52.226929" level="INFO">${row_data} = 14 Egypt 112.7</msg>
<var>${row_data}</var>
<arg>${table}/tbody/tr[${i}]</arg>
<doc>Returns the text value of the element identified by ``locator``.</doc>
<status status="PASS" start="2024-04-03T11:21:52.165335" elapsed="0.061594"/>
</kw>
<kw name="Check Keyword In Row">
<kw name="Convert To String" owner="BuiltIn">
<msg time="2024-04-03T11:21:52.228993" level="INFO">${row_text} = 14 Egypt 112.7</msg>
<var>${row_text}</var>
<arg>${row_data}</arg>
<doc>Converts the given item to a Unicode string.</doc>
<status status="PASS" start="2024-04-03T11:21:52.228993" elapsed="0.000000"/>
</kw>
<kw name="Convert To Lower Case" owner="String">
<msg time="2024-04-03T11:21:52.229984" level="INFO">${lowercase_row} = 14 egypt 112.7</msg>
<var>${lowercase_row}</var>
<arg>${row_text}</arg>
<doc>Converts string to lower case.</doc>
<status status="PASS" start="2024-04-03T11:21:52.228993" elapsed="0.000991"/>
</kw>
<kw name="Convert To Lower Case" owner="String">
<msg time="2024-04-03T11:21:52.230981" level="INFO">${lowercase_keyword} = 11</msg>
<var>${lowercase_keyword}</var>
<arg>${keyword}</arg>
<doc>Converts string to lower case.</doc>
<status status="PASS" start="2024-04-03T11:21:52.229984" elapsed="0.000997"/>
</kw>
<kw name="Run Keyword If" owner="BuiltIn">
<kw name="Return From Keyword" owner="BuiltIn">
<msg time="2024-04-03T11:21:52.231898" level="INFO">Returning from the enclosing user keyword.</msg>
<arg>${TRUE}</arg>
<doc>Returns from the enclosing user keyword.</doc>
<status status="PASS" start="2024-04-03T11:21:52.231898" elapsed="0.000000"/>
</kw>
<arg>'${lowercase_keyword}' in '${lowercase_row}'</arg>
<arg>Return From Keyword</arg>
<arg>${TRUE}</arg>
<doc>Runs the given keyword with the given arguments, if ``condition`` is true.</doc>
<status status="PASS" start="2024-04-03T11:21:52.230981" elapsed="0.000917"/>
</kw>
<return>
<value>${FALSE}</value>
<status status="NOT RUN" start="2024-04-03T11:21:52.231898" elapsed="0.000000"/>
</return>
<msg time="2024-04-03T11:21:52.232885" level="INFO">${res} = True</msg>
<var>${res}</var>
<arg>${row_data}</arg>
<arg>${keyword}</arg>
<status status="PASS" start="2024-04-03T11:21:52.227980" elapsed="0.004905"/>
</kw>
<if>
<branch type="IF" condition="'${res}' == ${FALSE}">
<return>
<value>${FALSE}</value>
<status status="NOT RUN" start="2024-04-03T11:21:52.232885" elapsed="0.000000"/>
</return>
<status status="NOT RUN" start="2024-04-03T11:21:52.232885" elapsed="0.000000"/>
</branch>
<status status="PASS" start="2024-04-03T11:21:52.232885" elapsed="0.000000"/>
</if>
<var name="${i}">3</var>
<status status="PASS" start="2024-04-03T11:21:52.165335" elapsed="0.068661"/>
</iter>
<var>${i}</var>
<value>1</value>
<value>${row_count}+1</value>
<status status="PASS" start="2024-04-03T11:21:52.098615" elapsed="0.135381"/>
</for>
<status status="PASS" start="2024-04-03T11:21:52.097616" elapsed="0.136380"/>
</branch>
<status status="PASS" start="2024-04-03T11:21:52.097616" elapsed="0.136380"/>
</if>
<return>
<value>${res}</value>
<status status="PASS" start="2024-04-03T11:21:52.233996" elapsed="0.000000"/>
</return>
<msg time="2024-04-03T11:21:52.234991" level="INFO">${res} = True</msg>
<var>${res}</var>
<arg>${TABLE}</arg>
<arg>11</arg>
<status status="PASS" start="2024-04-03T11:21:52.050741" elapsed="0.184250"/>
</kw>
<kw name="Should Be True" owner="BuiltIn">
<arg>${res}</arg>
<doc>Fails if the given condition is not true.</doc>
<status status="PASS" start="2024-04-03T11:21:52.235702" elapsed="0.000000"/>
</kw>
<kw name="Log To Console" owner="BuiltIn">
<arg>Search result = ${res}</arg>
<doc>Logs the given message to the console.</doc>
<status status="PASS" start="2024-04-03T11:21:52.236826" elapsed="0.001903"/>
</kw>
<kw name="Close All Browsers" owner="SeleniumLibrary">
<doc>Closes all open browsers and resets the browser cache.</doc>
<status status="PASS" start="2024-04-03T11:21:52.239338" elapsed="6.257418"/>
</kw>
<status status="PASS" start="2024-04-03T11:21:45.088303" elapsed="13.410364"/>
</test>
<test id="s1-t10" name="TC9: Keyword not compatible" line="219">
<kw name="Open Browser 800x600">
<kw name="Open Browser" owner="SeleniumLibrary">
<msg time="2024-04-03T11:21:58.504658" level="INFO">Opening browser 'Chrome' to base url 'https://practice-automation.com/tables/'.</msg>
<arg>${URL}</arg>
<arg>${BROWSER}</arg>
<doc>Opens a new browser instance to the optional ``url``.</doc>
<status status="PASS" start="2024-04-03T11:21:58.503661" elapsed="29.751866"/>
</kw>
<kw name="Set Window Size" owner="SeleniumLibrary">
<arg>800</arg>
<arg>600</arg>
<doc>Sets current windows size to given ``width`` and ``height``.</doc>
<status status="PASS" start="2024-04-03T11:22:28.255527" elapsed="0.120305"/>
</kw>
<status status="PASS" start="2024-04-03T11:21:58.503661" elapsed="29.872171"/>
</kw>
<kw name="Clear search input">
<kw name="Clear Element Text" owner="SeleniumLibrary">
<arg>locator=//div[@id='tablepress-1_filter']/label/Input</arg>
<doc>Clears the value of the text-input-element identified by ``locator``.</doc>
<status status="PASS" start="2024-04-03T11:22:28.378269" elapsed="0.117053"/>
</kw>
<kw name="Get Value" owner="SeleniumLibrary">
<msg time="2024-04-03T11:22:28.532209" level="INFO">${input} = </msg>
<var>${input}</var>
<arg>//div[@id='tablepress-1_filter']/label/input</arg>
<doc>Returns the value attribute of the element identified by ``locator``.</doc>
<status status="PASS" start="2024-04-03T11:22:28.496227" elapsed="0.037039"/>
</kw>
<kw name="Should Be Empty" owner="BuiltIn">
<msg time="2024-04-03T11:22:28.533266" level="INFO">Length is 0.</msg>
<arg>${input}</arg>
<doc>Verifies that the given item is empty.</doc>
<status status="PASS" start="2024-04-03T11:22:28.533266" elapsed="0.000000"/>
</kw>
<status status="PASS" start="2024-04-03T11:22:28.377255" elapsed="0.157063"/>
</kw>
<kw name="Scroll Element Into View" owner="SeleniumLibrary">
<arg>//div[@id='tablepress-1_filter']/label/input</arg>
<doc>Scrolls the element identified by ``locator`` into view.</doc>
<status status="PASS" start="2024-04-03T11:22:28.535189" elapsed="0.304189"/>
</kw>
<kw name="Input Text" owner="SeleniumLibrary">
<msg time="2024-04-03T11:22:28.841402" level="INFO">Typing text 'oh' into text field '//div[@id='tablepress-1_filter']/label/input'.</msg>
<arg>//div[@id='tablepress-1_filter']/label/input</arg>
<arg>oh</arg>
<doc>Types the given ``text`` into the text field identified by ``locator``.</doc>
<status status="PASS" start="2024-04-03T11:22:28.841402" elapsed="0.205359"/>
</kw>
<kw name="Textfield Value Should Be" owner="SeleniumLibrary">
<msg time="2024-04-03T11:22:29.096353" level="INFO">Content of text field '//div[@id='tablepress-1_filter']/label/input' is 'oh'.</msg>
<arg>//div[@id='tablepress-1_filter']/label/input</arg>
<arg>oh</arg>
<doc>Verifies text field ``locator`` has exactly text ``expected``.</doc>
<status status="PASS" start="2024-04-03T11:22:29.047760" elapsed="0.048593"/>
</kw>
<kw name="Verify Search Result">
<kw name="Get Element Count" owner="SeleniumLibrary">
[...]
<arg>${data}</arg>
<doc>Adds ``values`` to the end of ``list``.</doc>
<status status="PASS" start="2024-04-03T11:23:05.755580" elapsed="0.001045"/>
</kw>
<var name="${i}">5</var>
<status status="PASS" start="2024-04-03T11:23:05.745268" elapsed="0.011357"/>
</iter>
<iter>
<kw name="Get Text" owner="SeleniumLibrary">
<msg time="2024-04-03T11:23:05.766591" level="INFO">${data} = 216.4</msg>
<var>${data}</var>
<arg>${column_element}[${i}]</arg>
<doc>Returns the text value of the element identified by ``locator``.</doc>
<status status="PASS" start="2024-04-03T11:23:05.757593" elapsed="0.008998"/>
</kw>
<kw name="Append To List" owner="Collections">
<arg>${column_data}</arg>
<arg>${data}</arg>
<doc>Adds ``values`` to the end of ``list``.</doc>
<status status="PASS" start="2024-04-03T11:23:05.768091" elapsed="0.000000"/>
</kw>
<var name="${i}">6</var>
<status status="PASS" start="2024-04-03T11:23:05.757593" elapsed="0.010498"/>
</iter>
<iter>
<kw name="Get Text" owner="SeleniumLibrary">
<msg time="2024-04-03T11:23:05.779668" level="INFO">${data} = 173</msg>
<var>${data}</var>
<arg>${column_element}[${i}]</arg>
<doc>Returns the text value of the element identified by ``locator``.</doc>
<status status="PASS" start="2024-04-03T11:23:05.769097" elapsed="0.010571"/>
</kw>
<kw name="Append To List" owner="Collections">
<arg>${column_data}</arg>
<arg>${data}</arg>
<doc>Adds ``values`` to the end of ``list``.</doc>
<status status="PASS" start="2024-04-03T11:23:05.780717" elapsed="0.000000"/>
</kw>
<var name="${i}">7</var>
<status status="PASS" start="2024-04-03T11:23:05.769097" elapsed="0.011620"/>
</iter>
<iter>
<kw name="Get Text" owner="SeleniumLibrary">
<msg time="2024-04-03T11:23:05.793615" level="INFO">${data} = 144.4</msg>
<var>${data}</var>
<arg>${column_element}[${i}]</arg>
<doc>Returns the text value of the element identified by ``locator``.</doc>
<status status="PASS" start="2024-04-03T11:23:05.781713" elapsed="0.011902"/>
</kw>
<kw name="Append To List" owner="Collections">
<arg>${column_data}</arg>
<arg>${data}</arg>
<doc>Adds ``values`` to the end of ``list``.</doc>
<status status="PASS" start="2024-04-03T11:23:05.793615" elapsed="0.001000"/>
</kw>
<var name="${i}">8</var>
<status status="PASS" start="2024-04-03T11:23:05.780717" elapsed="0.013898"/>
</iter>
<iter>
<kw name="Get Text" owner="SeleniumLibrary">
<msg time="2024-04-03T11:23:05.806378" level="INFO">${data} = 128.5</msg>
<var>${data}</var>
<arg>${column_element}[${i}]</arg>
<doc>Returns the text value of the element identified by ``locator``.</doc>
<status status="PASS" start="2024-04-03T11:23:05.794615" elapsed="0.011763"/>
</kw>
<kw name="Append To List" owner="Collections">
<arg>${column_data}</arg>
<arg>${data}</arg>
<doc>Adds ``values`` to the end of ``list``.</doc>
<status status="PASS" start="2024-04-03T11:23:05.806378" elapsed="0.000995"/>
</kw>
<var name="${i}">9</var>
<status status="PASS" start="2024-04-03T11:23:05.794615" elapsed="0.012758"/>
</iter>
<var>${i}</var>
<value>${no_rows}</value>
<status status="PASS" start="2024-04-03T11:23:05.671724" elapsed="0.135649"/>
</for>
<return>
<value>${column_data}</value>
<status status="PASS" start="2024-04-03T11:23:05.807373" elapsed="0.000000"/>
</return>
<msg time="2024-04-03T11:23:05.808368" level="INFO">${data} = ['1,429', '1,426', '340', '277.5', '240.5', '223.8', '216.4', '173', '144.4', '128.5']</msg>
<var>${data}</var>
<arg>${col}</arg>
<status status="PASS" start="2024-04-03T11:23:05.656722" elapsed="0.151646"/>
</kw>
<kw name="Log To Console" owner="BuiltIn">
<arg>_data: ${data}</arg>
<doc>Logs the given message to the console.</doc>
<status status="PASS" start="2024-04-03T11:23:05.808368" elapsed="0.001009"/>
</kw>
<if>
<branch type="IF" condition="'${type}' == 'number'">
<kw name="Evaluate" owner="BuiltIn">
<msg time="2024-04-03T11:23:05.811371" level="INFO">${data} = [1429.0, 1426.0, 340.0, 277.5, 240.5, 223.8, 216.4, 173.0, 144.4, 128.5]</msg>
<var>${data}</var>
<arg>[float(item.replace(',', '')) for item in ${data}]</arg>
<doc>Evaluates the given expression in Python and returns the result.</doc>
<status status="PASS" start="2024-04-03T11:23:05.810275" elapsed="0.001096"/>
</kw>
<status status="PASS" start="2024-04-03T11:23:05.810275" elapsed="0.001096"/>
</branch>
<status status="PASS" start="2024-04-03T11:23:05.809377" elapsed="0.001994"/>
</if>
<kw name="Evaluate" owner="BuiltIn">
<msg time="2024-04-03T11:23:05.813382" level="INFO">${sorted_data} = [1429.0, 1426.0, 340.0, 277.5, 240.5, 223.8, 216.4, 173.0, 144.4, 128.5]</msg>
<var>${sorted_data}</var>
<arg>sorted(${data}, reverse=${order.lower() == 'desc'})</arg>
<doc>Evaluates the given expression in Python and returns the result.</doc>
<status status="PASS" start="2024-04-03T11:23:05.811371" elapsed="0.002011"/>
</kw>
<kw name="Log To Console" owner="BuiltIn">
<arg>data: ${data}</arg>
<doc>Logs the given message to the console.</doc>
<status status="PASS" start="2024-04-03T11:23:05.813382" elapsed="0.000997"/>
</kw>
<kw name="Log To Console" owner="BuiltIn">
<arg>sorted_data: ${sorted_data}</arg>
<doc>Logs the given message to the console.</doc>
<status status="PASS" start="2024-04-03T11:23:05.814379" elapsed="0.000897"/>
</kw>
<kw name="Run Keyword And Return Status" owner="BuiltIn">
<kw name="Lists Should Be Equal" owner="Collections">
<msg time="2024-04-03T11:23:05.816330" level="INFO">False</msg>
<arg>${data}</arg>
<arg>${sorted_data}</arg>
<doc>Fails if given lists are unequal.</doc>
<status status="PASS" start="2024-04-03T11:23:05.816330" elapsed="0.001036"/>
</kw>
<msg time="2024-04-03T11:23:05.817366" level="INFO">${res} = True</msg>
<var>${res}</var>
<arg>Lists Should Be Equal</arg>
<arg>${data}</arg>
<arg>${sorted_data}</arg>
<doc>Runs the given keyword with given arguments and returns the status as a Boolean value.</doc>
<status status="PASS" start="2024-04-03T11:23:05.816330" elapsed="0.001036"/>
</kw>
<return>
<value>${res}</value>
<status status="PASS" start="2024-04-03T11:23:05.817366" elapsed="0.000000"/>
</return>
<msg time="2024-04-03T11:23:05.817366" level="INFO">${is_sorted} = True</msg>
<var>${is_sorted}</var>
<arg>3</arg>
<arg>desc</arg>
<arg>number</arg>
<status status="PASS" start="2024-04-03T11:23:05.654725" elapsed="0.163642"/>
</kw>
<kw name="Should Be True" owner="BuiltIn">
<arg>${is_sorted}</arg>
<doc>Fails if the given condition is not true.</doc>
<status status="PASS" start="2024-04-03T11:23:05.819275" elapsed="0.001002"/>
</kw>
<kw name="Log To Console" owner="BuiltIn">
<arg>Column sorted = ${is_sorted}</arg>
<doc>Logs the given message to the console.</doc>
<status status="PASS" start="2024-04-03T11:23:05.821276" elapsed="0.000998"/>
</kw>
<kw name="Click Element" owner="SeleniumLibrary">
<msg time="2024-04-03T11:23:05.823276" level="INFO">Clicking element 'xpath=//*[@id="tablepress-1"]/thead/tr/th[3]'.</msg>
<arg>xpath=//*[@id="tablepress-1"]/thead/tr/th[3]</arg>
<doc>Click the element identified by ``locator``.</doc>
<status status="PASS" start="2024-04-03T11:23:05.823276" elapsed="0.060085"/>
</kw>
<kw name="Check Column Sorted">
<kw name="Set Variable" owner="BuiltIn">
<msg time="2024-04-03T11:23:05.885364" level="INFO">${res} = True</msg>
<var>${res}</var>
<arg>${True}</arg>
<doc>Returns the given values which can then be assigned to a variables.</doc>
<status status="PASS" start="2024-04-03T11:23:05.885364" elapsed="0.001482"/>
</kw>
<kw name="Get Column Data">
<kw name="Get WebElements" owner="SeleniumLibrary">
<msg time="2024-04-03T11:23:05.910657" level="INFO">${column_element} = [&lt;selenium.webdriver.remote.webelement.WebElement (session="3c25a86fccec02f1cb9fdc41ffac2929", element="f.924F4C3E61B251B1BFAFC33EC91B5A21.d.BF9EDB3A4ADAF8DF30379DB3F174247A.e.57")&gt;, &lt;selenium.webdriv...</msg>
<var>${column_element}</var>
<arg>${TABLE}/tbody/tr/td[${col}]</arg>
<doc>Returns a list of WebElement objects matching the ``locator``.</doc>
<status status="PASS" start="2024-04-03T11:23:05.888865" elapsed="0.021792"/>
</kw>
<kw name="Create List" owner="BuiltIn">
<msg time="2024-04-03T11:23:05.912063" level="INFO">${column_data} = []</msg>
<var>${column_data}</var>
<doc>Returns a list containing given items.</doc>
<status status="PASS" start="2024-04-03T11:23:05.910657" elapsed="0.001406"/>
</kw>
<kw name="Get Length" owner="BuiltIn">
<msg time="2024-04-03T11:23:05.912063" level="INFO">Length is 10.</msg>
<msg time="2024-04-03T11:23:05.913079" level="INFO">${no_rows} = 10</msg>
<var>${no_rows}</var>
<arg>${column_element}</arg>
<doc>Returns and logs the length of the given item as an integer.</doc>
<status status="PASS" start="2024-04-03T11:23:05.912063" elapsed="0.001016"/>
</kw>
<for flavor="IN RANGE">
<iter>
<kw name="Get Text" owner="SeleniumLibrary">
<msg time="2024-04-03T11:23:05.924074" level="INFO">${data} = 59.3</msg>
<var>${data}</var>
<arg>${column_element}[${i}]</arg>
<doc>Returns the text value of the element identified by ``locator``.</doc>
<status status="PASS" start="2024-04-03T11:23:05.913079" elapsed="0.010995"/>
</kw>
<kw name="Append To List" owner="Collections">
<arg>${column_data}</arg>
<arg>${data}</arg>
<doc>Adds ``values`` to the end of ``list``.</doc>
<status status="PASS" start="2024-04-03T11:23:05.925117" elapsed="0.000000"/>
</kw>
<var name="${i}">0</var>
<status status="PASS" start="2024-04-03T11:23:05.913079" elapsed="0.012038"/>
</iter>
<iter>
<kw name="Get Text" owner="SeleniumLibrary">
<msg time="2024-04-03T11:23:05.937816" level="INFO">${data} = 59.7</msg>
<var>${data}</var>
<arg>${column_element}[${i}]</arg>
<doc>Returns the text value of the element identified by ``locator``.</doc>
<status status="PASS" start="2024-04-03T11:23:05.926168" elapsed="0.011648"/>
</kw>
<kw name="Append To List" owner="Collections">
<arg>${column_data}</arg>
<arg>${data}</arg>
<doc>Adds ``values`` to the end of ``list``.</doc>
<status status="PASS" start="2024-04-03T11:23:05.938827" elapsed="0.000998"/>
</kw>
<var name="${i}">1</var>
<status status="PASS" start="2024-04-03T11:23:05.926168" elapsed="0.013657"/>
</iter>
<iter>
<kw name="Get Text" owner="SeleniumLibrary">
<msg time="2024-04-03T11:23:05.950307" level="INFO">${data} = 60.5</msg>
<var>${data}</var>
<arg>${column_element}[${i}]</arg>
<doc>Returns the text value of the element identified by ``locator``.</doc>
<status status="PASS" start="2024-04-03T11:23:05.939825" elapsed="0.010482"/>
</kw>
<kw name="Append To List" owner="Collections">
<arg>${column_data}</arg>
<arg>${data}</arg>
<doc>Adds ``values`` to the end of ``list``.</doc>
<status status="PASS" start="2024-04-03T11:23:05.951324" elapsed="0.000000"/>
</kw>
<var name="${i}">2</var>
<status status="PASS" start="2024-04-03T11:23:05.939825" elapsed="0.012494"/>
</iter>
<iter>
<kw name="Get Text" owner="SeleniumLibrary">
<msg time="2024-04-03T11:23:05.962315" level="INFO">${data} = 65.3</msg>
<var>${data}</var>
<arg>${column_element}[${i}]</arg>
<doc>Returns the text value of the element identified by ``locator``.</doc>
<status status="PASS" start="2024-04-03T11:23:05.952319" elapsed="0.009996"/>
</kw>
<kw name="Append To List" owner="Collections">
<arg>${column_data}</arg>
<arg>${data}</arg>
<doc>Adds ``values`` to the end of ``list``.</doc>
<status status="PASS" start="2024-04-03T11:23:05.963321" elapsed="0.000000"/>
</kw>
<var name="${i}">3</var>
<status status="PASS" start="2024-04-03T11:23:05.952319" elapsed="0.011002"/>
</iter>
<iter>
<kw name="Get Text" owner="SeleniumLibrary">
<msg time="2024-04-03T11:23:05.974065" level="INFO">${data} = 67.9</msg>
<var>${data}</var>
<arg>${column_element}[${i}]</arg>
<doc>Returns the text value of the element identified by ``locator``.</doc>
<status status="PASS" start="2024-04-03T11:23:05.964317" elapsed="0.009748"/>
</kw>
<kw name="Append To List" owner="Collections">
<arg>${column_data}</arg>
<arg>${data}</arg>
<doc>Adds ``values`` to the end of ``list``.</doc>
<status status="PASS" start="2024-04-03T11:23:05.975059" elapsed="0.000000"/>
</kw>
<var name="${i}">4</var>
<status status="PASS" start="2024-04-03T11:23:05.963321" elapsed="0.011738"/>
</iter>
<iter>
<kw name="Get Text" owner="SeleniumLibrary">
<msg time="2024-04-03T11:23:05.987064" level="INFO">${data} = 69.8</msg>
<var>${data}</var>
<arg>${column_element}[${i}]</arg>
<doc>Returns the text value of the element identified by ``locator``.</doc>
<status status="PASS" start="2024-04-03T11:23:05.976064" elapsed="0.011000"/>
</kw>
<kw name="Append To List" owner="Collections">
<arg>${column_data}</arg>
<arg>${data}</arg>
<doc>Adds ``values`` to the end of ``list``.</doc>
<status status="PASS" start="2024-04-03T11:23:05.988063" elapsed="0.000000"/>
</kw>
<var name="${i}">5</var>
<status status="PASS" start="2024-04-03T11:23:05.976064" elapsed="0.011999"/>
</iter>
<iter>
<kw name="Get Text" owner="SeleniumLibrary">
<msg time="2024-04-03T11:23:05.999069" level="INFO">${data} = 83.8</msg>
<var>${data}</var>
<arg>${column_element}[${i}]</arg>
<doc>Returns the text value of the element identified by ``locator``.</doc>
<status status="PASS" start="2024-04-03T11:23:05.989061" elapsed="0.010008"/>
</kw>
<kw name="Append To List" owner="Collections">
<arg>${column_data}</arg>
<arg>${data}</arg>
<doc>Adds ``values`` to the end of ``list``.</doc>
<status status="PASS" start="2024-04-03T11:23:05.999069" elapsed="0.000998"/>
</kw>
<var name="${i}">6</var>
<status status="PASS" start="2024-04-03T11:23:05.989061" elapsed="0.011006"/>
</iter>
<iter>
<kw name="Get Text" owner="SeleniumLibrary">
<msg time="2024-04-03T11:23:06.012411" level="INFO">${data} = 84</msg>
<var>${data}</var>
<arg>${column_element}[${i}]</arg>
<doc>Returns the text value of the element identified by ``locator``.</doc>
<status status="PASS" start="2024-04-03T11:23:06.000067" elapsed="0.012344"/>
</kw>
<kw name="Append To List" owner="Collections">
<arg>${column_data}</arg>
<arg>${data}</arg>
<doc>Adds ``values`` to the end of ``list``.</doc>
<status status="PASS" start="2024-04-03T11:23:06.012411" elapsed="0.001010"/>
</kw>
<var name="${i}">7</var>
<status status="PASS" start="2024-04-03T11:23:06.000067" elapsed="0.013354"/>
</iter>
<iter>
<kw name="Get Text" owner="SeleniumLibrary">
<msg time="2024-04-03T11:23:06.025033" level="INFO">${data} = 84.3</msg>
<var>${data}</var>
<arg>${column_element}[${i}]</arg>
<doc>Returns the text value of the element identified by ``locator``.</doc>
<status status="PASS" start="2024-04-03T11:23:06.014420" elapsed="0.010613"/>
</kw>
<kw name="Append To List" owner="Collections">
<arg>${column_data}</arg>
<arg>${data}</arg>
<doc>Adds ``values`` to the end of ``list``.</doc>
<status status="PASS" start="2024-04-03T11:23:06.025033" elapsed="0.000942"/>
</kw>
<var name="${i}">8</var>
<status status="PASS" start="2024-04-03T11:23:06.013421" elapsed="0.012554"/>
</iter>
<iter>
<kw name="Get Text" owner="SeleniumLibrary">
<msg time="2024-04-03T11:23:06.035929" level="INFO">${data} = 99</msg>
<var>${data}</var>
<arg>${column_element}[${i}]</arg>
<doc>Returns the text value of the element identified by ``locator``.</doc>
<status status="PASS" start="2024-04-03T11:23:06.025975" elapsed="0.009954"/>
</kw>
<kw name="Append To List" owner="Collections">
<arg>${column_data}</arg>
<arg>${data}</arg>
<doc>Adds ``values`` to the end of ``list``.</doc>
<status status="PASS" start="2024-04-03T11:23:06.035929" elapsed="0.000999"/>
</kw>
<var name="${i}">9</var>
<status status="PASS" start="2024-04-03T11:23:06.025975" elapsed="0.010953"/>
</iter>
<var>${i}</var>
<value>${no_rows}</value>
<status status="PASS" start="2024-04-03T11:23:05.913079" elapsed="0.123849"/>
</for>
<return>
<value>${column_data}</value>
<status status="PASS" start="2024-04-03T11:23:06.036928" elapsed="0.000000"/>
</return>
<msg time="2024-04-03T11:23:06.037931" level="INFO">${data} = ['59.3', '59.7', '60.5', '65.3', '67.9', '69.8', '83.8', '84', '84.3', '99']</msg>
<var>${data}</var>
<arg>${col}</arg>
<status status="PASS" start="2024-04-03T11:23:05.886846" elapsed="0.151085"/>
</kw>
<kw name="Log To Console" owner="BuiltIn">
<arg>_data: ${data}</arg>
<doc>Logs the given message to the console.</doc>
<status status="PASS" start="2024-04-03T11:23:06.037931" elapsed="0.001000"/>
</kw>
<if>
<branch type="IF" condition="'${type}' == 'number'">
<kw name="Evaluate" owner="BuiltIn">
<msg time="2024-04-03T11:23:06.040943" level="INFO">${data} = [59.3, 59.7, 60.5, 65.3, 67.9, 69.8, 83.8, 84.0, 84.3, 99.0]</msg>
<var>${data}</var>
<arg>[float(item.replace(',', '')) for item in ${data}]</arg>
<doc>Evaluates the given expression in Python and returns the result.</doc>
<status status="PASS" start="2024-04-03T11:23:06.039930" elapsed="0.001013"/>
</kw>
<status status="PASS" start="2024-04-03T11:23:06.038931" elapsed="0.002012"/>
</branch>
<status status="PASS" start="2024-04-03T11:23:06.038931" elapsed="0.002012"/>
</if>
<kw name="Evaluate" owner="BuiltIn">
<msg time="2024-04-03T11:23:06.043943" level="INFO">${sorted_data} = [59.3, 59.7, 60.5, 65.3, 67.9, 69.8, 83.8, 84.0, 84.3, 99.0]</msg>
<var>${sorted_data}</var>
<arg>sorted(${data}, reverse=${order.lower() == 'desc'})</arg>
<doc>Evaluates the given expression in Python and returns the result.</doc>
<status status="PASS" start="2024-04-03T11:23:06.041944" elapsed="0.001999"/>
</kw>
<kw name="Log To Console" owner="BuiltIn">
<arg>data: ${data}</arg>
<doc>Logs the given message to the console.</doc>
<status status="PASS" start="2024-04-03T11:23:06.044943" elapsed="0.000000"/>
</kw>
<kw name="Log To Console" owner="BuiltIn">
<arg>sorted_data: ${sorted_data}</arg>
<doc>Logs the given message to the console.</doc>
<status status="PASS" start="2024-04-03T11:23:06.045930" elapsed="0.000000"/>
</kw>
<kw name="Run Keyword And Return Status" owner="BuiltIn">
<kw name="Lists Should Be Equal" owner="Collections">
<msg time="2024-04-03T11:23:06.047931" level="INFO">False</msg>
<arg>${data}</arg>
<arg>${sorted_data}</arg>
<doc>Fails if given lists are unequal.</doc>
<status status="PASS" start="2024-04-03T11:23:06.046934" elapsed="0.000997"/>
</kw>
<msg time="2024-04-03T11:23:06.047931" level="INFO">${res} = True</msg>
<var>${res}</var>
<arg>Lists Should Be Equal</arg>
<arg>${data}</arg>
<arg>${sorted_data}</arg>
<doc>Runs the given keyword with given arguments and returns the status as a Boolean value.</doc>
<status status="PASS" start="2024-04-03T11:23:06.046934" elapsed="0.000997"/>
</kw>
<return>
<value>${res}</value>
<status status="PASS" start="2024-04-03T11:23:06.048939" elapsed="0.000000"/>
</return>
<msg time="2024-04-03T11:23:06.048939" level="INFO">${is_sorted} = True</msg>
<var>${is_sorted}</var>
<arg>3</arg>
<arg>asc</arg>
<arg>number</arg>
<status status="PASS" start="2024-04-03T11:23:05.884364" elapsed="0.164575"/>
</kw>
<kw name="Should Be True" owner="BuiltIn">
<arg>${is_sorted}</arg>
<doc>Fails if the given condition is not true.</doc>
<status status="PASS" start="2024-04-03T11:23:06.049989" elapsed="0.001041"/>
</kw>
<kw name="Log To Console" owner="BuiltIn">
<arg>Column sorted = ${is_sorted}</arg>
<doc>Logs the given message to the console.</doc>
<status status="PASS" start="2024-04-03T11:23:06.051030" elapsed="0.000904"/>
</kw>
<status status="PASS" start="2024-04-03T11:22:57.859262" elapsed="8.193681"/>
</test>
<doc>Lab 05 - Ex2</doc>
<status status="PASS" start="2024-04-03T11:19:45.944126" elapsed="200.111371"/>
</suite>
<statistics>
<total>
<stat pass="13" fail="0" skip="0">All Tests</stat>
</total>
<tag>
</tag>
<suite>
<stat pass="13" fail="0" skip="0" id="s1" name="Ex2 2">Ex2 2</stat>
</suite>
</statistics>
<errors>
<msg time="2024-04-03T11:19:45.920642" level="WARN">Error in file 'D:\CURRENT_SEMESTER\Auto Testing\lab05\tests\Ex2_2.robot' on line 351: The '[Return]' setting is deprecated. Use the 'RETURN' statement instead.</msg>
<msg time="2024-04-03T11:19:45.921645" level="WARN">Error in file 'D:\CURRENT_SEMESTER\Auto Testing\lab05\tests\Ex2_2.robot' on line 359: The '[Return]' setting is deprecated. Use the 'RETURN' statement instead.</msg>
</errors>
</robot>
