<?xml version="1.0" encoding="UTF-8"?>
<robot generator="Robot 6.1.1 (Python 3.10.0 on win32)" generated="20240512 18:58:09.829" rpa="false" schemaversion="4">
<suite id="s1" name="Test Register" source="D:\CURRENT_SEMESTER\Auto Testing\Auto test - CK\AutomationTestStore\tests\account\test_register.robot">
<test id="s1-t1" name="TC1 - Register successfully - full information" line="23">
<kw name="Opening my browser" library="common" type="SETUP">
<kw name="Open Browser" library="SeleniumLibrary">
<arg>${URL_HOME}</arg>
<arg>${BROWSER}</arg>
<doc>Opens a new browser instance to the optional ``url``.</doc>
<msg timestamp="20240512 18:58:10.691" level="INFO">Opening browser 'Chrome' to base url 'https://automationteststore.com/'.</msg>
<status status="PASS" starttime="20240512 18:58:10.691" endtime="20240512 18:58:27.061"/>
</kw>
<kw name="Location Should Be" library="SeleniumLibrary">
<arg>${URL_HOME}</arg>
<doc>Verifies that the current URL is exactly ``url``.</doc>
<msg timestamp="20240512 18:58:27.093" level="INFO">Current location is 'https://automationteststore.com/'.</msg>
<status status="PASS" starttime="20240512 18:58:27.062" endtime="20240512 18:58:27.094"/>
</kw>
<kw name="Maximize Browser Window" library="SeleniumLibrary">
<doc>Maximizes current browser window.</doc>
<status status="PASS" starttime="20240512 18:58:27.094" endtime="20240512 18:58:27.162"/>
</kw>
<status status="PASS" starttime="20240512 18:58:10.690" endtime="20240512 18:58:27.162"/>
</kw>
<kw name="Register successfully">
<kw name="Enter page" library="common">
<arg>${REGISTER_LOGIN_PAGE}</arg>
<kw name="Go To" library="SeleniumLibrary">
<arg>${url}</arg>
<doc>Navigates the current browser window to the provided ``url``.</doc>
<msg timestamp="20240512 18:58:27.164" level="INFO">Opening url 'https://automationteststore.com/index.php?rt=account/login'</msg>
<status status="PASS" starttime="20240512 18:58:27.164" endtime="20240512 18:58:28.031"/>
</kw>
<kw name="Location Should Be" library="SeleniumLibrary">
<arg>${url}</arg>
<doc>Verifies that the current URL is exactly ``url``.</doc>
<msg timestamp="20240512 18:58:28.052" level="INFO">Current location is 'https://automationteststore.com/index.php?rt=account/login'.</msg>
<status status="PASS" starttime="20240512 18:58:28.031" endtime="20240512 18:58:28.053"/>
</kw>
<status status="PASS" starttime="20240512 18:58:27.163" endtime="20240512 18:58:28.053"/>
</kw>
<kw name="Choose register option &amp; enter form" library="register">
<kw name="Page Should Contain Element" library="SeleniumLibrary">
<arg>${REGISTER_BTN}</arg>
<doc>Verifies that element ``locator`` is found on the current page.</doc>
<msg timestamp="20240512 18:58:28.085" level="INFO">Current page contains element '//*[@id="accountFrm"]/fieldset/button'.</msg>
<status status="PASS" starttime="20240512 18:58:28.054" endtime="20240512 18:58:28.086"/>
</kw>
<kw name="Click Button" library="SeleniumLibrary">
<arg>${REGISTER_BTN}</arg>
<doc>Clicks the button identified by ``locator``.</doc>
<msg timestamp="20240512 18:58:28.087" level="INFO">Clicking button '//*[@id="accountFrm"]/fieldset/button'.</msg>
<status status="PASS" starttime="20240512 18:58:28.086" endtime="20240512 18:58:29.458"/>
</kw>
<kw name="Wait Until Keyword Succeeds" library="BuiltIn">
<arg>10s</arg>
<arg>2s</arg>
<arg>Location Should Be</arg>
<arg>${REGISTER_URL}</arg>
<doc>Runs the specified keyword and retries if it fails.</doc>
<kw name="Location Should Be" library="SeleniumLibrary">
<arg>${REGISTER_URL}</arg>
<doc>Verifies that the current URL is exactly ``url``.</doc>
<msg timestamp="20240512 18:58:29.479" level="INFO">Current location is 'https://automationteststore.com/index.php?rt=account/create'.</msg>
<status status="PASS" starttime="20240512 18:58:29.460" endtime="20240512 18:58:29.480"/>
</kw>
<status status="PASS" starttime="20240512 18:58:29.458" endtime="20240512 18:58:29.480"/>
</kw>
<status status="PASS" starttime="20240512 18:58:28.053" endtime="20240512 18:58:29.480"/>
</kw>
<kw name="Register success - full information" library="register">
<kw name="Create List" library="BuiltIn">
<var>${data}</var>
<arg>Beth</arg>
<arg>Doe</arg>
<arg>bethdoe_shopper1@gmail.com</arg>
<arg>1234567890</arg>
<arg>1234567890</arg>
<arg>ABC Company</arg>
<arg>123 Main Street</arg>
<arg>345 Second Street</arg>
<arg>230</arg>
<arg>3780</arg>
<arg>Ho Chi Minh</arg>
<arg>SW1A 1AA</arg>
<arg>bethdoe_shopper1</arg>
<arg>password123</arg>
<arg>password123</arg>
<doc>Returns a list containing given items.</doc>
<msg timestamp="20240512 18:58:29.482" level="INFO">${data} = ['Beth', 'Doe', 'bethdoe_shopper1@gmail.com', '1234567890', '1234567890', 'ABC Company', '123 Main Street', '345 Second Street', '230', '3780', 'Ho Chi Minh', 'SW1A 1AA', 'bethdoe_shopper1', 'password...</msg>
<status status="PASS" starttime="20240512 18:58:29.481" endtime="20240512 18:58:29.482"/>
</kw>
<kw name="Fill input to register form" library="register">
<arg>${data}</arg>
<doc>Fill the register form with the data list</doc>
<kw name="Get From List" library="Collections">
<var>${first_name}</var>
<arg>${data_list}</arg>
<arg>0</arg>
<doc>Returns the value specified with an ``index`` from ``list``.</doc>
<msg timestamp="20240512 18:58:29.483" level="INFO">${first_name} = Beth</msg>
<status status="PASS" starttime="20240512 18:58:29.483" endtime="20240512 18:58:29.483"/>
</kw>
<kw name="Get From List" library="Collections">
<var>${last_name}</var>
<arg>${data_list}</arg>
<arg>1</arg>
<doc>Returns the value specified with an ``index`` from ``list``.</doc>
<msg timestamp="20240512 18:58:29.484" level="INFO">${last_name} = Doe</msg>
<status status="PASS" starttime="20240512 18:58:29.484" endtime="20240512 18:58:29.484"/>
</kw>
<kw name="Get From List" library="Collections">
<var>${email}</var>
<arg>${data_list}</arg>
<arg>2</arg>
<doc>Returns the value specified with an ``index`` from ``list``.</doc>
<msg timestamp="20240512 18:58:29.484" level="INFO">${email} = bethdoe_shopper1@gmail.com</msg>
<status status="PASS" starttime="20240512 18:58:29.484" endtime="20240512 18:58:29.484"/>
</kw>
<kw name="Get From List" library="Collections">
<var>${phone}</var>
<arg>${data_list}</arg>
<arg>3</arg>
<doc>Returns the value specified with an ``index`` from ``list``.</doc>
<msg timestamp="20240512 18:58:29.485" level="INFO">${phone} = 1234567890</msg>
<status status="PASS" starttime="20240512 18:58:29.484" endtime="20240512 18:58:29.485"/>
</kw>
<kw name="Get From List" library="Collections">
<var>${fax}</var>
<arg>${data_list}</arg>
<arg>4</arg>
<doc>Returns the value specified with an ``index`` from ``list``.</doc>
<msg timestamp="20240512 18:58:29.486" level="INFO">${fax} = 1234567890</msg>
<status status="PASS" starttime="20240512 18:58:29.485" endtime="20240512 18:58:29.486"/>
</kw>
<kw name="Get From List" library="Collections">
<var>${company}</var>
<arg>${data_list}</arg>
<arg>5</arg>
<doc>Returns the value specified with an ``index`` from ``list``.</doc>
<msg timestamp="20240512 18:58:29.487" level="INFO">${company} = ABC Company</msg>
<status status="PASS" starttime="20240512 18:58:29.486" endtime="20240512 18:58:29.487"/>
</kw>
<kw name="Get From List" library="Collections">
<var>${address1}</var>
<arg>${data_list}</arg>
<arg>6</arg>
<doc>Returns the value specified with an ``index`` from ``list``.</doc>
<msg timestamp="20240512 18:58:29.488" level="INFO">${address1} = 123 Main Street</msg>
<status status="PASS" starttime="20240512 18:58:29.487" endtime="20240512 18:58:29.488"/>
</kw>
<kw name="Get From List" library="Collections">
<var>${address2}</var>
<arg>${data_list}</arg>
<arg>7</arg>
<doc>Returns the value specified with an ``index`` from ``list``.</doc>
<msg timestamp="20240512 18:58:29.488" level="INFO">${address2} = 345 Second Street</msg>
<status status="PASS" starttime="20240512 18:58:29.488" endtime="20240512 18:58:29.488"/>
</kw>
<kw name="Get From List" library="Collections">
<var>${country}</var>
<arg>${data_list}</arg>
<arg>8</arg>
<doc>Returns the value specified with an ``index`` from ``list``.</doc>
<msg timestamp="20240512 18:58:29.489" level="INFO">${country} = 230</msg>
<status status="PASS" starttime="20240512 18:58:29.488" endtime="20240512 18:58:29.489"/>
</kw>
<kw name="Get From List" library="Collections">
<var>${region}</var>
<arg>${data_list}</arg>
<arg>9</arg>
<doc>Returns the value specified with an ``index`` from ``list``.</doc>
<msg timestamp="20240512 18:58:29.490" level="INFO">${region} = 3780</msg>
<status status="PASS" starttime="20240512 18:58:29.490" endtime="20240512 18:58:29.490"/>
</kw>
<kw name="Get From List" library="Collections">
<var>${city}</var>
<arg>${data_list}</arg>
<arg>10</arg>
<doc>Returns the value specified with an ``index`` from ``list``.</doc>
<msg timestamp="20240512 18:58:29.491" level="INFO">${city} = Ho Chi Minh</msg>
<status status="PASS" starttime="20240512 18:58:29.491" endtime="20240512 18:58:29.491"/>
</kw>
<kw name="Get From List" library="Collections">
<var>${postcode}</var>
<arg>${data_list}</arg>
<arg>11</arg>
<doc>Returns the value specified with an ``index`` from ``list``.</doc>
<msg timestamp="20240512 18:58:29.492" level="INFO">${postcode} = SW1A 1AA</msg>
<status status="PASS" starttime="20240512 18:58:29.491" endtime="20240512 18:58:29.492"/>
</kw>
<kw name="Get From List" library="Collections">
<var>${login_name}</var>
<arg>${data_list}</arg>
<arg>12</arg>
<doc>Returns the value specified with an ``index`` from ``list``.</doc>
<msg timestamp="20240512 18:58:29.492" level="INFO">${login_name} = bethdoe_shopper1</msg>
<status status="PASS" starttime="20240512 18:58:29.492" endtime="20240512 18:58:29.492"/>
</kw>
<kw name="Get From List" library="Collections">
<var>${password}</var>
<arg>${data_list}</arg>
<arg>13</arg>
<doc>Returns the value specified with an ``index`` from ``list``.</doc>
<msg timestamp="20240512 18:58:29.492" level="INFO">${password} = password123</msg>
<status status="PASS" starttime="20240512 18:58:29.492" endtime="20240512 18:58:29.492"/>
</kw>
<kw name="Get From List" library="Collections">
<var>${confirm_password}</var>
<arg>${data_list}</arg>
<arg>14</arg>
<doc>Returns the value specified with an ``index`` from ``list``.</doc>
<msg timestamp="20240512 18:58:29.494" level="INFO">${confirm_password} = password123</msg>
<status status="PASS" starttime="20240512 18:58:29.494" endtime="20240512 18:58:29.494"/>
</kw>
<kw name="Check if data empty" library="register">
<var>${is_empty_region}</var>
<arg>${region}</arg>
<kw name="Set Variable" library="BuiltIn">
<var>${res}</var>
<arg>False</arg>
<doc>Returns the given values which can then be assigned to a variables.</doc>
<msg timestamp="20240512 18:58:29.495" level="INFO">${res} = False</msg>
<status status="PASS" starttime="20240512 18:58:29.495" endtime="20240512 18:58:29.495"/>
</kw>
<if>
<branch type="IF" condition="$data == ''">
<kw name="Set Variable" library="BuiltIn">
<var>${res}</var>
<arg>True</arg>
<doc>Returns the given values which can then be assigned to a variables.</doc>
<status status="NOT RUN" starttime="20240512 18:58:29.504" endtime="20240512 18:58:29.504"/>
</kw>
<status status="NOT RUN" starttime="20240512 18:58:29.496" endtime="20240512 18:58:29.504"/>
</branch>
<branch type="ELSE IF" condition="$data == &quot;&quot;">
<kw name="Set Variable" library="BuiltIn">
<var>${res}</var>
<arg>True</arg>
<doc>Returns the given values which can then be assigned to a variables.</doc>
<status status="NOT RUN" starttime="20240512 18:58:29.504" endtime="20240512 18:58:29.505"/>
</kw>
<status status="NOT RUN" starttime="20240512 18:58:29.504" endtime="20240512 18:58:29.505"/>
</branch>
<status status="PASS" starttime="20240512 18:58:29.496" endtime="20240512 18:58:29.505"/>
</if>
<kw name="Log To Console" library="BuiltIn">
<arg>res: ${res}</arg>
<doc>Logs the given message to the console.</doc>
<status status="PASS" starttime="20240512 18:58:29.505" endtime="20240512 18:58:29.506"/>
</kw>
<return>
<value>${res}</value>
<status status="PASS" starttime="20240512 18:58:29.506" endtime="20240512 18:58:29.506"/>
</return>
<msg timestamp="20240512 18:58:29.507" level="INFO">${is_empty_region} = False</msg>
<status status="PASS" starttime="20240512 18:58:29.494" endtime="20240512 18:58:29.507"/>
</kw>
<kw name="Check if data empty" library="register">
<var>${is_empty_country}</var>
<arg>${country}</arg>
<kw name="Set Variable" library="BuiltIn">
<var>${res}</var>
<arg>False</arg>
<doc>Returns the given values which can then be assigned to a variables.</doc>
<msg timestamp="20240512 18:58:29.509" level="INFO">${res} = False</msg>
<status status="PASS" starttime="20240512 18:58:29.508" endtime="20240512 18:58:29.509"/>
</kw>
<if>
<branch type="IF" condition="$data == ''">
<kw name="Set Variable" library="BuiltIn">
<var>${res}</var>
<arg>True</arg>
<doc>Returns the given values which can then be assigned to a variables.</doc>
<status status="NOT RUN" starttime="20240512 18:58:29.509" endtime="20240512 18:58:29.509"/>
</kw>
<status status="NOT RUN" starttime="20240512 18:58:29.509" endtime="20240512 18:58:29.509"/>
</branch>
<branch type="ELSE IF" condition="$data == &quot;&quot;">
<kw name="Set Variable" library="BuiltIn">
<var>${res}</var>
<arg>True</arg>
<doc>Returns the given values which can then be assigned to a variables.</doc>
<status status="NOT RUN" starttime="20240512 18:58:29.510" endtime="20240512 18:58:29.510"/>
</kw>
<status status="NOT RUN" starttime="20240512 18:58:29.510" endtime="20240512 18:58:29.510"/>
</branch>
<status status="PASS" starttime="20240512 18:58:29.509" endtime="20240512 18:58:29.510"/>
</if>
<kw name="Log To Console" library="BuiltIn">
<arg>res: ${res}</arg>
<doc>Logs the given message to the console.</doc>
<status status="PASS" starttime="20240512 18:58:29.510" endtime="20240512 18:58:29.511"/>
</kw>
<return>
<value>${res}</value>
<status status="PASS" starttime="20240512 18:58:29.511" endtime="20240512 18:58:29.512"/>
</return>
<msg timestamp="20240512 18:58:29.512" level="INFO">${is_empty_country} = False</msg>
<status status="PASS" starttime="20240512 18:58:29.507" endtime="20240512 18:58:29.512"/>
</kw>
<if>
<branch type="IF" condition="$is_empty_country == &quot;True&quot;">
<kw name="Log To Console" library="BuiltIn">
<arg>country is empty</arg>
<doc>Logs the given message to the console.</doc>
<status status="NOT RUN" starttime="20240512 18:58:29.512" endtime="20240512 18:58:29.513"/>
</kw>
<kw name="Set Variable" library="BuiltIn">
<var>${country}</var>
<arg>FALSE</arg>
<doc>Returns the given values which can then be assigned to a variables.</doc>
<status status="NOT RUN" starttime="20240512 18:58:29.513" endtime="20240512 18:58:29.513"/>
</kw>
<status status="NOT RUN" starttime="20240512 18:58:29.512" endtime="20240512 18:58:29.513"/>
</branch>
<branch type="ELSE">
<kw name="Convert To Integer" library="BuiltIn">
<var>${country}</var>
<arg>${country}</arg>
<doc>Converts the given item to an integer number.</doc>
<msg timestamp="20240512 18:58:29.515" level="INFO">${country} = 230</msg>
<status status="PASS" starttime="20240512 18:58:29.513" endtime="20240512 18:58:29.515"/>
</kw>
<status status="PASS" starttime="20240512 18:58:29.513" endtime="20240512 18:58:29.515"/>
</branch>
<status status="PASS" starttime="20240512 18:58:29.512" endtime="20240512 18:58:29.515"/>
</if>
<if>
<branch type="IF" condition="$is_empty_region == &quot;True&quot;">
<kw name="Log To Console" library="BuiltIn">
<arg>region is empty</arg>
<doc>Logs the given message to the console.</doc>
<status status="NOT RUN" starttime="20240512 18:58:29.515" endtime="20240512 18:58:29.515"/>
</kw>
<kw name="Set Variable" library="BuiltIn">
<var>${region}</var>
<arg>FALSE</arg>
<doc>Returns the given values which can then be assigned to a variables.</doc>
<status status="NOT RUN" starttime="20240512 18:58:29.515" endtime="20240512 18:58:29.516"/>
</kw>
<status status="NOT RUN" starttime="20240512 18:58:29.515" endtime="20240512 18:58:29.516"/>
</branch>
<branch type="ELSE">
<kw name="Convert To Integer" library="BuiltIn">
<var>${region}</var>
<arg>${region}</arg>
<doc>Converts the given item to an integer number.</doc>
<msg timestamp="20240512 18:58:29.517" level="INFO">${region} = 3780</msg>
<status status="PASS" starttime="20240512 18:58:29.516" endtime="20240512 18:58:29.517"/>
</kw>
<status status="PASS" starttime="20240512 18:58:29.516" endtime="20240512 18:58:29.517"/>
</branch>
<status status="PASS" starttime="20240512 18:58:29.515" endtime="20240512 18:58:29.517"/>
</if>
<kw name="Log To Console" library="BuiltIn">
<arg>region: ${region}</arg>
<doc>Logs the given message to the console.</doc>
<status status="PASS" starttime="20240512 18:58:29.517" endtime="20240512 18:58:29.518"/>
</kw>
<kw name="Log To Console" library="BuiltIn">
<arg>country: ${country}</arg>
<doc>Logs the given message to the console.</doc>
<status status="PASS" starttime="20240512 18:58:29.518" endtime="20240512 18:58:29.519"/>
</kw>
<kw name="Scroll Element Into View" library="SeleniumLibrary">
<arg>${input_first_name}</arg>
<doc>Scrolls the element identified by ``locator`` into view.</doc>
<status status="PASS" starttime="20240512 18:58:29.520" endtime="20240512 18:58:29.846"/>
</kw>
<kw name="Input Text" library="SeleniumLibrary">
<arg>${input_first_name}</arg>
<arg>${first_name}</arg>
<doc>Types the given ``text`` into the text field identified by ``locator``.</doc>
<msg timestamp="20240512 18:58:29.848" level="INFO">Typing text 'Beth' into text field '//*[@id="AccountFrm_firstname"]'.</msg>
<status status="PASS" starttime="20240512 18:58:29.847" endtime="20240512 18:58:30.063"/>
</kw>
<kw name="Scroll Element Into View" library="SeleniumLibrary">
<arg>${input_last_name}</arg>
<doc>Scrolls the element identified by ``locator`` into view.</doc>
<status status="PASS" starttime="20240512 18:58:30.063" endtime="20240512 18:58:30.343"/>
</kw>
<kw name="Input Text" library="SeleniumLibrary">
<arg>${input_last_name}</arg>
<arg>${last_name}</arg>
<doc>Types the given ``text`` into the text field identified by ``locator``.</doc>
<msg timestamp="20240512 18:58:30.344" level="INFO">Typing text 'Doe' into text field '//*[@id="AccountFrm_lastname"]'.</msg>
<status status="PASS" starttime="20240512 18:58:30.343" endtime="20240512 18:58:30.478"/>
</kw>
<kw name="Scroll Element Into View" library="SeleniumLibrary">
<arg>${input_email}</arg>
<doc>Scrolls the element identified by ``locator`` into view.</doc>
<status status="PASS" starttime="20240512 18:58:30.478" endtime="20240512 18:58:30.760"/>
</kw>
<kw name="Input Text" library="SeleniumLibrary">
<arg>${input_email}</arg>
<arg>${email}</arg>
<doc>Types the given ``text`` into the text field identified by ``locator``.</doc>
<msg timestamp="20240512 18:58:30.762" level="INFO">Typing text 'bethdoe_shopper1@gmail.com' into text field '//*[@id="AccountFrm_email"]'.</msg>
<status status="PASS" starttime="20240512 18:58:30.761" endtime="20240512 18:58:30.909"/>
</kw>
<kw name="Scroll Element Into View" library="SeleniumLibrary">
<arg>${input_telephone}</arg>
<doc>Scrolls the element identified by ``locator`` into view.</doc>
<status status="PASS" starttime="20240512 18:58:30.909" endtime="20240512 18:58:31.193"/>
</kw>
<kw name="Input Text" library="SeleniumLibrary">
<arg>${input_telephone}</arg>
<arg>${phone}</arg>
<doc>Types the given ``text`` into the text field identified by ``locator``.</doc>
<msg timestamp="20240512 18:58:31.194" level="INFO">Typing text '1234567890' into text field '//*[@id="AccountFrm_telephone"]'.</msg>
<status status="PASS" starttime="20240512 18:58:31.193" endtime="20240512 18:58:31.309"/>
</kw>
<kw name="Scroll Element Into View" library="SeleniumLibrary">
<arg>${input_fax}</arg>
<doc>Scrolls the element identified by ``locator`` into view.</doc>
<status status="PASS" starttime="20240512 18:58:31.309" endtime="20240512 18:58:31.591"/>
</kw>
<kw name="Input Text" library="SeleniumLibrary">
<arg>${input_fax}</arg>
<arg>${fax}</arg>
<doc>Types the given ``text`` into the text field identified by ``locator``.</doc>
<msg timestamp="20240512 18:58:31.593" level="INFO">Typing text '1234567890' into text field '//*[@id="AccountFrm_fax"]'.</msg>
<status status="PASS" starttime="20240512 18:58:31.591" endtime="20240512 18:58:31.700"/>
</kw>
<kw name="Scroll Element Into View" library="SeleniumLibrary">
<arg>${input_company}</arg>
<doc>Scrolls the element identified by ``locator`` into view.</doc>
<status status="PASS" starttime="20240512 18:58:31.700" endtime="20240512 18:58:31.986"/>
</kw>
<kw name="Input Text" library="SeleniumLibrary">
<arg>${input_company}</arg>
<arg>${company}</arg>
<doc>Types the given ``text`` into the text field identified by ``locator``.</doc>
<msg timestamp="20240512 18:58:31.989" level="INFO">Typing text 'ABC Company' into text field '//*[@id="AccountFrm_company"]'.</msg>
<status status="PASS" starttime="20240512 18:58:31.987" endtime="20240512 18:58:32.116"/>
</kw>
<kw name="Scroll Element Into View" library="SeleniumLibrary">
<arg>${input_address_1}</arg>
<doc>Scrolls the element identified by ``locator`` into view.</doc>
<status status="PASS" starttime="20240512 18:58:32.116" endtime="20240512 18:58:32.399"/>
</kw>
<kw name="Input Text" library="SeleniumLibrary">
<arg>${input_address_1}</arg>
<arg>${address1}</arg>
<doc>Types the given ``text`` into the text field identified by ``locator``.</doc>
<msg timestamp="20240512 18:58:32.401" level="INFO">Typing text '123 Main Street' into text field '//*[@id="AccountFrm_address_1"]'.</msg>
<status status="PASS" starttime="20240512 18:58:32.400" endtime="20240512 18:58:32.542"/>
</kw>
<kw name="Scroll Element Into View" library="SeleniumLibrary">
<arg>${input_address_2}</arg>
<doc>Scrolls the element identified by ``locator`` into view.</doc>
<status status="PASS" starttime="20240512 18:58:32.542" endtime="20240512 18:58:32.834"/>
</kw>
<kw name="Input Text" library="SeleniumLibrary">
<arg>${input_address_2}</arg>
<arg>${address2}</arg>
<doc>Types the given ``text`` into the text field identified by ``locator``.</doc>
<msg timestamp="20240512 18:58:32.836" level="INFO">Typing text '345 Second Street' into text field '//*[@id="AccountFrm_address_2"]'.</msg>
<status status="PASS" starttime="20240512 18:58:32.834" endtime="20240512 18:58:33.008"/>
</kw>
<kw name="Scroll Element Into View" library="SeleniumLibrary">
<arg>${input_city}</arg>
<doc>Scrolls the element identified by ``locator`` into view.</doc>
<status status="PASS" starttime="20240512 18:58:33.008" endtime="20240512 18:58:33.290"/>
</kw>
<kw name="Input Text" library="SeleniumLibrary">
<arg>${input_city}</arg>
<arg>${city}</arg>
<doc>Types the given ``text`` into the text field identified by ``locator``.</doc>
<msg timestamp="20240512 18:58:33.291" level="INFO">Typing text 'Ho Chi Minh' into text field '//*[@id="AccountFrm_city"]'.</msg>
<status status="PASS" starttime="20240512 18:58:33.290" endtime="20240512 18:58:33.439"/>
</kw>
<kw name="Scroll Element Into View" library="SeleniumLibrary">
<arg>${input_zip_code}</arg>
<doc>Scrolls the element identified by ``locator`` into view.</doc>
<status status="PASS" starttime="20240512 18:58:33.439" endtime="20240512 18:58:33.720"/>
</kw>
<kw name="Input Text" library="SeleniumLibrary">
<arg>${input_zip_code}</arg>
<arg>${postcode}</arg>
<doc>Types the given ``text`` into the text field identified by ``locator``.</doc>
<msg timestamp="20240512 18:58:33.722" level="INFO">Typing text 'SW1A 1AA' into text field '//*[@id="AccountFrm_postcode"]'.</msg>
<status status="PASS" starttime="20240512 18:58:33.720" endtime="20240512 18:58:33.894"/>
</kw>
<kw name="Scroll Element Into View" library="SeleniumLibrary">
<arg>${select_country}</arg>
<doc>Scrolls the element identified by ``locator`` into view.</doc>
<status status="PASS" starttime="20240512 18:58:33.894" endtime="20240512 18:58:34.180"/>
</kw>
<kw name="Select From List By Value" library="SeleniumLibrary">
<arg>${select_country}</arg>
<arg>${country}</arg>
<doc>Selects options from selection list ``locator`` by ``values``.</doc>
<msg timestamp="20240512 18:58:34.182" level="INFO">Selecting options from selection list '//*[@id="AccountFrm_country_id"]' by value 230.</msg>
<status status="PASS" starttime="20240512 18:58:34.180" endtime="20240512 18:58:34.343"/>
</kw>
<kw name="Scroll Element Into View" library="SeleniumLibrary">
<arg>${select_region}</arg>
<doc>Scrolls the element identified by ``locator`` into view.</doc>
<status status="PASS" starttime="20240512 18:58:34.344" endtime="20240512 18:58:34.626"/>
</kw>
<kw name="Wait Until Element Is Visible" library="SeleniumLibrary">
<arg>${select_region}</arg>
<doc>Waits until the element ``locator`` is visible.</doc>
<status status="PASS" starttime="20240512 18:58:34.626" endtime="20240512 18:58:34.647"/>
</kw>
<kw name="Wait Until Element Is Enabled" library="SeleniumLibrary">
<arg>${select_region}</arg>
<doc>Waits until the element ``locator`` is enabled.</doc>
<status status="PASS" starttime="20240512 18:58:34.647" endtime="20240512 18:58:34.682"/>
</kw>
<if>
<branch type="IF" condition="$is_empty_country == &quot;False&quot;">
<kw name="Wait Until Keyword Succeeds" library="BuiltIn">
<arg>10s</arg>
<arg>2s</arg>
<arg>Page Should Contain Element</arg>
<arg>//*[@id="AccountFrm_zone_id"]/option[@value='3780']</arg>
<doc>Runs the specified keyword and retries if it fails.</doc>
<kw name="Page Should Contain Element" library="SeleniumLibrary">
<arg>//*[@id="AccountFrm_zone_id"]/option[@value='3780']</arg>
<doc>Verifies that element ``locator`` is found on the current page.</doc>
<msg timestamp="20240512 18:58:34.695" level="INFO">Current page contains element '//*[@id="AccountFrm_zone_id"]/option[@value='3780']'.</msg>
<status status="PASS" starttime="20240512 18:58:34.682" endtime="20240512 18:58:34.695"/>
</kw>
<status status="PASS" starttime="20240512 18:58:34.682" endtime="20240512 18:58:34.695"/>
</kw>
<kw name="Select From List By Value" library="SeleniumLibrary">
<arg>${select_region}</arg>
<arg>${region}</arg>
<doc>Selects options from selection list ``locator`` by ``values``.</doc>
<msg timestamp="20240512 18:58:34.696" level="INFO">Selecting options from selection list '//*[@id="AccountFrm_zone_id"]' by value 3780.</msg>
<status status="PASS" starttime="20240512 18:58:34.695" endtime="20240512 18:58:34.761"/>
</kw>
<status status="PASS" starttime="20240512 18:58:34.682" endtime="20240512 18:58:34.761"/>
</branch>
<status status="PASS" starttime="20240512 18:58:34.682" endtime="20240512 18:58:34.761"/>
</if>
<kw name="Scroll Element Into View" library="SeleniumLibrary">
<arg>${input_login_name}</arg>
<doc>Scrolls the element identified by ``locator`` into view.</doc>
<status status="PASS" starttime="20240512 18:58:34.761" endtime="20240512 18:58:35.039"/>
</kw>
<kw name="Input Text" library="SeleniumLibrary">
<arg>${input_login_name}</arg>
<arg>${login_name}</arg>
<doc>Types the given ``text`` into the text field identified by ``locator``.</doc>
<msg timestamp="20240512 18:58:35.040" level="INFO">Typing text 'bethdoe_shopper1' into text field '//*[@id="AccountFrm_loginname"]'.</msg>
<status status="PASS" starttime="20240512 18:58:35.040" endtime="20240512 18:58:35.137"/>
</kw>
<kw name="Scroll Element Into View" library="SeleniumLibrary">
<arg>${input_password}</arg>
<doc>Scrolls the element identified by ``locator`` into view.</doc>
<status status="PASS" starttime="20240512 18:58:35.137" endtime="20240512 18:58:35.420"/>
</kw>
<kw name="Input Text" library="SeleniumLibrary">
<arg>${input_password}</arg>
<arg>${password}</arg>
<doc>Types the given ``text`` into the text field identified by ``locator``.</doc>
<msg timestamp="20240512 18:58:35.420" level="INFO">Typing text 'password123' into text field '//*[@id="AccountFrm_password"]'.</msg>
<status status="PASS" starttime="20240512 18:58:35.420" endtime="20240512 18:58:35.497"/>
</kw>
<kw name="Scroll Element Into View" library="SeleniumLibrary">
<arg>${input_confirm_password}</arg>
<doc>Scrolls the element identified by ``locator`` into view.</doc>
<status status="PASS" starttime="20240512 18:58:35.497" endtime="20240512 18:58:35.875"/>
</kw>
<kw name="Input Text" library="SeleniumLibrary">
<arg>${input_confirm_password}</arg>
<arg>${confirm_password}</arg>
<doc>Types the given ``text`` into the text field identified by ``locator``.</doc>
<msg timestamp="20240512 18:58:35.876" level="INFO">Typing text 'password123' into text field '//*[@id="AccountFrm_confirm"]'.</msg>
<status status="PASS" starttime="20240512 18:58:35.875" endtime="20240512 18:58:35.952"/>
</kw>
<status status="PASS" starttime="20240512 18:58:29.482" endtime="20240512 18:58:35.952"/>
</kw>
<kw name="Scroll Element Into View" library="SeleniumLibrary">
<arg>${checkbox_newsletter_yes}</arg>
<doc>Scrolls the element identified by ``locator`` into view.</doc>
<status status="PASS" starttime="20240512 18:58:35.952" endtime="20240512 18:58:36.228"/>
</kw>
<kw name="Click Button" library="SeleniumLibrary">
<arg>${checkbox_newsletter_no}</arg>
<doc>Clicks the button identified by ``locator``.</doc>
<msg timestamp="20240512 18:58:36.230" level="INFO">Clicking button '//*[@id="AccountFrm_newsletter0"]'.</msg>
<status status="PASS" starttime="20240512 18:58:36.229" endtime="20240512 18:58:36.385"/>
</kw>
<kw name="Scroll Element Into View" library="SeleniumLibrary">
<arg>${checkbox_agree_policy}</arg>
<doc>Scrolls the element identified by ``locator`` into view.</doc>
<status status="PASS" starttime="20240512 18:58:36.385" endtime="20240512 18:58:36.662"/>
</kw>
<kw name="Click Button" library="SeleniumLibrary">
<arg>${checkbox_agree_policy}</arg>
<doc>Clicks the button identified by ``locator``.</doc>
<msg timestamp="20240512 18:58:36.662" level="INFO">Clicking button '//*[@id="AccountFrm_agree"]'.</msg>
<status status="PASS" starttime="20240512 18:58:36.662" endtime="20240512 18:58:36.711"/>
</kw>
<kw name="Scroll Element Into View" library="SeleniumLibrary">
<arg>${btn_register_submit}</arg>
<doc>Scrolls the element identified by ``locator`` into view.</doc>
<status status="PASS" starttime="20240512 18:58:36.711" endtime="20240512 18:58:37.042"/>
</kw>
<kw name="Click Button" library="SeleniumLibrary">
<arg>${btn_register_submit}</arg>
<doc>Clicks the button identified by ``locator``.</doc>
<msg timestamp="20240512 18:58:37.043" level="INFO">Clicking button '//*[@id="AccountFrm"]/div[5]/div/div/button'.</msg>
<status status="PASS" starttime="20240512 18:58:37.042" endtime="20240512 18:58:38.750"/>
</kw>
<kw name="Wait Until Keyword Succeeds" library="BuiltIn">
<arg>10s</arg>
<arg>2s</arg>
<arg>Location Should Be</arg>
<arg>${REGISTER_SUCCESS_URL}</arg>
<doc>Runs the specified keyword and retries if it fails.</doc>
<kw name="Location Should Be" library="SeleniumLibrary">
<arg>${REGISTER_SUCCESS_URL}</arg>
<doc>Verifies that the current URL is exactly ``url``.</doc>
<msg timestamp="20240512 18:58:38.764" level="INFO">Current location is 'https://automationteststore.com/index.php?rt=account/success'.</msg>
<status status="PASS" starttime="20240512 18:58:38.751" endtime="20240512 18:58:38.765"/>
</kw>
<status status="PASS" starttime="20240512 18:58:38.750" endtime="20240512 18:58:38.765"/>
</kw>
<kw name="Page Should Contain" library="SeleniumLibrary">
<arg>Your Account Has Been Created!</arg>
<doc>Verifies that current page contains ``text``.</doc>
<msg timestamp="20240512 18:58:38.791" level="INFO">Current page contains text 'Your Account Has Been Created!'.</msg>
<status status="PASS" starttime="20240512 18:58:38.765" endtime="20240512 18:58:38.793"/>
</kw>
<status status="PASS" starttime="20240512 18:58:29.481" endtime="20240512 18:58:38.793"/>
</kw>
<status status="PASS" starttime="20240512 18:58:27.163" endtime="20240512 18:58:38.793"/>
</kw>
<kw name="Closing my browser" library="common" type="TEARDOWN">
<kw name="Close Browser" library="SeleniumLibrary">
<doc>Closes the current browser.</doc>
<status status="PASS" starttime="20240512 18:58:38.794" endtime="20240512 18:58:40.923"/>
</kw>
<status status="PASS" starttime="20240512 18:58:38.794" endtime="20240512 18:58:40.923"/>
</kw>
<doc>Register successfully</doc>
<tag>Register</tag>
<status status="PASS" starttime="20240512 18:58:10.689" endtime="20240512 18:58:40.924"/>
</test>
<test id="s1-t2" name="TC2 - Register successfully - required information only" line="28">
<kw name="Opening my browser" library="common" type="SETUP">
<kw name="Open Browser" library="SeleniumLibrary">
<arg>${URL_HOME}</arg>
<arg>${BROWSER}</arg>
<doc>Opens a new browser instance to the optional ``url``.</doc>
<msg timestamp="20240512 18:58:40.933" level="INFO">Opening browser 'Chrome' to base url 'https://automationteststore.com/'.</msg>
<status status="PASS" starttime="20240512 18:58:40.930" endtime="20240512 18:58:58.446"/>
</kw>
<kw name="Location Should Be" library="SeleniumLibrary">
<arg>${URL_HOME}</arg>
<doc>Verifies that the current URL is exactly ``url``.</doc>
<msg timestamp="20240512 18:58:58.458" level="INFO">Current location is 'https://automationteststore.com/'.</msg>
<status status="PASS" starttime="20240512 18:58:58.446" endtime="20240512 18:58:58.458"/>
</kw>
<kw name="Maximize Browser Window" library="SeleniumLibrary">
<doc>Maximizes current browser window.</doc>
<status status="PASS" starttime="20240512 18:58:58.458" endtime="20240512 18:58:58.503"/>
</kw>
<status status="PASS" starttime="20240512 18:58:40.929" endtime="20240512 18:58:58.503"/>
</kw>
<kw name="Enter page" library="common">
<arg>${REGISTER_LOGIN_PAGE}</arg>
<kw name="Go To" library="SeleniumLibrary">
<arg>${url}</arg>
<doc>Navigates the current browser window to the provided ``url``.</doc>
<msg timestamp="20240512 18:58:58.505" level="INFO">Opening url 'https://automationteststore.com/index.php?rt=account/login'</msg>
<status status="PASS" starttime="20240512 18:58:58.504" endtime="20240512 18:58:59.851"/>
</kw>
<kw name="Location Should Be" library="SeleniumLibrary">
<arg>${url}</arg>
<doc>Verifies that the current URL is exactly ``url``.</doc>
<msg timestamp="20240512 18:58:59.865" level="INFO">Current location is 'https://automationteststore.com/index.php?rt=account/login'.</msg>
<status status="PASS" starttime="20240512 18:58:59.851" endtime="20240512 18:58:59.866"/>
</kw>
<status status="PASS" starttime="20240512 18:58:58.504" endtime="20240512 18:58:59.866"/>
</kw>
<kw name="Choose register option &amp; enter form" library="register">
<kw name="Page Should Contain Element" library="SeleniumLibrary">
<arg>${REGISTER_BTN}</arg>
<doc>Verifies that element ``locator`` is found on the current page.</doc>
<msg timestamp="20240512 18:58:59.899" level="INFO">Current page contains element '//*[@id="accountFrm"]/fieldset/button'.</msg>
<status status="PASS" starttime="20240512 18:58:59.868" endtime="20240512 18:58:59.899"/>
</kw>
<kw name="Click Button" library="SeleniumLibrary">
<arg>${REGISTER_BTN}</arg>
<doc>Clicks the button identified by ``locator``.</doc>
<msg timestamp="20240512 18:58:59.902" level="INFO">Clicking button '//*[@id="accountFrm"]/fieldset/button'.</msg>
<status status="PASS" starttime="20240512 18:58:59.899" endtime="20240512 18:59:01.507"/>
</kw>
<kw name="Wait Until Keyword Succeeds" library="BuiltIn">
<arg>10s</arg>
<arg>2s</arg>
<arg>Location Should Be</arg>
<arg>${REGISTER_URL}</arg>
<doc>Runs the specified keyword and retries if it fails.</doc>
<kw name="Location Should Be" library="SeleniumLibrary">
<arg>${REGISTER_URL}</arg>
<doc>Verifies that the current URL is exactly ``url``.</doc>
<msg timestamp="20240512 18:59:01.516" level="INFO">Current location is 'https://automationteststore.com/index.php?rt=account/create'.</msg>
<status status="PASS" starttime="20240512 18:59:01.508" endtime="20240512 18:59:01.516"/>
</kw>
<status status="PASS" starttime="20240512 18:59:01.508" endtime="20240512 18:59:01.516"/>
</kw>
<status status="PASS" starttime="20240512 18:58:59.867" endtime="20240512 18:59:01.516"/>
</kw>
<kw name="Register successfully - required information only" library="register">
<kw name="Create List" library="BuiltIn">
<var>${data}</var>
<arg>Beth</arg>
<arg>Doe</arg>
<arg>bethdoe_shopper4@gmail.com</arg>
<arg>${EMPTY}</arg>
<arg>${EMPTY}</arg>
<arg>ABC Company</arg>
<arg>123 Main Street</arg>
<arg>${EMPTY}</arg>
<arg>230</arg>
<arg>3780</arg>
<arg>Ho Chi Minh</arg>
<arg>SW1A 1AA</arg>
<arg>bethdoe_shopper4</arg>
<arg>password123</arg>
<arg>password123</arg>
<doc>Returns a list containing given items.</doc>
<msg timestamp="20240512 18:59:01.520" level="INFO">${data} = ['Beth', 'Doe', 'bethdoe_shopper4@gmail.com', '', '', 'ABC Company', '123 Main Street', '', '230', '3780', 'Ho Chi Minh', 'SW1A 1AA', 'bethdoe_shopper4', 'password123', 'password123']</msg>
<status status="PASS" starttime="20240512 18:59:01.518" endtime="20240512 18:59:01.520"/>
</kw>
<kw name="Fill input to register form" library="register">
<arg>${data}</arg>
<doc>Fill the register form with the data list</doc>
<kw name="Get From List" library="Collections">
<var>${first_name}</var>
<arg>${data_list}</arg>
<arg>0</arg>
<doc>Returns the value specified with an ``index`` from ``list``.</doc>
<msg timestamp="20240512 18:59:01.521" level="INFO">${first_name} = Beth</msg>
<status status="PASS" starttime="20240512 18:59:01.521" endtime="20240512 18:59:01.521"/>
</kw>
<kw name="Get From List" library="Collections">
<var>${last_name}</var>
<arg>${data_list}</arg>
<arg>1</arg>
<doc>Returns the value specified with an ``index`` from ``list``.</doc>
<msg timestamp="20240512 18:59:01.521" level="INFO">${last_name} = Doe</msg>
<status status="PASS" starttime="20240512 18:59:01.521" endtime="20240512 18:59:01.521"/>
</kw>
<kw name="Get From List" library="Collections">
<var>${email}</var>
<arg>${data_list}</arg>
<arg>2</arg>
<doc>Returns the value specified with an ``index`` from ``list``.</doc>
<msg timestamp="20240512 18:59:01.522" level="INFO">${email} = bethdoe_shopper4@gmail.com</msg>
<status status="PASS" starttime="20240512 18:59:01.522" endtime="20240512 18:59:01.522"/>
</kw>
<kw name="Get From List" library="Collections">
<var>${phone}</var>
<arg>${data_list}</arg>
<arg>3</arg>
<doc>Returns the value specified with an ``index`` from ``list``.</doc>
<msg timestamp="20240512 18:59:01.522" level="INFO">${phone} = </msg>
<status status="PASS" starttime="20240512 18:59:01.522" endtime="20240512 18:59:01.522"/>
</kw>
<kw name="Get From List" library="Collections">
<var>${fax}</var>
<arg>${data_list}</arg>
<arg>4</arg>
<doc>Returns the value specified with an ``index`` from ``list``.</doc>
<msg timestamp="20240512 18:59:01.522" level="INFO">${fax} = </msg>
<status status="PASS" starttime="20240512 18:59:01.522" endtime="20240512 18:59:01.522"/>
</kw>
<kw name="Get From List" library="Collections">
<var>${company}</var>
<arg>${data_list}</arg>
<arg>5</arg>
<doc>Returns the value specified with an ``index`` from ``list``.</doc>
<msg timestamp="20240512 18:59:01.522" level="INFO">${company} = ABC Company</msg>
<status status="PASS" starttime="20240512 18:59:01.522" endtime="20240512 18:59:01.522"/>
</kw>
<kw name="Get From List" library="Collections">
<var>${address1}</var>
<arg>${data_list}</arg>
<arg>6</arg>
<doc>Returns the value specified with an ``index`` from ``list``.</doc>
<msg timestamp="20240512 18:59:01.524" level="INFO">${address1} = 123 Main Street</msg>
<status status="PASS" starttime="20240512 18:59:01.522" endtime="20240512 18:59:01.524"/>
</kw>
<kw name="Get From List" library="Collections">
<var>${address2}</var>
<arg>${data_list}</arg>
<arg>7</arg>
<doc>Returns the value specified with an ``index`` from ``list``.</doc>
<msg timestamp="20240512 18:59:01.524" level="INFO">${address2} = </msg>
<status status="PASS" starttime="20240512 18:59:01.524" endtime="20240512 18:59:01.524"/>
</kw>
<kw name="Get From List" library="Collections">
<var>${country}</var>
<arg>${data_list}</arg>
<arg>8</arg>
<doc>Returns the value specified with an ``index`` from ``list``.</doc>
<msg timestamp="20240512 18:59:01.524" level="INFO">${country} = 230</msg>
<status status="PASS" starttime="20240512 18:59:01.524" endtime="20240512 18:59:01.525"/>
</kw>
<kw name="Get From List" library="Collections">
<var>${region}</var>
<arg>${data_list}</arg>
<arg>9</arg>
<doc>Returns the value specified with an ``index`` from ``list``.</doc>
<msg timestamp="20240512 18:59:01.525" level="INFO">${region} = 3780</msg>
<status status="PASS" starttime="20240512 18:59:01.525" endtime="20240512 18:59:01.525"/>
</kw>
<kw name="Get From List" library="Collections">
<var>${city}</var>
<arg>${data_list}</arg>
<arg>10</arg>
<doc>Returns the value specified with an ``index`` from ``list``.</doc>
<msg timestamp="20240512 18:59:01.525" level="INFO">${city} = Ho Chi Minh</msg>
<status status="PASS" starttime="20240512 18:59:01.525" endtime="20240512 18:59:01.525"/>
</kw>
<kw name="Get From List" library="Collections">
<var>${postcode}</var>
<arg>${data_list}</arg>
<arg>11</arg>
<doc>Returns the value specified with an ``index`` from ``list``.</doc>
<msg timestamp="20240512 18:59:01.525" level="INFO">${postcode} = SW1A 1AA</msg>
<status status="PASS" starttime="20240512 18:59:01.525" endtime="20240512 18:59:01.525"/>
</kw>
<kw name="Get From List" library="Collections">
<var>${login_name}</var>
<arg>${data_list}</arg>
<arg>12</arg>
<doc>Returns the value specified with an ``index`` from ``list``.</doc>
<msg timestamp="20240512 18:59:01.526" level="INFO">${login_name} = bethdoe_shopper4</msg>
<status status="PASS" starttime="20240512 18:59:01.526" endtime="20240512 18:59:01.526"/>
</kw>
<kw name="Get From List" library="Collections">
<var>${password}</var>
<arg>${data_list}</arg>
<arg>13</arg>
<doc>Returns the value specified with an ``index`` from ``list``.</doc>
<msg timestamp="20240512 18:59:01.526" level="INFO">${password} = password123</msg>
<status status="PASS" starttime="20240512 18:59:01.526" endtime="20240512 18:59:01.526"/>
</kw>
<kw name="Get From List" library="Collections">
<var>${confirm_password}</var>
<arg>${data_list}</arg>
<arg>14</arg>
<doc>Returns the value specified with an ``index`` from ``list``.</doc>
<msg timestamp="20240512 18:59:01.527" level="INFO">${confirm_password} = password123</msg>
<status status="PASS" starttime="20240512 18:59:01.527" endtime="20240512 18:59:01.527"/>
</kw>
<kw name="Check if data empty" library="register">
<var>${is_empty_region}</var>
<arg>${region}</arg>
<kw name="Set Variable" library="BuiltIn">
<var>${res}</var>
<arg>False</arg>
<doc>Returns the given values which can then be assigned to a variables.</doc>
<msg timestamp="20240512 18:59:01.527" level="INFO">${res} = False</msg>
<status status="PASS" starttime="20240512 18:59:01.527" endtime="20240512 18:59:01.527"/>
</kw>
<if>
<branch type="IF" condition="$data == ''">
<kw name="Set Variable" library="BuiltIn">
<var>${res}</var>
<arg>True</arg>
<doc>Returns the given values which can then be assigned to a variables.</doc>
<status status="NOT RUN" starttime="20240512 18:59:01.528" endtime="20240512 18:59:01.528"/>
</kw>
<status status="NOT RUN" starttime="20240512 18:59:01.527" endtime="20240512 18:59:01.528"/>
</branch>
<branch type="ELSE IF" condition="$data == &quot;&quot;">
<kw name="Set Variable" library="BuiltIn">
<var>${res}</var>
<arg>True</arg>
<doc>Returns the given values which can then be assigned to a variables.</doc>
<status status="NOT RUN" starttime="20240512 18:59:01.528" endtime="20240512 18:59:01.528"/>
</kw>
<status status="NOT RUN" starttime="20240512 18:59:01.528" endtime="20240512 18:59:01.528"/>
</branch>
<status status="PASS" starttime="20240512 18:59:01.527" endtime="20240512 18:59:01.528"/>
</if>
<kw name="Log To Console" library="BuiltIn">
<arg>res: ${res}</arg>
<doc>Logs the given message to the console.</doc>
<status status="PASS" starttime="20240512 18:59:01.528" endtime="20240512 18:59:01.529"/>
</kw>
<return>
<value>${res}</value>
<status status="PASS" starttime="20240512 18:59:01.529" endtime="20240512 18:59:01.529"/>
</return>
<msg timestamp="20240512 18:59:01.529" level="INFO">${is_empty_region} = False</msg>
<status status="PASS" starttime="20240512 18:59:01.527" endtime="20240512 18:59:01.529"/>
</kw>
<kw name="Check if data empty" library="register">
<var>${is_empty_country}</var>
<arg>${country}</arg>
<kw name="Set Variable" library="BuiltIn">
<var>${res}</var>
<arg>False</arg>
<doc>Returns the given values which can then be assigned to a variables.</doc>
<msg timestamp="20240512 18:59:01.530" level="INFO">${res} = False</msg>
<status status="PASS" starttime="20240512 18:59:01.530" endtime="20240512 18:59:01.530"/>
</kw>
<if>
<branch type="IF" condition="$data == ''">
<kw name="Set Variable" library="BuiltIn">
<var>${res}</var>
<arg>True</arg>
<doc>Returns the given values which can then be assigned to a variables.</doc>
<status status="NOT RUN" starttime="20240512 18:59:01.531" endtime="20240512 18:59:01.531"/>
</kw>
<status status="NOT RUN" starttime="20240512 18:59:01.530" endtime="20240512 18:59:01.531"/>
</branch>
<branch type="ELSE IF" condition="$data == &quot;&quot;">
<kw name="Set Variable" library="BuiltIn">
<var>${res}</var>
<arg>True</arg>
<doc>Returns the given values which can then be assigned to a variables.</doc>
<status status="NOT RUN" starttime="20240512 18:59:01.531" endtime="20240512 18:59:01.531"/>
</kw>
<status status="NOT RUN" starttime="20240512 18:59:01.531" endtime="20240512 18:59:01.531"/>
</branch>
<status status="PASS" starttime="20240512 18:59:01.530" endtime="20240512 18:59:01.531"/>
</if>
<kw name="Log To Console" library="BuiltIn">
<arg>res: ${res}</arg>
<doc>Logs the given message to the console.</doc>
<status status="PASS" starttime="20240512 18:59:01.531" endtime="20240512 18:59:01.532"/>
</kw>
<return>
<value>${res}</value>
<status status="PASS" starttime="20240512 18:59:01.532" endtime="20240512 18:59:01.532"/>
</return>
<msg timestamp="20240512 18:59:01.532" level="INFO">${is_empty_country} = False</msg>
<status status="PASS" starttime="20240512 18:59:01.530" endtime="20240512 18:59:01.532"/>
</kw>
<if>
<branch type="IF" condition="$is_empty_country == &quot;True&quot;">
<kw name="Log To Console" library="BuiltIn">
<arg>country is empty</arg>
<doc>Logs the given message to the console.</doc>
<status status="NOT RUN" starttime="20240512 18:59:01.532" endtime="20240512 18:59:01.533"/>
</kw>
<kw name="Set Variable" library="BuiltIn">
<var>${country}</var>
<arg>FALSE</arg>
<doc>Returns the given values which can then be assigned to a variables.</doc>
<status status="NOT RUN" starttime="20240512 18:59:01.533" endtime="20240512 18:59:01.533"/>
</kw>
<status status="NOT RUN" starttime="20240512 18:59:01.532" endtime="20240512 18:59:01.533"/>
</branch>
<branch type="ELSE">
<kw name="Convert To Integer" library="BuiltIn">
<var>${country}</var>
<arg>${country}</arg>
<doc>Converts the given item to an integer number.</doc>
<msg timestamp="20240512 18:59:01.533" level="INFO">${country} = 230</msg>
<status status="PASS" starttime="20240512 18:59:01.533" endtime="20240512 18:59:01.533"/>
</kw>
<status status="PASS" starttime="20240512 18:59:01.533" endtime="20240512 18:59:01.534"/>
</branch>
<status status="PASS" starttime="20240512 18:59:01.532" endtime="20240512 18:59:01.534"/>
</if>
<if>
<branch type="IF" condition="$is_empty_region == &quot;True&quot;">
<kw name="Log To Console" library="BuiltIn">
<arg>region is empty</arg>
<doc>Logs the given message to the console.</doc>
<status status="NOT RUN" starttime="20240512 18:59:01.534" endtime="20240512 18:59:01.534"/>
</kw>
<kw name="Set Variable" library="BuiltIn">
<var>${region}</var>
<arg>FALSE</arg>
<doc>Returns the given values which can then be assigned to a variables.</doc>
<status status="NOT RUN" starttime="20240512 18:59:01.534" endtime="20240512 18:59:01.534"/>
</kw>
<status status="NOT RUN" starttime="20240512 18:59:01.534" endtime="20240512 18:59:01.534"/>
</branch>
<branch type="ELSE">
<kw name="Convert To Integer" library="BuiltIn">
<var>${region}</var>
<arg>${region}</arg>
<doc>Converts the given item to an integer number.</doc>
<msg timestamp="20240512 18:59:01.534" level="INFO">${region} = 3780</msg>
<status status="PASS" starttime="20240512 18:59:01.534" endtime="20240512 18:59:01.534"/>
</kw>
<status status="PASS" starttime="20240512 18:59:01.534" endtime="20240512 18:59:01.534"/>
</branch>
<status status="PASS" starttime="20240512 18:59:01.534" endtime="20240512 18:59:01.534"/>
</if>
<kw name="Log To Console" library="BuiltIn">
<arg>region: ${region}</arg>
<doc>Logs the given message to the console.</doc>
<status status="PASS" starttime="20240512 18:59:01.534" endtime="20240512 18:59:01.535"/>
</kw>
<kw name="Log To Console" library="BuiltIn">
<arg>country: ${country}</arg>
<doc>Logs the given message to the console.</doc>
<status status="PASS" starttime="20240512 18:59:01.535" endtime="20240512 18:59:01.536"/>
</kw>
<kw name="Scroll Element Into View" library="SeleniumLibrary">
<arg>${input_first_name}</arg>
<doc>Scrolls the element identified by ``locator`` into view.</doc>
<status status="PASS" starttime="20240512 18:59:01.536" endtime="20240512 18:59:01.828"/>
</kw>
<kw name="Input Text" library="SeleniumLibrary">
<arg>${input_first_name}</arg>
<arg>${first_name}</arg>
<doc>Types the given ``text`` into the text field identified by ``locator``.</doc>
<msg timestamp="20240512 18:59:01.830" level="INFO">Typing text 'Beth' into text field '//*[@id="AccountFrm_firstname"]'.</msg>
<status status="PASS" starttime="20240512 18:59:01.828" endtime="20240512 18:59:01.980"/>
</kw>
<kw name="Scroll Element Into View" library="SeleniumLibrary">
<arg>${input_last_name}</arg>
<doc>Scrolls the element identified by ``locator`` into view.</doc>
<status status="PASS" starttime="20240512 18:59:01.980" endtime="20240512 18:59:02.270"/>
</kw>
<kw name="Input Text" library="SeleniumLibrary">
<arg>${input_last_name}</arg>
<arg>${last_name}</arg>
<doc>Types the given ``text`` into the text field identified by ``locator``.</doc>
<msg timestamp="20240512 18:59:02.272" level="INFO">Typing text 'Doe' into text field '//*[@id="AccountFrm_lastname"]'.</msg>
<status status="PASS" starttime="20240512 18:59:02.270" endtime="20240512 18:59:02.391"/>
</kw>
<kw name="Scroll Element Into View" library="SeleniumLibrary">
<arg>${input_email}</arg>
<doc>Scrolls the element identified by ``locator`` into view.</doc>
<status status="PASS" starttime="20240512 18:59:02.392" endtime="20240512 18:59:02.676"/>
</kw>
<kw name="Input Text" library="SeleniumLibrary">
<arg>${input_email}</arg>
<arg>${email}</arg>
<doc>Types the given ``text`` into the text field identified by ``locator``.</doc>
<msg timestamp="20240512 18:59:02.677" level="INFO">Typing text 'bethdoe_shopper4@gmail.com' into text field '//*[@id="AccountFrm_email"]'.</msg>
<status status="PASS" starttime="20240512 18:59:02.676" endtime="20240512 18:59:02.885"/>
</kw>
<kw name="Scroll Element Into View" library="SeleniumLibrary">
<arg>${input_telephone}</arg>
<doc>Scrolls the element identified by ``locator`` into view.</doc>
<status status="PASS" starttime="20240512 18:59:02.885" endtime="20240512 18:59:03.166"/>
</kw>
<kw name="Input Text" library="SeleniumLibrary">
<arg>${input_telephone}</arg>
<arg>${phone}</arg>
<doc>Types the given ``text`` into the text field identified by ``locator``.</doc>
<msg timestamp="20240512 18:59:03.168" level="INFO">Typing text '' into text field '//*[@id="AccountFrm_telephone"]'.</msg>
<status status="PASS" starttime="20240512 18:59:03.167" endtime="20240512 18:59:03.288"/>
</kw>
<kw name="Scroll Element Into View" library="SeleniumLibrary">
<arg>${input_fax}</arg>
<doc>Scrolls the element identified by ``locator`` into view.</doc>
<status status="PASS" starttime="20240512 18:59:03.288" endtime="20240512 18:59:03.572"/>
</kw>
<kw name="Input Text" library="SeleniumLibrary">
<arg>${input_fax}</arg>
<arg>${fax}</arg>
<doc>Types the given ``text`` into the text field identified by ``locator``.</doc>
<msg timestamp="20240512 18:59:03.574" level="INFO">Typing text '' into text field '//*[@id="AccountFrm_fax"]'.</msg>
<status status="PASS" starttime="20240512 18:59:03.573" endtime="20240512 18:59:03.708"/>
</kw>
<kw name="Scroll Element Into View" library="SeleniumLibrary">
<arg>${input_company}</arg>
<doc>Scrolls the element identified by ``locator`` into view.</doc>
<status status="PASS" starttime="20240512 18:59:03.708" endtime="20240512 18:59:03.992"/>
</kw>
<kw name="Input Text" library="SeleniumLibrary">
<arg>${input_company}</arg>
<arg>${company}</arg>
<doc>Types the given ``text`` into the text field identified by ``locator``.</doc>
<msg timestamp="20240512 18:59:03.994" level="INFO">Typing text 'ABC Company' into text field '//*[@id="AccountFrm_company"]'.</msg>
<status status="PASS" starttime="20240512 18:59:03.992" endtime="20240512 18:59:04.151"/>
</kw>
<kw name="Scroll Element Into View" library="SeleniumLibrary">
<arg>${input_address_1}</arg>
<doc>Scrolls the element identified by ``locator`` into view.</doc>
<status status="PASS" starttime="20240512 18:59:04.151" endtime="20240512 18:59:04.451"/>
</kw>
<kw name="Input Text" library="SeleniumLibrary">
<arg>${input_address_1}</arg>
<arg>${address1}</arg>
<doc>Types the given ``text`` into the text field identified by ``locator``.</doc>
<msg timestamp="20240512 18:59:04.453" level="INFO">Typing text '123 Main Street' into text field '//*[@id="AccountFrm_address_1"]'.</msg>
<status status="PASS" starttime="20240512 18:59:04.451" endtime="20240512 18:59:04.633"/>
</kw>
<kw name="Scroll Element Into View" library="SeleniumLibrary">
<arg>${input_address_2}</arg>
<doc>Scrolls the element identified by ``locator`` into view.</doc>
<status status="PASS" starttime="20240512 18:59:04.633" endtime="20240512 18:59:04.905"/>
</kw>
<kw name="Input Text" library="SeleniumLibrary">
<arg>${input_address_2}</arg>
<arg>${address2}</arg>
<doc>Types the given ``text`` into the text field identified by ``locator``.</doc>
<msg timestamp="20240512 18:59:04.907" level="INFO">Typing text '' into text field '//*[@id="AccountFrm_address_2"]'.</msg>
<status status="PASS" starttime="20240512 18:59:04.906" endtime="20240512 18:59:04.991"/>
</kw>
<kw name="Scroll Element Into View" library="SeleniumLibrary">
<arg>${input_city}</arg>
<doc>Scrolls the element identified by ``locator`` into view.</doc>
<status status="PASS" starttime="20240512 18:59:04.991" endtime="20240512 18:59:05.269"/>
</kw>
<kw name="Input Text" library="SeleniumLibrary">
<arg>${input_city}</arg>
<arg>${city}</arg>
<doc>Types the given ``text`` into the text field identified by ``locator``.</doc>
<msg timestamp="20240512 18:59:05.271" level="INFO">Typing text 'Ho Chi Minh' into text field '//*[@id="AccountFrm_city"]'.</msg>
<status status="PASS" starttime="20240512 18:59:05.269" endtime="20240512 18:59:05.465"/>
</kw>
<kw name="Scroll Element Into View" library="SeleniumLibrary">
<arg>${input_zip_code}</arg>
<doc>Scrolls the element identified by ``locator`` into view.</doc>
<status status="PASS" starttime="20240512 18:59:05.465" endtime="20240512 18:59:05.743"/>
</kw>
<kw name="Input Text" library="SeleniumLibrary">
<arg>${input_zip_code}</arg>
<arg>${postcode}</arg>
<doc>Types the given ``text`` into the text field identified by ``locator``.</doc>
<msg timestamp="20240512 18:59:05.744" level="INFO">Typing text 'SW1A 1AA' into text field '//*[@id="AccountFrm_postcode"]'.</msg>
<status status="PASS" starttime="20240512 18:59:05.743" endtime="20240512 18:59:05.854"/>
</kw>
<kw name="Scroll Element Into View" library="SeleniumLibrary">
<arg>${select_country}</arg>
<doc>Scrolls the element identified by ``locator`` into view.</doc>
<status status="PASS" starttime="20240512 18:59:05.854" endtime="20240512 18:59:06.127"/>
</kw>
<kw name="Select From List By Value" library="SeleniumLibrary">
<arg>${select_country}</arg>
<arg>${country}</arg>
<doc>Selects options from selection list ``locator`` by ``values``.</doc>
<msg timestamp="20240512 18:59:06.128" level="INFO">Selecting options from selection list '//*[@id="AccountFrm_country_id"]' by value 230.</msg>
<status status="PASS" starttime="20240512 18:59:06.127" endtime="20240512 18:59:06.202"/>
</kw>
<kw name="Scroll Element Into View" library="SeleniumLibrary">
<arg>${select_region}</arg>
<doc>Scrolls the element identified by ``locator`` into view.</doc>
<status status="PASS" starttime="20240512 18:59:06.204" endtime="20240512 18:59:06.485"/>
</kw>
<kw name="Wait Until Element Is Visible" library="SeleniumLibrary">
<arg>${select_region}</arg>
<doc>Waits until the element ``locator`` is visible.</doc>
<status status="PASS" starttime="20240512 18:59:06.485" endtime="20240512 18:59:06.507"/>
</kw>
<kw name="Wait Until Element Is Enabled" library="SeleniumLibrary">
<arg>${select_region}</arg>
<doc>Waits until the element ``locator`` is enabled.</doc>
<status status="PASS" starttime="20240512 18:59:06.508" endtime="20240512 18:59:06.535"/>
</kw>
<if>
<branch type="IF" condition="$is_empty_country == &quot;False&quot;">
<kw name="Wait Until Keyword Succeeds" library="BuiltIn">
<arg>10s</arg>
<arg>2s</arg>
<arg>Page Should Contain Element</arg>
<arg>//*[@id="AccountFrm_zone_id"]/option[@value='3780']</arg>
<doc>Runs the specified keyword and retries if it fails.</doc>
<kw name="Page Should Contain Element" library="SeleniumLibrary">
<arg>//*[@id="AccountFrm_zone_id"]/option[@value='3780']</arg>
<doc>Verifies that element ``locator`` is found on the current page.</doc>
<msg timestamp="20240512 18:59:06.548" level="INFO">Current page contains element '//*[@id="AccountFrm_zone_id"]/option[@value='3780']'.</msg>
<status status="PASS" starttime="20240512 18:59:06.536" endtime="20240512 18:59:06.548"/>
</kw>
<status status="PASS" starttime="20240512 18:59:06.536" endtime="20240512 18:59:06.548"/>
</kw>
<kw name="Select From List By Value" library="SeleniumLibrary">
<arg>${select_region}</arg>
<arg>${region}</arg>
<doc>Selects options from selection list ``locator`` by ``values``.</doc>
<msg timestamp="20240512 18:59:06.548" level="INFO">Selecting options from selection list '//*[@id="AccountFrm_zone_id"]' by value 3780.</msg>
<status status="PASS" starttime="20240512 18:59:06.548" endtime="20240512 18:59:06.626"/>
</kw>
<status status="PASS" starttime="20240512 18:59:06.535" endtime="20240512 18:59:06.626"/>
</branch>
<status status="PASS" starttime="20240512 18:59:06.535" endtime="20240512 18:59:06.626"/>
</if>
<kw name="Scroll Element Into View" library="SeleniumLibrary">
<arg>${input_login_name}</arg>
<doc>Scrolls the element identified by ``locator`` into view.</doc>
<status status="PASS" starttime="20240512 18:59:06.627" endtime="20240512 18:59:06.909"/>
</kw>
<kw name="Input Text" library="SeleniumLibrary">
<arg>${input_login_name}</arg>
<arg>${login_name}</arg>
<doc>Types the given ``text`` into the text field identified by ``locator``.</doc>
<msg timestamp="20240512 18:59:06.910" level="INFO">Typing text 'bethdoe_shopper4' into text field '//*[@id="AccountFrm_loginname"]'.</msg>
<status status="PASS" starttime="20240512 18:59:06.909" endtime="20240512 18:59:07.010"/>
</kw>
<kw name="Scroll Element Into View" library="SeleniumLibrary">
<arg>${input_password}</arg>
<doc>Scrolls the element identified by ``locator`` into view.</doc>
<status status="PASS" starttime="20240512 18:59:07.010" endtime="20240512 18:59:07.284"/>
</kw>
<kw name="Input Text" library="SeleniumLibrary">
<arg>${input_password}</arg>
<arg>${password}</arg>
<doc>Types the given ``text`` into the text field identified by ``locator``.</doc>
<msg timestamp="20240512 18:59:07.285" level="INFO">Typing text 'password123' into text field '//*[@id="AccountFrm_password"]'.</msg>
<status status="PASS" starttime="20240512 18:59:07.285" endtime="20240512 18:59:07.397"/>
</kw>
<kw name="Scroll Element Into View" library="SeleniumLibrary">
<arg>${input_confirm_password}</arg>
<doc>Scrolls the element identified by ``locator`` into view.</doc>
<status status="PASS" starttime="20240512 18:59:07.397" endtime="20240512 18:59:07.666"/>
</kw>
<kw name="Input Text" library="SeleniumLibrary">
<arg>${input_confirm_password}</arg>
<arg>${confirm_password}</arg>
<doc>Types the given ``text`` into the text field identified by ``locator``.</doc>
<msg timestamp="20240512 18:59:07.667" level="INFO">Typing text 'password123' into text field '//*[@id="AccountFrm_confirm"]'.</msg>
<status status="PASS" starttime="20240512 18:59:07.666" endtime="20240512 18:59:07.776"/>
</kw>
<status status="PASS" starttime="20240512 18:59:01.520" endtime="20240512 18:59:07.776"/>
</kw>
<kw name="Scroll Element Into View" library="SeleniumLibrary">
<arg>${checkbox_agree_policy}</arg>
<doc>Scrolls the element identified by ``locator`` into view.</doc>
<status status="PASS" starttime="20240512 18:59:07.776" endtime="20240512 18:59:08.049"/>
</kw>
<kw name="Click Button" library="SeleniumLibrary">
<arg>${checkbox_agree_policy}</arg>
<doc>Clicks the button identified by ``locator``.</doc>
<msg timestamp="20240512 18:59:08.051" level="INFO">Clicking button '//*[@id="AccountFrm_agree"]'.</msg>
<status status="PASS" starttime="20240512 18:59:08.050" endtime="20240512 18:59:08.143"/>
</kw>
<kw name="Scroll Element Into View" library="SeleniumLibrary">
<arg>${btn_register_submit}</arg>
<doc>Scrolls the element identified by ``locator`` into view.</doc>
<status status="PASS" starttime="20240512 18:59:08.143" endtime="20240512 18:59:08.433"/>
</kw>
<kw name="Click Button" library="SeleniumLibrary">
<arg>${btn_register_submit}</arg>
<doc>Clicks the button identified by ``locator``.</doc>
<msg timestamp="20240512 18:59:08.434" level="INFO">Clicking button '//*[@id="AccountFrm"]/div[5]/div/div/button'.</msg>
<status status="PASS" starttime="20240512 18:59:08.434" endtime="20240512 18:59:10.121"/>
</kw>
<kw name="Wait Until Keyword Succeeds" library="BuiltIn">
<arg>10s</arg>
<arg>2s</arg>
<arg>Location Should Be</arg>
<arg>${REGISTER_SUCCESS_URL}</arg>
<doc>Runs the specified keyword and retries if it fails.</doc>
<kw name="Location Should Be" library="SeleniumLibrary">
<arg>${REGISTER_SUCCESS_URL}</arg>
<doc>Verifies that the current URL is exactly ``url``.</doc>
<msg timestamp="20240512 18:59:10.129" level="INFO">Current location is 'https://automationteststore.com/index.php?rt=account/success'.</msg>
<status status="PASS" starttime="20240512 18:59:10.122" endtime="20240512 18:59:10.130"/>
</kw>
<status status="PASS" starttime="20240512 18:59:10.122" endtime="20240512 18:59:10.130"/>
</kw>
<kw name="Page Should Contain" library="SeleniumLibrary">
<arg>Your Account Has Been Created!</arg>
<doc>Verifies that current page contains ``text``.</doc>
<msg timestamp="20240512 18:59:10.147" level="INFO">Current page contains text 'Your Account Has Been Created!'.</msg>
<status status="PASS" starttime="20240512 18:59:10.130" endtime="20240512 18:59:10.147"/>
</kw>
<status status="PASS" starttime="20240512 18:59:01.517" endtime="20240512 18:59:10.148"/>
</kw>
<kw name="Closing my browser" library="common" type="TEARDOWN">
<kw name="Close Browser" library="SeleniumLibrary">
<doc>Closes the current browser.</doc>
<status status="PASS" starttime="20240512 18:59:10.149" endtime="20240512 18:59:13.368"/>
</kw>
<status status="PASS" starttime="20240512 18:59:10.148" endtime="20240512 18:59:13.369"/>
</kw>
<doc>Register successfully</doc>
<tag>Register</tag>
<status status="PASS" starttime="20240512 18:58:40.928" endtime="20240512 18:59:13.369"/>
</test>
<test id="s1-t3" name="TC3 - Register invalid (empty information)" line="35">
<kw name="Opening my browser" library="common" type="SETUP">
<kw name="Open Browser" library="SeleniumLibrary">
<arg>${URL_HOME}</arg>
<arg>${BROWSER}</arg>
<doc>Opens a new browser instance to the optional ``url``.</doc>
<msg timestamp="20240512 18:59:13.376" level="INFO">Opening browser 'Chrome' to base url 'https://automationteststore.com/'.</msg>
<status status="PASS" starttime="20240512 18:59:13.375" endtime="20240512 18:59:36.281"/>
</kw>
<kw name="Location Should Be" library="SeleniumLibrary">
<arg>${URL_HOME}</arg>
<doc>Verifies that the current URL is exactly ``url``.</doc>
<msg timestamp="20240512 18:59:36.291" level="INFO">Current location is 'https://automationteststore.com/'.</msg>
<status status="PASS" starttime="20240512 18:59:36.282" endtime="20240512 18:59:36.291"/>
</kw>
<kw name="Maximize Browser Window" library="SeleniumLibrary">
<doc>Maximizes current browser window.</doc>
<status status="PASS" starttime="20240512 18:59:36.291" endtime="20240512 18:59:36.321"/>
</kw>
<status status="PASS" starttime="20240512 18:59:13.374" endtime="20240512 18:59:36.322"/>
</kw>
<kw name="Enter page" library="common">
<arg>${REGISTER_LOGIN_PAGE}</arg>
<kw name="Go To" library="SeleniumLibrary">
<arg>${url}</arg>
<doc>Navigates the current browser window to the provided ``url``.</doc>
<msg timestamp="20240512 18:59:36.324" level="INFO">Opening url 'https://automationteststore.com/index.php?rt=account/login'</msg>
<status status="PASS" starttime="20240512 18:59:36.322" endtime="20240512 18:59:37.987"/>
</kw>
<kw name="Location Should Be" library="SeleniumLibrary">
<arg>${url}</arg>
<doc>Verifies that the current URL is exactly ``url``.</doc>
<msg timestamp="20240512 18:59:37.996" level="INFO">Current location is 'https://automationteststore.com/index.php?rt=account/login'.</msg>
<status status="PASS" starttime="20240512 18:59:37.987" endtime="20240512 18:59:37.997"/>
</kw>
<status status="PASS" starttime="20240512 18:59:36.322" endtime="20240512 18:59:37.997"/>
</kw>
<kw name="Choose register option &amp; enter form" library="register">
<kw name="Page Should Contain Element" library="SeleniumLibrary">
<arg>${REGISTER_BTN}</arg>
<doc>Verifies that element ``locator`` is found on the current page.</doc>
<msg timestamp="20240512 18:59:38.019" level="INFO">Current page contains element '//*[@id="accountFrm"]/fieldset/button'.</msg>
<status status="PASS" starttime="20240512 18:59:37.998" endtime="20240512 18:59:38.019"/>
</kw>
<kw name="Click Button" library="SeleniumLibrary">
<arg>${REGISTER_BTN}</arg>
<doc>Clicks the button identified by ``locator``.</doc>
<msg timestamp="20240512 18:59:38.020" level="INFO">Clicking button '//*[@id="accountFrm"]/fieldset/button'.</msg>
<status status="PASS" starttime="20240512 18:59:38.019" endtime="20240512 18:59:39.145"/>
</kw>
<kw name="Wait Until Keyword Succeeds" library="BuiltIn">
<arg>10s</arg>
<arg>2s</arg>
<arg>Location Should Be</arg>
<arg>${REGISTER_URL}</arg>
<doc>Runs the specified keyword and retries if it fails.</doc>
<kw name="Location Should Be" library="SeleniumLibrary">
<arg>${REGISTER_URL}</arg>
<doc>Verifies that the current URL is exactly ``url``.</doc>
<msg timestamp="20240512 18:59:39.155" level="INFO">Current location is 'https://automationteststore.com/index.php?rt=account/create'.</msg>
<status status="PASS" starttime="20240512 18:59:39.146" endtime="20240512 18:59:39.155"/>
</kw>
<status status="PASS" starttime="20240512 18:59:39.146" endtime="20240512 18:59:39.155"/>
</kw>
<status status="PASS" starttime="20240512 18:59:37.998" endtime="20240512 18:59:39.155"/>
</kw>
<kw name="Register with empty information" library="register">
<kw name="Scroll Element Into View" library="SeleniumLibrary">
<arg>${btn_register_submit}</arg>
<doc>Scrolls the element identified by ``locator`` into view.</doc>
<status status="PASS" starttime="20240512 18:59:39.156" endtime="20240512 18:59:39.443"/>
</kw>
<kw name="Click Button" library="SeleniumLibrary">
<arg>${btn_register_submit}</arg>
<doc>Clicks the button identified by ``locator``.</doc>
<msg timestamp="20240512 18:59:39.445" level="INFO">Clicking button '//*[@id="AccountFrm"]/div[5]/div/div/button'.</msg>
<status status="PASS" starttime="20240512 18:59:39.444" endtime="20240512 18:59:40.874"/>
</kw>
<kw name="Wait Until Element Is Visible" library="SeleniumLibrary">
<arg>${error_message}</arg>
<doc>Waits until the element ``locator`` is visible.</doc>
<status status="PASS" starttime="20240512 18:59:40.874" endtime="20240512 18:59:40.908"/>
</kw>
<kw name="Page Should Contain Element" library="SeleniumLibrary">
<arg>${error_message}</arg>
<doc>Verifies that element ``locator`` is found on the current page.</doc>
<msg timestamp="20240512 18:59:40.918" level="INFO">Current page contains element '//div[@id='maincontainer']/div[@class='container-fluid']/div[@class='col-md-12 col-xs-12 mt20']/div/div[@class='alert alert-error alert-danger']'.</msg>
<status status="PASS" starttime="20240512 18:59:40.910" endtime="20240512 18:59:40.919"/>
</kw>
<status status="PASS" starttime="20240512 18:59:39.156" endtime="20240512 18:59:40.919"/>
</kw>
<kw name="Closing my browser" library="common" type="TEARDOWN">
<kw name="Close Browser" library="SeleniumLibrary">
<doc>Closes the current browser.</doc>
<status status="PASS" starttime="20240512 18:59:40.919" endtime="20240512 18:59:43.031"/>
</kw>
<status status="PASS" starttime="20240512 18:59:40.919" endtime="20240512 18:59:43.032"/>
</kw>
<doc>Register with empty information</doc>
<tag>Register</tag>
<status status="PASS" starttime="20240512 18:59:13.372" endtime="20240512 18:59:43.033"/>
</test>
<test id="s1-t4" name="TC4 - Register invalid (first name more than 32 characters)" line="44">
<kw name="Opening my browser" library="common" type="SETUP">
<kw name="Open Browser" library="SeleniumLibrary">
<arg>${URL_HOME}</arg>
<arg>${BROWSER}</arg>
<doc>Opens a new browser instance to the optional ``url``.</doc>
<msg timestamp="20240512 18:59:43.039" level="INFO">Opening browser 'Chrome' to base url 'https://automationteststore.com/'.</msg>
<status status="PASS" starttime="20240512 18:59:43.038" endtime="20240512 19:00:03.352"/>
</kw>
<kw name="Location Should Be" library="SeleniumLibrary">
<arg>${URL_HOME}</arg>
<doc>Verifies that the current URL is exactly ``url``.</doc>
<msg timestamp="20240512 19:00:03.361" level="INFO">Current location is 'https://automationteststore.com/'.</msg>
<status status="PASS" starttime="20240512 19:00:03.353" endtime="20240512 19:00:03.362"/>
</kw>
<kw name="Maximize Browser Window" library="SeleniumLibrary">
<doc>Maximizes current browser window.</doc>
<status status="PASS" starttime="20240512 19:00:03.362" endtime="20240512 19:00:03.391"/>
</kw>
<status status="PASS" starttime="20240512 18:59:43.038" endtime="20240512 19:00:03.391"/>
</kw>
<kw name="Enter page" library="common">
<arg>${REGISTER_LOGIN_PAGE}</arg>
<kw name="Go To" library="SeleniumLibrary">
<arg>${url}</arg>
<doc>Navigates the current browser window to the provided ``url``.</doc>
<msg timestamp="20240512 19:00:03.393" level="INFO">Opening url 'https://automationteststore.com/index.php?rt=account/login'</msg>
<status status="PASS" starttime="20240512 19:00:03.392" endtime="20240512 19:00:05.069"/>
</kw>
<kw name="Location Should Be" library="SeleniumLibrary">
<arg>${url}</arg>
<doc>Verifies that the current URL is exactly ``url``.</doc>
<msg timestamp="20240512 19:00:05.077" level="INFO">Current location is 'https://automationteststore.com/index.php?rt=account/login'.</msg>
<status status="PASS" starttime="20240512 19:00:05.070" endtime="20240512 19:00:05.077"/>
</kw>
<status status="PASS" starttime="20240512 19:00:03.392" endtime="20240512 19:00:05.077"/>
</kw>
<kw name="Choose register option &amp; enter form" library="register">
<kw name="Page Should Contain Element" library="SeleniumLibrary">
<arg>${REGISTER_BTN}</arg>
<doc>Verifies that element ``locator`` is found on the current page.</doc>
<msg timestamp="20240512 19:00:05.094" level="INFO">Current page contains element '//*[@id="accountFrm"]/fieldset/button'.</msg>
<status status="PASS" starttime="20240512 19:00:05.078" endtime="20240512 19:00:05.094"/>
</kw>
<kw name="Click Button" library="SeleniumLibrary">
<arg>${REGISTER_BTN}</arg>
<doc>Clicks the button identified by ``locator``.</doc>
<msg timestamp="20240512 19:00:05.095" level="INFO">Clicking button '//*[@id="accountFrm"]/fieldset/button'.</msg>
<status status="PASS" starttime="20240512 19:00:05.094" endtime="20240512 19:00:06.231"/>
</kw>
<kw name="Wait Until Keyword Succeeds" library="BuiltIn">
<arg>10s</arg>
<arg>2s</arg>
<arg>Location Should Be</arg>
<arg>${REGISTER_URL}</arg>
<doc>Runs the specified keyword and retries if it fails.</doc>
<kw name="Location Should Be" library="SeleniumLibrary">
<arg>${REGISTER_URL}</arg>
<doc>Verifies that the current URL is exactly ``url``.</doc>
<msg timestamp="20240512 19:00:06.243" level="INFO">Current location is 'https://automationteststore.com/index.php?rt=account/create'.</msg>
<status status="PASS" starttime="20240512 19:00:06.232" endtime="20240512 19:00:06.243"/>
</kw>
<status status="PASS" starttime="20240512 19:00:06.231" endtime="20240512 19:00:06.243"/>
</kw>
<status status="PASS" starttime="20240512 19:00:05.078" endtime="20240512 19:00:06.243"/>
</kw>
<kw name="Register with invalid first name" library="register">
<arg>${INVALID_LONG_NAME}</arg>
<kw name="Create List" library="BuiltIn">
<var>${data}</var>
<arg>${first_name}</arg>
<arg>Doe</arg>
<arg>bethdoe_shopper6@gmail.com</arg>
<arg>${EMPTY}</arg>
<arg>${EMPTY}</arg>
<arg>ABC Company</arg>
<arg>123 Main Street</arg>
<arg>${EMPTY}</arg>
<arg>230</arg>
<arg>3780</arg>
<arg>Ho Chi Minh</arg>
<arg>SW1A 1AA</arg>
<arg>bethdoe_shopper6</arg>
<arg>password123</arg>
<arg>password123</arg>
<doc>Returns a list containing given items.</doc>
<msg timestamp="20240512 19:00:06.246" level="INFO">${data} = ['123456789012345678901234567890123', 'Doe', 'bethdoe_shopper6@gmail.com', '', '', 'ABC Company', '123 Main Street', '', '230', '3780', 'Ho Chi Minh', 'SW1A 1AA', 'bethdoe_shopper6', 'password123', 'p...</msg>
<status status="PASS" starttime="20240512 19:00:06.244" endtime="20240512 19:00:06.246"/>
</kw>
<kw name="Fill input to register form" library="register">
<arg>${data}</arg>
<doc>Fill the register form with the data list</doc>
<kw name="Get From List" library="Collections">
<var>${first_name}</var>
<arg>${data_list}</arg>
<arg>0</arg>
<doc>Returns the value specified with an ``index`` from ``list``.</doc>
<msg timestamp="20240512 19:00:06.247" level="INFO">${first_name} = 123456789012345678901234567890123</msg>
<status status="PASS" starttime="20240512 19:00:06.247" endtime="20240512 19:00:06.247"/>
</kw>
<kw name="Get From List" library="Collections">
<var>${last_name}</var>
<arg>${data_list}</arg>
<arg>1</arg>
<doc>Returns the value specified with an ``index`` from ``list``.</doc>
<msg timestamp="20240512 19:00:06.248" level="INFO">${last_name} = Doe</msg>
<status status="PASS" starttime="20240512 19:00:06.248" endtime="20240512 19:00:06.248"/>
</kw>
<kw name="Get From List" library="Collections">
<var>${email}</var>
<arg>${data_list}</arg>
<arg>2</arg>
<doc>Returns the value specified with an ``index`` from ``list``.</doc>
<msg timestamp="20240512 19:00:06.248" level="INFO">${email} = bethdoe_shopper6@gmail.com</msg>
<status status="PASS" starttime="20240512 19:00:06.248" endtime="20240512 19:00:06.248"/>
</kw>
<kw name="Get From List" library="Collections">
<var>${phone}</var>
<arg>${data_list}</arg>
<arg>3</arg>
<doc>Returns the value specified with an ``index`` from ``list``.</doc>
<msg timestamp="20240512 19:00:06.249" level="INFO">${phone} = </msg>
<status status="PASS" starttime="20240512 19:00:06.248" endtime="20240512 19:00:06.249"/>
</kw>
<kw name="Get From List" library="Collections">
<var>${fax}</var>
<arg>${data_list}</arg>
<arg>4</arg>
<doc>Returns the value specified with an ``index`` from ``list``.</doc>
<msg timestamp="20240512 19:00:06.249" level="INFO">${fax} = </msg>
<status status="PASS" starttime="20240512 19:00:06.249" endtime="20240512 19:00:06.249"/>
</kw>
<kw name="Get From List" library="Collections">
<var>${company}</var>
<arg>${data_list}</arg>
<arg>5</arg>
<doc>Returns the value specified with an ``index`` from ``list``.</doc>
<msg timestamp="20240512 19:00:06.249" level="INFO">${company} = ABC Company</msg>
<status status="PASS" starttime="20240512 19:00:06.249" endtime="20240512 19:00:06.249"/>
</kw>
<kw name="Get From List" library="Collections">
<var>${address1}</var>
<arg>${data_list}</arg>
<arg>6</arg>
<doc>Returns the value specified with an ``index`` from ``list``.</doc>
<msg timestamp="20240512 19:00:06.249" level="INFO">${address1} = 123 Main Street</msg>
<status status="PASS" starttime="20240512 19:00:06.249" endtime="20240512 19:00:06.250"/>
</kw>
<kw name="Get From List" library="Collections">
<var>${address2}</var>
<arg>${data_list}</arg>
<arg>7</arg>
<doc>Returns the value specified with an ``index`` from ``list``.</doc>
<msg timestamp="20240512 19:00:06.250" level="INFO">${address2} = </msg>
<status status="PASS" starttime="20240512 19:00:06.250" endtime="20240512 19:00:06.250"/>
</kw>
<kw name="Get From List" library="Collections">
<var>${country}</var>
<arg>${data_list}</arg>
<arg>8</arg>
<doc>Returns the value specified with an ``index`` from ``list``.</doc>
<msg timestamp="20240512 19:00:06.250" level="INFO">${country} = 230</msg>
<status status="PASS" starttime="20240512 19:00:06.250" endtime="20240512 19:00:06.250"/>
</kw>
<kw name="Get From List" library="Collections">
<var>${region}</var>
<arg>${data_list}</arg>
<arg>9</arg>
<doc>Returns the value specified with an ``index`` from ``list``.</doc>
<msg timestamp="20240512 19:00:06.251" level="INFO">${region} = 3780</msg>
<status status="PASS" starttime="20240512 19:00:06.250" endtime="20240512 19:00:06.251"/>
</kw>
<kw name="Get From List" library="Collections">
<var>${city}</var>
<arg>${data_list}</arg>
<arg>10</arg>
<doc>Returns the value specified with an ``index`` from ``list``.</doc>
<msg timestamp="20240512 19:00:06.251" level="INFO">${city} = Ho Chi Minh</msg>
<status status="PASS" starttime="20240512 19:00:06.251" endtime="20240512 19:00:06.251"/>
</kw>
<kw name="Get From List" library="Collections">
<var>${postcode}</var>
<arg>${data_list}</arg>
<arg>11</arg>
<doc>Returns the value specified with an ``index`` from ``list``.</doc>
<msg timestamp="20240512 19:00:06.252" level="INFO">${postcode} = SW1A 1AA</msg>
<status status="PASS" starttime="20240512 19:00:06.251" endtime="20240512 19:00:06.252"/>
</kw>
<kw name="Get From List" library="Collections">
<var>${login_name}</var>
<arg>${data_list}</arg>
<arg>12</arg>
<doc>Returns the value specified with an ``index`` from ``list``.</doc>
<msg timestamp="20240512 19:00:06.252" level="INFO">${login_name} = bethdoe_shopper6</msg>
<status status="PASS" starttime="20240512 19:00:06.252" endtime="20240512 19:00:06.252"/>
</kw>
<kw name="Get From List" library="Collections">
<var>${password}</var>
<arg>${data_list}</arg>
<arg>13</arg>
<doc>Returns the value specified with an ``index`` from ``list``.</doc>
<msg timestamp="20240512 19:00:06.252" level="INFO">${password} = password123</msg>
<status status="PASS" starttime="20240512 19:00:06.252" endtime="20240512 19:00:06.252"/>
</kw>
<kw name="Get From List" library="Collections">
<var>${confirm_password}</var>
<arg>${data_list}</arg>
<arg>14</arg>
<doc>Returns the value specified with an ``index`` from ``list``.</doc>
<msg timestamp="20240512 19:00:06.252" level="INFO">${confirm_password} = password123</msg>
<status status="PASS" starttime="20240512 19:00:06.252" endtime="20240512 19:00:06.252"/>
</kw>
<kw name="Check if data empty" library="register">
<var>${is_empty_region}</var>
<arg>${region}</arg>
<kw name="Set Variable" library="BuiltIn">
<var>${res}</var>
<arg>False</arg>
<doc>Returns the given values which can then be assigned to a variables.</doc>
<msg timestamp="20240512 19:00:06.253" level="INFO">${res} = False</msg>
<status status="PASS" starttime="20240512 19:00:06.253" endtime="20240512 19:00:06.253"/>
</kw>
<if>
<branch type="IF" condition="$data == ''">
<kw name="Set Variable" library="BuiltIn">
<var>${res}</var>
<arg>True</arg>
[...]
<kw name="Scroll Element Into View" library="SeleniumLibrary">
<arg>${input_email}</arg>
<doc>Scrolls the element identified by ``locator`` into view.</doc>
<status status="PASS" starttime="20240512 19:12:09.226" endtime="20240512 19:12:09.500"/>
</kw>
<kw name="Input Text" library="SeleniumLibrary">
<arg>${input_email}</arg>
<arg>${email}</arg>
<doc>Types the given ``text`` into the text field identified by ``locator``.</doc>
<msg timestamp="20240512 19:12:09.502" level="INFO">Typing text 'shopper3@gmail.com' into text field '//*[@id="AccountFrm_email"]'.</msg>
<status status="PASS" starttime="20240512 19:12:09.501" endtime="20240512 19:12:09.681"/>
</kw>
<kw name="Scroll Element Into View" library="SeleniumLibrary">
<arg>${input_telephone}</arg>
<doc>Scrolls the element identified by ``locator`` into view.</doc>
<status status="PASS" starttime="20240512 19:12:09.681" endtime="20240512 19:12:09.955"/>
</kw>
<kw name="Input Text" library="SeleniumLibrary">
<arg>${input_telephone}</arg>
<arg>${phone}</arg>
<doc>Types the given ``text`` into the text field identified by ``locator``.</doc>
<msg timestamp="20240512 19:12:09.957" level="INFO">Typing text '1234567890' into text field '//*[@id="AccountFrm_telephone"]'.</msg>
<status status="PASS" starttime="20240512 19:12:09.955" endtime="20240512 19:12:10.116"/>
</kw>
<kw name="Scroll Element Into View" library="SeleniumLibrary">
<arg>${input_fax}</arg>
<doc>Scrolls the element identified by ``locator`` into view.</doc>
<status status="PASS" starttime="20240512 19:12:10.116" endtime="20240512 19:12:10.392"/>
</kw>
<kw name="Input Text" library="SeleniumLibrary">
<arg>${input_fax}</arg>
<arg>${fax}</arg>
<doc>Types the given ``text`` into the text field identified by ``locator``.</doc>
<msg timestamp="20240512 19:12:10.394" level="INFO">Typing text '1234567890' into text field '//*[@id="AccountFrm_fax"]'.</msg>
<status status="PASS" starttime="20240512 19:12:10.392" endtime="20240512 19:12:10.539"/>
</kw>
<kw name="Scroll Element Into View" library="SeleniumLibrary">
<arg>${input_company}</arg>
<doc>Scrolls the element identified by ``locator`` into view.</doc>
<status status="PASS" starttime="20240512 19:12:10.539" endtime="20240512 19:12:10.815"/>
</kw>
<kw name="Input Text" library="SeleniumLibrary">
<arg>${input_company}</arg>
<arg>${company}</arg>
<doc>Types the given ``text`` into the text field identified by ``locator``.</doc>
<msg timestamp="20240512 19:12:10.817" level="INFO">Typing text 'ABC Company' into text field '//*[@id="AccountFrm_company"]'.</msg>
<status status="PASS" starttime="20240512 19:12:10.815" endtime="20240512 19:12:10.949"/>
</kw>
<kw name="Scroll Element Into View" library="SeleniumLibrary">
<arg>${input_address_1}</arg>
<doc>Scrolls the element identified by ``locator`` into view.</doc>
<status status="PASS" starttime="20240512 19:12:10.949" endtime="20240512 19:12:11.231"/>
</kw>
<kw name="Input Text" library="SeleniumLibrary">
<arg>${input_address_1}</arg>
<arg>${address1}</arg>
<doc>Types the given ``text`` into the text field identified by ``locator``.</doc>
<msg timestamp="20240512 19:12:11.232" level="INFO">Typing text '123 Main Street' into text field '//*[@id="AccountFrm_address_1"]'.</msg>
<status status="PASS" starttime="20240512 19:12:11.231" endtime="20240512 19:12:11.331"/>
</kw>
<kw name="Scroll Element Into View" library="SeleniumLibrary">
<arg>${input_address_2}</arg>
<doc>Scrolls the element identified by ``locator`` into view.</doc>
<status status="PASS" starttime="20240512 19:12:11.331" endtime="20240512 19:12:11.604"/>
</kw>
<kw name="Input Text" library="SeleniumLibrary">
<arg>${input_address_2}</arg>
<arg>${address2}</arg>
<doc>Types the given ``text`` into the text field identified by ``locator``.</doc>
<msg timestamp="20240512 19:12:11.605" level="INFO">Typing text '345 Second Street' into text field '//*[@id="AccountFrm_address_2"]'.</msg>
<status status="PASS" starttime="20240512 19:12:11.604" endtime="20240512 19:12:11.766"/>
</kw>
<kw name="Scroll Element Into View" library="SeleniumLibrary">
<arg>${input_city}</arg>
<doc>Scrolls the element identified by ``locator`` into view.</doc>
<status status="PASS" starttime="20240512 19:12:11.766" endtime="20240512 19:12:12.039"/>
</kw>
<kw name="Input Text" library="SeleniumLibrary">
<arg>${input_city}</arg>
<arg>${city}</arg>
<doc>Types the given ``text`` into the text field identified by ``locator``.</doc>
<msg timestamp="20240512 19:12:12.040" level="INFO">Typing text 'Ho Chi Minh' into text field '//*[@id="AccountFrm_city"]'.</msg>
<status status="PASS" starttime="20240512 19:12:12.039" endtime="20240512 19:12:12.140"/>
</kw>
<kw name="Scroll Element Into View" library="SeleniumLibrary">
<arg>${input_zip_code}</arg>
<doc>Scrolls the element identified by ``locator`` into view.</doc>
<status status="PASS" starttime="20240512 19:12:12.140" endtime="20240512 19:12:12.414"/>
</kw>
<kw name="Input Text" library="SeleniumLibrary">
<arg>${input_zip_code}</arg>
<arg>${postcode}</arg>
<doc>Types the given ``text`` into the text field identified by ``locator``.</doc>
<msg timestamp="20240512 19:12:12.417" level="INFO">Typing text 'SW1A 1AA' into text field '//*[@id="AccountFrm_postcode"]'.</msg>
<status status="PASS" starttime="20240512 19:12:12.416" endtime="20240512 19:12:12.581"/>
</kw>
<kw name="Scroll Element Into View" library="SeleniumLibrary">
<arg>${select_country}</arg>
<doc>Scrolls the element identified by ``locator`` into view.</doc>
<status status="PASS" starttime="20240512 19:12:12.581" endtime="20240512 19:12:12.852"/>
</kw>
<kw name="Select From List By Value" library="SeleniumLibrary">
<arg>${select_country}</arg>
<arg>${country}</arg>
<doc>Selects options from selection list ``locator`` by ``values``.</doc>
<msg timestamp="20240512 19:12:12.854" level="INFO">Selecting options from selection list '//*[@id="AccountFrm_country_id"]' by value 230.</msg>
<status status="PASS" starttime="20240512 19:12:12.853" endtime="20240512 19:12:12.992"/>
</kw>
<kw name="Scroll Element Into View" library="SeleniumLibrary">
<arg>${select_region}</arg>
<doc>Scrolls the element identified by ``locator`` into view.</doc>
<status status="PASS" starttime="20240512 19:12:12.992" endtime="20240512 19:12:13.275"/>
</kw>
<kw name="Wait Until Element Is Visible" library="SeleniumLibrary">
<arg>${select_region}</arg>
<doc>Waits until the element ``locator`` is visible.</doc>
<status status="PASS" starttime="20240512 19:12:13.275" endtime="20240512 19:12:13.309"/>
</kw>
<kw name="Wait Until Element Is Enabled" library="SeleniumLibrary">
<arg>${select_region}</arg>
<doc>Waits until the element ``locator`` is enabled.</doc>
<status status="PASS" starttime="20240512 19:12:13.310" endtime="20240512 19:12:13.341"/>
</kw>
<if>
<branch type="IF" condition="$is_empty_country == &quot;False&quot;">
<kw name="Wait Until Keyword Succeeds" library="BuiltIn">
<arg>10s</arg>
<arg>2s</arg>
<arg>Page Should Contain Element</arg>
<arg>//*[@id="AccountFrm_zone_id"]/option[@value='3780']</arg>
<doc>Runs the specified keyword and retries if it fails.</doc>
<kw name="Page Should Contain Element" library="SeleniumLibrary">
<arg>//*[@id="AccountFrm_zone_id"]/option[@value='3780']</arg>
<doc>Verifies that element ``locator`` is found on the current page.</doc>
<msg timestamp="20240512 19:12:13.354" level="INFO">Current page contains element '//*[@id="AccountFrm_zone_id"]/option[@value='3780']'.</msg>
<status status="PASS" starttime="20240512 19:12:13.341" endtime="20240512 19:12:13.355"/>
</kw>
<status status="PASS" starttime="20240512 19:12:13.341" endtime="20240512 19:12:13.355"/>
</kw>
<kw name="Select From List By Value" library="SeleniumLibrary">
<arg>${select_region}</arg>
<arg>${region}</arg>
<doc>Selects options from selection list ``locator`` by ``values``.</doc>
<msg timestamp="20240512 19:12:13.356" level="INFO">Selecting options from selection list '//*[@id="AccountFrm_zone_id"]' by value 3780.</msg>
<status status="PASS" starttime="20240512 19:12:13.355" endtime="20240512 19:12:13.426"/>
</kw>
<status status="PASS" starttime="20240512 19:12:13.341" endtime="20240512 19:12:13.426"/>
</branch>
<status status="PASS" starttime="20240512 19:12:13.341" endtime="20240512 19:12:13.426"/>
</if>
<kw name="Scroll Element Into View" library="SeleniumLibrary">
<arg>${input_login_name}</arg>
<doc>Scrolls the element identified by ``locator`` into view.</doc>
<status status="PASS" starttime="20240512 19:12:13.427" endtime="20240512 19:12:13.704"/>
</kw>
<kw name="Input Text" library="SeleniumLibrary">
<arg>${input_login_name}</arg>
<arg>${login_name}</arg>
<doc>Types the given ``text`` into the text field identified by ``locator``.</doc>
<msg timestamp="20240512 19:12:13.705" level="INFO">Typing text 'tommy_shopper113' into text field '//*[@id="AccountFrm_loginname"]'.</msg>
<status status="PASS" starttime="20240512 19:12:13.704" endtime="20240512 19:12:13.813"/>
</kw>
<kw name="Scroll Element Into View" library="SeleniumLibrary">
<arg>${input_password}</arg>
<doc>Scrolls the element identified by ``locator`` into view.</doc>
<status status="PASS" starttime="20240512 19:12:13.813" endtime="20240512 19:12:14.088"/>
</kw>
<kw name="Input Text" library="SeleniumLibrary">
<arg>${input_password}</arg>
<arg>${password}</arg>
<doc>Types the given ``text`` into the text field identified by ``locator``.</doc>
<msg timestamp="20240512 19:12:14.090" level="INFO">Typing text 'password123' into text field '//*[@id="AccountFrm_password"]'.</msg>
<status status="PASS" starttime="20240512 19:12:14.089" endtime="20240512 19:12:14.223"/>
</kw>
<kw name="Scroll Element Into View" library="SeleniumLibrary">
<arg>${input_confirm_password}</arg>
<doc>Scrolls the element identified by ``locator`` into view.</doc>
<status status="PASS" starttime="20240512 19:12:14.223" endtime="20240512 19:12:14.510"/>
</kw>
<kw name="Input Text" library="SeleniumLibrary">
<arg>${input_confirm_password}</arg>
<arg>${confirm_password}</arg>
<doc>Types the given ``text`` into the text field identified by ``locator``.</doc>
<msg timestamp="20240512 19:12:14.511" level="INFO">Typing text 'password123' into text field '//*[@id="AccountFrm_confirm"]'.</msg>
<status status="PASS" starttime="20240512 19:12:14.510" endtime="20240512 19:12:14.601"/>
</kw>
<status status="PASS" starttime="20240512 19:12:08.431" endtime="20240512 19:12:14.601"/>
</kw>
<kw name="Scroll Element Into View" library="SeleniumLibrary">
<arg>${checkbox_agree_policy}</arg>
<doc>Scrolls the element identified by ``locator`` into view.</doc>
<status status="PASS" starttime="20240512 19:12:14.601" endtime="20240512 19:12:14.876"/>
</kw>
<kw name="Click Button" library="SeleniumLibrary">
<arg>${checkbox_agree_policy}</arg>
<doc>Clicks the button identified by ``locator``.</doc>
<msg timestamp="20240512 19:12:14.877" level="INFO">Clicking button '//*[@id="AccountFrm_agree"]'.</msg>
<status status="PASS" starttime="20240512 19:12:14.876" endtime="20240512 19:12:14.944"/>
</kw>
<kw name="Scroll Element Into View" library="SeleniumLibrary">
<arg>${btn_register_submit}</arg>
<doc>Scrolls the element identified by ``locator`` into view.</doc>
<status status="PASS" starttime="20240512 19:12:14.944" endtime="20240512 19:12:15.227"/>
</kw>
<kw name="Click Button" library="SeleniumLibrary">
<arg>${btn_register_submit}</arg>
<doc>Clicks the button identified by ``locator``.</doc>
<msg timestamp="20240512 19:12:15.228" level="INFO">Clicking button '//*[@id="AccountFrm"]/div[5]/div/div/button'.</msg>
<status status="PASS" starttime="20240512 19:12:15.227" endtime="20240512 19:12:16.344"/>
</kw>
<kw name="Wait Until Element Is Visible" library="SeleniumLibrary">
<arg>${error_message}</arg>
<doc>Waits until the element ``locator`` is visible.</doc>
<status status="PASS" starttime="20240512 19:12:16.344" endtime="20240512 19:12:16.372"/>
</kw>
<kw name="Page Should Contain Element" library="SeleniumLibrary">
<arg>${error_message}</arg>
<doc>Verifies that element ``locator`` is found on the current page.</doc>
<msg timestamp="20240512 19:12:16.381" level="INFO">Current page contains element '//div[@id='maincontainer']/div[@class='container-fluid']/div[@class='col-md-12 col-xs-12 mt20']/div/div[@class='alert alert-error alert-danger']'.</msg>
<status status="PASS" starttime="20240512 19:12:16.372" endtime="20240512 19:12:16.381"/>
</kw>
<kw name="Get Text" library="SeleniumLibrary">
<var>${error_message_text}</var>
<arg>${error_message}</arg>
<doc>Returns the text value of the element identified by ``locator``.</doc>
<msg timestamp="20240512 19:12:16.403" level="INFO">${error_message_text} = ×
Error: E-Mail Address is already registered!</msg>
<status status="PASS" starttime="20240512 19:12:16.381" endtime="20240512 19:12:16.403"/>
</kw>
<kw name="Convert To Lower Case" library="String">
<var>${error_message_text}</var>
<arg>${error_message_text}</arg>
<doc>Converts string to lower case.</doc>
<msg timestamp="20240512 19:12:16.404" level="INFO">${error_message_text} = ×
error: e-mail address is already registered!</msg>
<status status="PASS" starttime="20240512 19:12:16.403" endtime="20240512 19:12:16.404"/>
</kw>
<kw name="Convert To Lower Case" library="String">
<var>${msg}</var>
<arg>e-mail address is already registered</arg>
<doc>Converts string to lower case.</doc>
<msg timestamp="20240512 19:12:16.404" level="INFO">${msg} = e-mail address is already registered</msg>
<status status="PASS" starttime="20240512 19:12:16.404" endtime="20240512 19:12:16.404"/>
</kw>
<kw name="Should Contain" library="BuiltIn">
<arg>${error_message_text}</arg>
<arg>${msg}</arg>
<doc>Fails if ``container`` does not contain ``item`` one or more times.</doc>
<status status="PASS" starttime="20240512 19:12:16.404" endtime="20240512 19:12:16.404"/>
</kw>
<status status="PASS" starttime="20240512 19:12:08.430" endtime="20240512 19:12:16.404"/>
</kw>
<kw name="Fix email then register successfully" library="register">
<arg>${new_email}</arg>
<kw name="Get Text" library="SeleniumLibrary">
<var>${pw_value}</var>
<arg>${input_password}</arg>
<doc>Returns the text value of the element identified by ``locator``.</doc>
<msg timestamp="20240512 19:12:16.422" level="INFO">${pw_value} = </msg>
<status status="PASS" starttime="20240512 19:12:16.405" endtime="20240512 19:12:16.423"/>
</kw>
<kw name="Get Text" library="SeleniumLibrary">
<var>${cpw_value}</var>
<arg>${input_confirm_password}</arg>
<doc>Returns the text value of the element identified by ``locator``.</doc>
<msg timestamp="20240512 19:12:16.440" level="INFO">${cpw_value} = </msg>
<status status="PASS" starttime="20240512 19:12:16.423" endtime="20240512 19:12:16.441"/>
</kw>
<kw name="Should Be Empty" library="BuiltIn">
<arg>${pw_value}</arg>
<doc>Verifies that the given item is empty.</doc>
<msg timestamp="20240512 19:12:16.441" level="INFO">Length is 0</msg>
<status status="PASS" starttime="20240512 19:12:16.441" endtime="20240512 19:12:16.441"/>
</kw>
<kw name="Should Be Empty" library="BuiltIn">
<arg>${cpw_value}</arg>
<doc>Verifies that the given item is empty.</doc>
<msg timestamp="20240512 19:12:16.441" level="INFO">Length is 0</msg>
<status status="PASS" starttime="20240512 19:12:16.441" endtime="20240512 19:12:16.441"/>
</kw>
<kw name="Scroll Element Into View" library="SeleniumLibrary">
<arg>${input_email}</arg>
<doc>Scrolls the element identified by ``locator`` into view.</doc>
<status status="PASS" starttime="20240512 19:12:16.441" endtime="20240512 19:12:16.709"/>
</kw>
<kw name="Input Text" library="SeleniumLibrary">
<arg>${input_email}</arg>
<arg>${email}</arg>
<doc>Types the given ``text`` into the text field identified by ``locator``.</doc>
<msg timestamp="20240512 19:12:16.709" level="INFO">Typing text 'tommy_shopper_100@gmail.com' into text field '//*[@id="AccountFrm_email"]'.</msg>
<status status="PASS" starttime="20240512 19:12:16.709" endtime="20240512 19:12:16.833"/>
</kw>
<kw name="Scroll Element Into View" library="SeleniumLibrary">
<arg>${input_password}</arg>
<doc>Scrolls the element identified by ``locator`` into view.</doc>
<status status="PASS" starttime="20240512 19:12:16.833" endtime="20240512 19:12:17.104"/>
</kw>
<kw name="Input Text" library="SeleniumLibrary">
<arg>${input_password}</arg>
<arg>password123</arg>
<doc>Types the given ``text`` into the text field identified by ``locator``.</doc>
<msg timestamp="20240512 19:12:17.104" level="INFO">Typing text 'password123' into text field '//*[@id="AccountFrm_password"]'.</msg>
<status status="PASS" starttime="20240512 19:12:17.104" endtime="20240512 19:12:17.192"/>
</kw>
<kw name="Scroll Element Into View" library="SeleniumLibrary">
<arg>${input_confirm_password}</arg>
<doc>Scrolls the element identified by ``locator`` into view.</doc>
<status status="PASS" starttime="20240512 19:12:17.192" endtime="20240512 19:12:17.462"/>
</kw>
<kw name="Input Text" library="SeleniumLibrary">
<arg>${input_confirm_password}</arg>
<arg>password123</arg>
<doc>Types the given ``text`` into the text field identified by ``locator``.</doc>
<msg timestamp="20240512 19:12:17.463" level="INFO">Typing text 'password123' into text field '//*[@id="AccountFrm_confirm"]'.</msg>
<status status="PASS" starttime="20240512 19:12:17.463" endtime="20240512 19:12:17.575"/>
</kw>
<kw name="Scroll Element Into View" library="SeleniumLibrary">
<arg>${btn_register_submit}</arg>
<doc>Scrolls the element identified by ``locator`` into view.</doc>
<status status="PASS" starttime="20240512 19:12:17.575" endtime="20240512 19:12:17.844"/>
</kw>
<kw name="Click Button" library="SeleniumLibrary">
<arg>${btn_register_submit}</arg>
<doc>Clicks the button identified by ``locator``.</doc>
<msg timestamp="20240512 19:12:17.845" level="INFO">Clicking button '//*[@id="AccountFrm"]/div[5]/div/div/button'.</msg>
<status status="PASS" starttime="20240512 19:12:17.844" endtime="20240512 19:12:19.610"/>
</kw>
<kw name="Wait Until Keyword Succeeds" library="BuiltIn">
<arg>10s</arg>
<arg>2s</arg>
<arg>Location Should Be</arg>
<arg>${REGISTER_SUCCESS_URL}</arg>
<doc>Runs the specified keyword and retries if it fails.</doc>
<kw name="Location Should Be" library="SeleniumLibrary">
<arg>${REGISTER_SUCCESS_URL}</arg>
<doc>Verifies that the current URL is exactly ``url``.</doc>
<msg timestamp="20240512 19:12:19.618" level="INFO">Current location is 'https://automationteststore.com/index.php?rt=account/success'.</msg>
<status status="PASS" starttime="20240512 19:12:19.611" endtime="20240512 19:12:19.618"/>
</kw>
<status status="PASS" starttime="20240512 19:12:19.610" endtime="20240512 19:12:19.618"/>
</kw>
<kw name="Page Should Contain" library="SeleniumLibrary">
<arg>Your Account Has Been Created!</arg>
<doc>Verifies that current page contains ``text``.</doc>
<msg timestamp="20240512 19:12:19.637" level="INFO">Current page contains text 'Your Account Has Been Created!'.</msg>
<status status="PASS" starttime="20240512 19:12:19.619" endtime="20240512 19:12:19.637"/>
</kw>
<status status="PASS" starttime="20240512 19:12:16.405" endtime="20240512 19:12:19.637"/>
</kw>
<kw name="Closing my browser" library="common" type="TEARDOWN">
<kw name="Close Browser" library="SeleniumLibrary">
<doc>Closes the current browser.</doc>
<status status="PASS" starttime="20240512 19:12:19.638" endtime="20240512 19:12:21.777"/>
</kw>
<status status="PASS" starttime="20240512 19:12:19.638" endtime="20240512 19:12:21.777"/>
</kw>
<doc>Register with existed email</doc>
<tag>Register</tag>
<status status="PASS" starttime="20240512 19:11:46.337" endtime="20240512 19:12:21.779"/>
</test>
<doc>Module1 - Shop page</doc>
<status status="PASS" starttime="20240512 18:58:09.830" endtime="20240512 19:12:21.785"/>
</suite>
<statistics>
<total>
<stat pass="28" fail="0" skip="0">All Tests</stat>
</total>
<tag>
<stat pass="28" fail="0" skip="0">Register</stat>
</tag>
<suite>
<stat pass="28" fail="0" skip="0" id="s1" name="Test Register">Test Register</stat>
</suite>
</statistics>
<errors>
</errors>
</robot>
